Sequence 		tRNA  	Bounds	tRNA	Anti	Intron Bounds	Inf	      
Name     	tRNA #	Begin 	End   	Type	Codon	Begin	End	Score	Note
-------- 	------	----- 	------	----	-----	-----	----	------	------
Baya_001 	1	212366	212438	Ala	AGC	0	0	52.4	
Baya_001 	2	212558	212478	Ser	AGA	0	0	69.8	
Baya_001 	3	148116	148046	Gly	GCC	0	0	69.8	
Baya_001 	4	147984	147913	Thr	AGT	0	0	71.4	
Baya_002 	1	215775	215847	Lys	CTT	0	0	86.2	
Baya_002 	2	309211	309140	Thr	CGT	0	0	70.2	
Baya_002 	3	215703	215631	Lys	CTT	0	0	86.2	
Baya_017 	1	7232  	7303  	Pro	AGG	0	0	66.6	
Baya_021 	1	68911 	68983 	Lys	CTT	0	0	86.2	
Baya_022 	1	56667 	56738 	Thr	CGT	0	0	70.2	
Baya_022 	2	56815 	56887 	Asn	GTT	0	0	73.2	
Baya_023 	1	107701	107773	Phe	GAA	0	0	91.0	
Baya_023 	2	108023	107950	Ile	AAT	0	0	80.1	
Baya_023 	3	107892	107812	Ser	AGA	0	0	69.8	
Baya_024 	1	139   	211   	Lys	CTT	0	0	86.2	
Baya_025 	1	125   	205   	Ser	GCT	0	0	79.3	
Baya_029 	1	123149	123220	iMet	CAT	0	0	71.5	
Baya_029 	2	123074	122992	Leu	CAG	0	0	75.7	
Baya_059 	1	43650 	43721 	Gln	CTG	0	0	66.2	
Baya_059 	2	43776 	43847 	Pro	CGG	0	0	73.0	
Baya_059 	3	43907 	43988 	Leu	TAA	0	0	60.8	
Baya_062 	1	5414  	5485  	Cys	GCA	0	0	77.9	
Baya_062 	2	5613  	5542  	Pro	TGG	0	0	68.7	
Baya_065 	1	100023	100103	Ser	TGA	0	0	72.1	
Baya_065 	2	100589	100672	Tyr	GTA	100626	100636	72.4	
Baya_065 	3	100512	100439	Val	AAC	0	0	61.8	
Baya_065 	4	100382	100309	Ile	AAT	0	0	80.1	
Baya_065 	5	100242	100170	Met	CAT	0	0	70.0	
Baya_065 	6	99949 	99870 	Leu	TAG	0	0	76.6	
Baya_073 	1	60906 	60977 	Cys	GCA	0	0	77.9	
Baya_074 	1	41864 	41944 	Ser	CGA	0	0	65.3	
Baya_074 	2	42003 	42084 	Leu	CAA	0	0	77.1	
Baya_076 	1	93160 	93231 	Arg	ACG	0	0	72.4	
Baya_077 	1	91398 	91468 	Gly	CCC	0	0	73.2	
Baya_077 	2	91235 	91164 	Ala	CGC	0	0	73.8	
Baya_087 	1	51747 	51834 	SeC	TCA	0	0	110.2	
Baya_104 	1	68252 	68324 	Arg	TCT	0	0	71.0	
Baya_104 	2	68382 	68453 	Glu	CTC	0	0	65.4	
Baya_104 	3	68583 	68511 	Asn	GTT	0	0	73.2	
Baya_104 	4	67677 	67606 	Ala	TGC	0	0	72.9	
Baya_104 	5	67187 	67116 	Lys	TTT	0	0	88.4	
Baya_104 	6	67059 	66987 	Arg	CCT	0	0	62.3	
Baya_130 	1	22348 	22419 	Arg	ACG	0	0	72.4	
Baya_162 	1	133   	205   	Ala	AGC	0	0	52.4	
Baya_168 	1	310   	381   	iMet	CAT	0	0	71.5	
Baya_168 	2	236   	154   	Leu	CAG	0	0	75.7	
Baya_178 	1	150   	80    	Gly	GCC	0	0	69.8	
Baya_228 	1	165   	93    	Val	CAC	0	0	66.2	
Baya_237 	1	18404 	18475 	Arg	TCG	0	0	73.1	
Baya_237 	2	18532 	18614 	Leu	CAG	0	0	75.7	
Baya_237 	3	18670 	18741 	Gln	TTG	0	0	77.9	
Baya_237 	4	18798 	18870 	Val	TAC	0	0	71.7	
Baya_237 	5	19057 	19128 	Trp	CCA	0	0	77.1	
Baya_237 	6	19537 	19466 	Arg	ACG	0	0	72.4	
Baya_237 	7	18983 	18912 	Gly	TCC	0	0	66.0	
Baya_237 	8	18329 	18258 	Thr	TGT	0	0	72.6	
Baya_237 	9	17864 	17791 	Ile	TAT	0	0	76.7	
Baya_294 	1	9666  	9737  	Asp	GTC	0	0	70.6	
Baya_294 	2	9795  	9867  	Asn	GTT	0	0	73.2	
Baya_294 	3	9923  	9994  	Glu	CTC	0	0	65.4	
Baya_296 	1	1221  	1293  	Val	CAC	0	0	66.2	
Baya_296 	2	1351  	1421  	His	GTG	0	0	60.8	
Baya_296 	3	1544  	1473  	Glu	TTC	0	0	62.9	
Baya_296 	4	1149  	1078  	Arg	CCG	0	0	71.2	
Baya_297 	1	60    	130   	Gly	GCC	0	0	69.8	
Baya_297 	2	184   	255   	Glu	CTC	0	0	65.4	
Baya_300 	1	109   	180   	Trp	CCA	0	0	76.4	
Baya_312 	1	740   	659   	Leu	AAG	0	0	76.4	
Baya_357 	1	83    	153   	His	GTG	0	0	60.8	
