Sequence 		tRNA  	Bounds	tRNA	Anti	Intron Bounds	Inf	      
Name     	tRNA #	Begin 	End   	Type	Codon	Begin	End	Score	Note
-------- 	------	----- 	------	----	-----	-----	----	------	------
CfaC1_01 	1	181244	181315	Trp	CCA	0	0	79.5	
CfaC1_01 	2	408538	408610	Val	CAC	0	0	65.2	
CfaC1_02 	1	380166	380237	Arg	ACG	0	0	72.0	
CfaC1_04 	1	555731	555803	Lys	CTT	0	0	86.2	
CfaC1_04 	2	556060	555988	Asn	GTT	0	0	73.2	
CfaC1_04 	3	555926	555856	Gly	GCC	0	0	69.8	
CfaC1_05 	1	279127	279198	iMet	CAT	0	0	67.9	
CfaC1_05 	2	279262	279344	Leu	CAG	0	0	75.3	
CfaC1_05 	3	416364	416436	Val	CAC	0	0	65.2	
CfaC1_05 	4	416500	416570	His	GTG	0	0	62.0	
CfaC1_05 	5	416631	416703	Phe	GAA	0	0	91.0	
CfaC1_05 	6	439021	439092	Arg	CCG	0	0	66.8	
CfaC1_05 	7	439159	439229	His	GTG	0	0	62.0	
CfaC1_05 	8	438946	438874	Val	CAC	0	0	65.2	
CfaC1_05 	9	438811	438740	Glu	TTC	0	0	63.5	
CfaC1_06 	1	244747	244819	Ala	AGC	0	0	54.8	
CfaC1_07 	1	173646	173717	Ala	CGC	0	0	73.4	
CfaC1_07 	2	173778	173848	Gly	CCC	0	0	72.8	
CfaC1_07 	3	183575	183656	Leu	AAG	0	0	74.7	
CfaC1_07 	4	414384	414455	Arg	ACG	0	0	72.0	
CfaC1_07 	5	414305	414233	Met	CAT	0	0	72.5	
CfaC1_07 	6	183500	183429	Ala	CGC	0	0	73.4	
CfaC1_07 	7	173570	173489	Leu	AAG	0	0	74.7	
CfaC1_07 	8	173415	173343	Lys	CTT	0	0	86.2	
CfaC1_08 	1	465921	465850	Arg	ACG	0	0	72.0	
CfaC1_08 	2	453317	453246	Arg	ACG	0	0	72.0	
CfaC1_09 	1	322205	322285	Ser	GCT	0	0	76.7	
CfaC1_09 	2	322346	322418	Ala	AGC	0	0	54.8	
CfaC1_09 	3	322128	322057	Asp	GTC	0	0	70.6	
CfaC1_10 	1	561082	561153	Thr	CGT	0	0	70.2	
CfaC1_11 	1	299004	298933	Pro	CGG	0	0	70.5	
CfaC1_11 	2	284890	284819	Ala	CGC	0	0	73.4	
CfaC1_12 	1	484814	484743	Gln	CTG	0	0	67.2	
CfaC1_13 	1	403195	403266	Pro	AGG	0	0	66.6	
CfaC1_13 	2	403327	403400	Val	AAC	0	0	60.8	
CfaC1_13 	3	403461	403533	Lys	CTT	0	0	86.2	
CfaC1_15 	1	198177	198249	Lys	CTT	0	0	86.2	
CfaC1_15 	2	235929	236002	Ile	TAT	0	0	80.3	
CfaC1_15 	3	236615	236697	Leu	CAG	0	0	75.3	
CfaC1_15 	4	236885	236956	Arg	TCG	0	0	73.4	
CfaC1_15 	5	237385	237457	Lys	TTT	0	0	84.3	
CfaC1_15 	6	237522	237593	Gly	TCC	0	0	66.0	
CfaC1_15 	7	237084	237013	Trp	CCA	0	0	79.5	
CfaC1_15 	8	236811	236740	Thr	TGT	0	0	72.8	
CfaC1_15 	9	236386	236315	Arg	ACG	0	0	72.0	
CfaC1_15 	10	236254	236183	Gln	TTG	0	0	75.8	
CfaC1_15 	11	236118	236046	Val	TAC	0	0	71.7	
CfaC1_18 	1	501592	501665	Ile	AAT	0	0	80.1	
CfaC1_20 	1	794172	794092	Ser	CGA	0	0	67.6	
CfaC1_20 	2	794029	793948	Leu	CAA	0	0	77.1	
CfaC1_21 	1	246705	246776	Pro	CGG	0	0	70.5	
CfaC1_22 	1	638034	638121	SeC	TCA	0	0	124.7	
CfaC1_22 	2	1068484	1068413	Glu	CTC	0	0	65.2	
CfaC1_23 	1	976089	976161	Met	CAT	0	0	72.5	
CfaC1_24 	1	1103407	1103478	Asp	GTC	0	0	70.6	
CfaC1_24 	2	1103601	1103530	Glu	CTC	0	0	65.2	
CfaC1_25 	1	975256	975326	Gly	GCC	0	0	69.8	
CfaC1_25 	2	975390	975461	Thr	AGT	0	0	73.6	
CfaC1_25 	3	977256	977327	Pro	AGG	0	0	66.6	
CfaC1_25 	4	1231721	1231792	Gln	CTG	0	0	67.2	
CfaC1_25 	5	1232155	1232228	Ile	AAT	0	0	75.1	
CfaC1_25 	6	1232071	1231990	Leu	TAA	0	0	61.7	
CfaC1_25 	7	1231915	1231842	Ile	AAT	0	0	80.1	
CfaC1_25 	8	977182	977112	Gly	GCC	0	0	69.8	
CfaC1_25 	9	977048	976977	Thr	AGT	0	0	73.6	
CfaC1_25 	10	466364	466293	Asp	GTC	0	0	70.6	
CfaC1_25 	11	466229	466158	Arg	ACG	0	0	72.0	
CfaC1_25 	12	466095	466024	Thr	AGT	0	0	73.6	
CfaC1_25 	13	465954	465871	Tyr	GTA	465917	465907	72.4	
CfaC1_26 	1	1051497	1051569	Val	CAC	0	0	65.2	
CfaC1_26 	2	1071967	1071896	Thr	CGT	0	0	70.2	
CfaC1_26 	3	172334	172254	Ser	GCT	0	0	76.7	
CfaC1_27 	1	599231	599301	Gly	GCC	0	0	69.8	
CfaC1_27 	2	1794140	1794212	Phe	GAA	0	0	91.0	
CfaC1_27 	3	1794338	1794258	Ser	AGA	0	0	68.7	
CfaC1_27 	4	1212307	1212225	Leu	CAG	0	0	75.3	
CfaC1_27 	5	1019500	1019429	Asp	GTC	0	0	70.6	
CfaC1_27 	6	925789	925718	Arg	ACG	0	0	72.0	
CfaC1_27 	7	599428	599357	Glu	CTC	0	0	65.2	
CfaC1_27 	8	305894	305821	Val	AAC	0	0	60.8	
CfaC1_27 	9	250043	249971	Ala	AGC	0	0	54.8	
CfaC1_28 	1	158989	159060	Ala	TGC	0	0	70.1	
CfaC1_28 	2	159121	159192	Glu	CTC	0	0	65.2	
CfaC1_28 	3	1421960	1422040	Ser	CGA	0	0	67.6	
CfaC1_28 	4	1962686	1962757	Cys	GCA	0	0	72.6	
CfaC1_28 	5	1963098	1963169	Pro	TGG	0	0	68.7	
CfaC1_28 	6	1963025	1962954	iMet	CAT	0	0	67.9	
CfaC1_28 	7	1962893	1962812	Leu	AAG	0	0	74.7	
CfaC1_28 	8	1188715	1188644	Gln	CTG	0	0	67.2	
CfaC1_28 	9	527343	527271	Lys	CTT	0	0	86.2	
CfaC1_28 	10	158905	158833	Arg	TCT	0	0	70.2	
CfaC1_28 	11	158761	158689	Arg	CCT	0	0	74.2	
CfaC1_29 	1	1114278	1114361	Tyr	GTA	1114315	1114325	72.4	
CfaC1_29 	2	1114422	1114495	Ile	AAT	0	0	80.1	
CfaC1_29 	3	1114561	1114633	Met	CAT	0	0	72.5	
CfaC1_29 	4	1114884	1114964	Ser	TGA	0	0	71.3	
CfaC1_29 	5	1875106	1875177	Pro	CGG	0	0	70.5	
CfaC1_29 	6	1875237	1875309	Asn	GTT	0	0	73.2	
CfaC1_29 	7	1875026	1874955	Thr	CGT	0	0	70.2	
CfaC1_29 	8	1874895	1874812	Tyr	GTA	1874858	1874848	72.4	
CfaC1_29 	9	1874750	1874678	Asn	GTT	0	0	73.2	
CfaC1_29 	10	1114810	1114731	Leu	TAG	0	0	76.6	
CfaC1_29 	11	1114204	1114131	Val	AAC	0	0	60.8	
CfaC1_30 	1	37711 	37782 	Cys	GCA	0	0	72.6	
CfaC1_30 	2	600167	600238	Arg	ACG	0	0	72.0	
