Sequence   		tRNA  	Bounds	tRNA	Anti	Intron Bounds	Inf	      
Name       	tRNA #	Begin 	End   	Type	Codon	Begin	End	Score	Note
--------   	------	----- 	------	----	-----	-----	----	------	------
EmoLV88_03 	1	226033	226105	Lys	CTT	0	0	86.2	
EmoLV88_03 	2	226860	226932	Lys	CTT	0	0	86.2	
EmoLV88_05 	1	349359	349430	Arg	ACG	0	0	72.0	
EmoLV88_06 	1	64729 	64642 	SeC	TCA	0	0	124.7	
EmoLV88_07 	1	386278	386207	Arg	ACG	0	0	72.0	
EmoLV88_09 	1	258382	258453	iMet	CAT	0	0	67.9	
EmoLV88_09 	2	258511	258593	Leu	CAG	0	0	75.3	
EmoLV88_09 	3	259740	259822	Leu	CAG	0	0	75.3	
EmoLV88_09 	4	260298	260380	Leu	CAG	0	0	75.3	
EmoLV88_09 	5	391489	391561	Val	CAC	0	0	65.2	
EmoLV88_09 	6	392583	392653	His	GTG	0	0	62.0	
EmoLV88_09 	7	404311	404382	Arg	CCG	0	0	66.8	
EmoLV88_09 	8	404447	404517	His	GTG	0	0	62.0	
EmoLV88_09 	9	404237	404165	Val	CAC	0	0	65.2	
EmoLV88_09 	10	403912	403841	Glu	TTC	0	0	61.0	
EmoLV88_09 	11	392932	392860	Phe	GAA	0	0	91.0	
EmoLV88_09 	12	389948	389877	iMet	CAT	0	0	67.9	
EmoLV88_09 	13	389819	389737	Leu	CAG	0	0	75.3	
EmoLV88_10 	1	290704	290776	Lys	CTT	0	0	86.2	
EmoLV88_10 	2	291186	291258	Lys	CTT	0	0	86.2	
EmoLV88_10 	3	291549	291477	Asn	GTT	0	0	73.2	
EmoLV88_11 	1	161638	161709	Ala	CGC	0	0	73.8	
EmoLV88_11 	2	378458	378529	Arg	ACG	0	0	72.0	
EmoLV88_11 	3	378383	378311	Met	CAT	0	0	72.5	
EmoLV88_11 	4	168771	168700	Ala	CGC	0	0	73.8	
EmoLV88_11 	5	168643	168573	Gly	CCC	0	0	47.1	
EmoLV88_11 	6	167852	167781	Ala	CGC	0	0	73.8	
EmoLV88_11 	7	167724	167654	Gly	CCC	0	0	72.8	
EmoLV88_11 	8	161562	161481	Leu	AAG	0	0	74.7	
EmoLV88_15 	1	269326	269397	Glu	CTC	0	0	65.2	
EmoLV88_15 	2	276441	276512	Glu	CTC	0	0	65.2	
EmoLV88_15 	3	276627	276556	Asp	GTC	0	0	70.6	
EmoLV88_15 	4	269512	269441	Asp	GTC	0	0	70.6	
EmoLV88_16 	1	417143	417072	Gln	CTG	0	0	67.2	
EmoLV88_17 	1	274910	274990	Ser	GCT	0	0	77.0	
EmoLV88_17 	2	275050	275122	Ala	AGC	0	0	54.8	
EmoLV88_17 	3	274831	274760	Asp	GTC	0	0	70.6	
EmoLV88_21 	1	429318	429389	Pro	AGG	0	0	66.6	
EmoLV88_21 	2	429496	429569	Val	AAC	0	0	60.8	
EmoLV88_21 	3	429642	429714	Lys	CTT	0	0	86.2	
EmoLV88_21 	4	149886	149806	Ser	GCT	0	0	77.0	
EmoLV88_21 	5	149378	149298	Ser	GCT	0	0	77.0	
EmoLV88_23 	1	200434	200507	Ile	TAT	0	0	77.4	
EmoLV88_23 	2	202771	202842	Arg	TCG	0	0	73.4	
EmoLV88_23 	3	203209	203281	Lys	TTT	0	0	89.4	
EmoLV88_23 	4	203494	203565	Trp	CCA	0	0	81.6	
EmoLV88_23 	5	203415	203344	Gly	TCC	0	0	66.0	
EmoLV88_23 	6	202699	202628	Thr	TGT	0	0	72.8	
EmoLV88_23 	7	202559	202477	Leu	CAG	0	0	75.3	
EmoLV88_23 	8	200764	200693	Gln	TTG	0	0	77.7	
EmoLV88_23 	9	200632	200560	Val	TAC	0	0	71.7	
EmoLV88_24 	1	55347 	55418 	Pro	CGG	0	0	70.8	
EmoLV88_24 	2	492493	492564	Gln	CTG	0	0	67.2	
EmoLV88_24 	3	492870	492943	Ile	AAT	0	0	80.1	
EmoLV88_24 	4	493371	493441	Ile	AAT	0	0	58.5	
EmoLV88_24 	5	494421	494494	Ile	AAT	0	0	80.1	
EmoLV88_24 	6	550772	550701	Asp	GTC	0	0	70.6	
EmoLV88_24 	7	494286	494213	Ile	AAT	0	0	80.1	
EmoLV88_24 	8	493976	493903	Ile	AAT	0	0	80.1	
EmoLV88_24 	9	492793	492712	Leu	TAA	0	0	61.7	
EmoLV88_26 	1	1032373	1032444	Ala	CGC	0	0	68.0	
EmoLV88_30 	1	825191	825120	Thr	CGT	0	0	70.2	
EmoLV88_31 	1	191018	191090	Ala	AGC	0	0	54.8	
EmoLV88_31 	2	409190	409260	Gly	GCC	0	0	69.8	
EmoLV88_31 	3	1203453	1203525	Phe	GAA	0	0	91.0	
EmoLV88_31 	4	1203658	1203578	Ser	AGA	0	0	66.4	
EmoLV88_31 	5	1187018	1186947	Trp	CCA	0	0	81.6	
EmoLV88_31 	6	409374	409303	Glu	CTC	0	0	65.2	
EmoLV88_33 	1	114992	115063	Ala	TGC	0	0	72.9	
EmoLV88_33 	2	442439	442519	Ser	CGA	0	0	67.6	
EmoLV88_33 	3	114913	114841	Arg	TCT	0	0	74.5	
EmoLV88_33 	4	114783	114711	Arg	CCT	0	0	76.0	
EmoLV88_34 	1	422502	422585	Tyr	GTA	422539	422549	72.4	
EmoLV88_34 	2	422646	422719	Ile	AAT	0	0	80.1	
EmoLV88_34 	3	422782	422854	Met	CAT	0	0	72.5	
EmoLV88_34 	4	423048	423128	Ser	TGA	0	0	72.1	
EmoLV88_34 	5	1246520	1246591	Pro	CGG	0	0	70.8	
EmoLV88_34 	6	1246651	1246723	Asn	GTT	0	0	73.2	
EmoLV88_34 	7	1246442	1246371	Thr	CGT	0	0	70.2	
EmoLV88_34 	8	1246313	1246230	Tyr	GTA	1246276	1246266	72.4	
EmoLV88_34 	9	1246145	1246073	Asn	GTT	0	0	73.2	
EmoLV88_34 	10	422976	422897	Leu	TAG	0	0	76.6	
EmoLV88_34 	11	422285	422212	Val	AAC	0	0	60.8	
EmoLV88_36 	1	483400	483471	Thr	AGT	0	0	71.4	
EmoLV88_36 	2	483540	483623	Tyr	GTA	483577	483587	72.4	
EmoLV88_36 	3	1037614	1037685	Pro	AGG	0	0	66.6	
EmoLV88_36 	4	1886634	1886714	Ser	CGA	0	0	67.6	
EmoLV88_36 	5	1886774	1886855	Leu	CAA	0	0	77.1	
EmoLV88_36 	6	3524302	3524373	Cys	GCA	0	0	77.9	
EmoLV88_36 	7	3527728	3527799	Cys	GCA	0	0	77.9	
EmoLV88_36 	8	3529547	3529618	Pro	TGG	0	0	68.7	
EmoLV88_36 	9	3530026	3530097	Pro	TGG	0	0	68.7	
EmoLV88_36 	10	3529953	3529882	iMet	CAT	0	0	67.9	
EmoLV88_36 	11	3529474	3529403	iMet	CAT	0	0	67.9	
EmoLV88_36 	12	3529341	3529260	Leu	AAG	0	0	74.7	
EmoLV88_36 	13	1624139	1624068	Gln	CTG	0	0	67.2	
EmoLV88_36 	14	1037541	1037471	Gly	GCC	0	0	69.8	
EmoLV88_36 	15	1037413	1037342	Thr	AGT	0	0	71.4	
EmoLV88_36 	16	1034843	1034773	Gly	GCC	0	0	69.8	
EmoLV88_36 	17	1034715	1034644	Thr	AGT	0	0	71.4	
EMOLV88_SCAF000471	1	256   	185   	Thr	AGT	0	0	71.4	
EMOLV88_SCAF000892	1	152   	70    	Leu	CAG	0	0	75.3	
EMOLV88_SCAF001534	1	266   	195   	iMet	CAT	0	0	67.9	
EMOLV88_SCAF001534	2	137   	55    	Leu	CAG	0	0	75.3	
EMOLV88_SCAF001713	1	1368  	1439  	Arg	ACG	0	0	72.0	
