Sequence   		tRNA  	Bounds	tRNA	Anti	Intron Bounds	Inf	      
Name       	tRNA #	Begin 	End   	Type	Codon	Begin	End	Score	Note
--------   	------	----- 	------	----	-----	-----	----	------	------
LaeL147_03 	1	253738	253810	Lys	CTT	0	0	86.2	
LaeL147_05 	1	406486	406557	Arg	ACG	0	0	72.0	
LaeL147_06 	1	61021 	60934 	SeC	TCA	0	0	124.7	
LaeL147_07 	1	370513	370442	Arg	ACG	0	0	72.0	
LaeL147_09 	1	262754	262825	iMet	CAT	0	0	67.9	
LaeL147_09 	2	262886	262968	Leu	CAG	0	0	75.3	
LaeL147_09 	3	394793	394865	Val	CAC	0	0	65.2	
LaeL147_09 	4	395120	395190	His	GTG	0	0	62.0	
LaeL147_09 	5	407856	407927	Arg	CCG	0	0	66.8	
LaeL147_09 	6	407994	408064	His	GTG	0	0	62.0	
LaeL147_09 	7	407781	407709	Val	CAC	0	0	65.2	
LaeL147_09 	8	407469	407398	Glu	TTC	0	0	61.0	
LaeL147_09 	9	395444	395372	Phe	GAA	0	0	91.0	
LaeL147_10 	1	497973	498045	Lys	CTT	0	0	86.2	
LaeL147_10 	2	498283	498211	Asn	GTT	0	0	73.2	
LaeL147_10 	3	498156	498086	Gly	GCC	0	0	69.8	
LaeL147_11 	1	150156	150227	Ala	CGC	0	0	72.7	
LaeL147_11 	2	363474	363545	Arg	ACG	0	0	72.0	
LaeL147_11 	3	363398	363326	Met	CAT	0	0	72.5	
LaeL147_11 	4	155890	155819	Ala	CGC	0	0	72.7	
LaeL147_11 	5	155757	155687	Gly	CCC	0	0	72.8	
LaeL147_11 	6	150082	150001	Leu	AAG	0	0	74.7	
LaeL147_15 	1	287606	287677	Asp	GTC	0	0	70.6	
LaeL147_15 	2	287789	287718	Glu	CTC	0	0	65.2	
LaeL147_16 	1	393585	393514	Gln	CTG	0	0	67.2	
LaeL147_17 	1	304620	304700	Ser	GCT	0	0	77.0	
LaeL147_17 	2	304761	304833	Ala	AGC	0	0	54.8	
LaeL147_17 	3	304543	304472	Asp	GTC	0	0	70.6	
LaeL147_21 	1	438389	438460	Pro	AGG	0	0	66.6	
LaeL147_21 	2	438590	438663	Val	AAC	0	0	61.8	
LaeL147_21 	3	438727	438799	Lys	CTT	0	0	86.2	
LaeL147_21 	4	158981	158901	Ser	GCT	0	0	79.3	
LaeL147_23 	1	244840	244913	Ile	TAT	0	0	80.6	
LaeL147_23 	2	245994	246065	Arg	TCG	0	0	73.4	
LaeL147_23 	3	246365	246437	Lys	TTT	0	0	82.3	
LaeL147_23 	4	246624	246695	Trp	CCA	0	0	74.9	
LaeL147_23 	5	246548	246477	Gly	TCC	0	0	66.0	
LaeL147_23 	6	245921	245850	Thr	TGT	0	0	72.8	
LaeL147_23 	7	245788	245706	Leu	CAG	0	0	75.3	
LaeL147_23 	8	245483	245412	Arg	ACG	0	0	72.0	
LaeL147_23 	9	245169	245098	Gln	TTG	0	0	80.2	
LaeL147_23 	10	245031	244959	Val	TAC	0	0	71.7	
LaeL147_24 	1	195258	195329	Pro	CGG	0	0	70.5	
LaeL147_24 	2	619352	619423	Gln	CTG	0	0	67.2	
LaeL147_24 	3	619804	619877	Ile	AAT	0	0	80.1	
LaeL147_24 	4	621901	621974	Ile	AAT	0	0	80.1	
LaeL147_24 	5	679371	679300	Asp	GTC	0	0	70.6	
LaeL147_24 	6	619719	619638	Leu	TAA	0	0	62.4	
LaeL147_29 	1	832461	832381	Ser	CGA	0	0	67.6	
LaeL147_29 	2	832323	832242	Leu	CAA	0	0	77.1	
LaeL147_30 	1	759264	759193	Thr	CGT	0	0	70.2	
LaeL147_31 	1	173970	174042	Ala	AGC	0	0	54.8	
LaeL147_31 	2	416013	416083	Gly	GCC	0	0	69.8	
LaeL147_31 	3	1145617	1145689	Phe	GAA	0	0	91.0	
LaeL147_31 	4	1145826	1145746	Ser	AGA	0	0	69.8	
LaeL147_31 	5	416203	416132	Glu	CTC	0	0	65.2	
LaeL147_33 	1	101366	101437	Ala	TGC	0	0	72.9	
LaeL147_33 	2	101290	101218	Arg	TCT	0	0	72.7	
LaeL147_33 	3	101157	101085	Arg	CCT	0	0	76.0	
LaeL147_34 	1	459789	459862	Ile	AAT	0	0	80.1	
LaeL147_34 	2	459924	459996	Met	CAT	0	0	72.5	
LaeL147_34 	3	460186	460266	Ser	TGA	0	0	71.3	
LaeL147_34 	4	1330705	1330776	Thr	CGT	0	0	70.2	
LaeL147_34 	5	1330840	1330923	Tyr	GTA	1330877	1330887	72.4	
LaeL147_34 	6	1330982	1331054	Asn	GTT	0	0	73.2	
LaeL147_34 	7	1330621	1330550	Pro	CGG	0	0	70.5	
LaeL147_34 	8	1330489	1330417	Asn	GTT	0	0	73.2	
LaeL147_34 	9	460111	460032	Leu	TAG	0	0	76.6	
LaeL147_34 	10	459549	459476	Val	AAC	0	0	61.8	
LaeL147_36 	1	487336	487407	Thr	AGT	0	0	71.4	
LaeL147_36 	2	487485	487568	Tyr	GTA	487522	487532	72.4	
LaeL147_36 	3	1032618	1032688	Gly	GCC	0	0	69.8	
LaeL147_36 	4	1033914	1033985	Pro	AGG	0	0	66.6	
LaeL147_36 	5	2464126	2464197	Cys	GCA	0	0	77.9	
LaeL147_36 	6	2465274	2465345	Pro	TGG	0	0	68.7	
LaeL147_36 	7	2465199	2465128	iMet	CAT	0	0	67.9	
LaeL147_36 	8	2465064	2464983	Leu	AAG	0	0	74.7	
LaeL147_36 	9	1607851	1607780	Gln	CTG	0	0	67.2	
LaeL147_36 	10	1033840	1033770	Gly	GCC	0	0	69.8	
LaeL147_36 	11	1033707	1033636	Thr	AGT	0	0	71.4	
LaeL147_36 	12	486532	486461	Thr	AGT	0	0	71.4	
LaeL147_36 	13	486383	486300	Tyr	GTA	486346	486336	72.4	
