Sequence   		tRNA	Bounds	tRNA	Anti	Intron Bounds	Inf	      
Name       	tRNA #	Begin	End 	Type	Codon	Begin	End	Score	Note
--------   	------	-----	------	----	-----	-----	----	------	------
KE389431.1 	1	73  	1   	Asn	GTT	0	0	73.2	
KE389615.1 	1	3314	3234	Ser	GCT	0	0	79.3	
KE389651.1 	1	51352	51281	Gln	CTG	0	0	67.2	
KE389748.1 	1	4904	4984	Ser	GCT	0	0	77.0	
KE389748.1 	2	5045	5117	Ala	AGC	0	0	54.8	
KE389748.1 	3	4827	4756	Asp	GTC	0	0	70.6	
KE389811.1 	1	15001	15072	Gly	TCC	0	0	66.0	
KE389811.1 	2	15647	15718	Thr	TGT	0	0	72.8	
KE389811.1 	3	15779	15861	Leu	CAG	0	0	75.3	
KE389811.1 	4	15574	15503	Arg	TCG	0	0	73.4	
KE389811.1 	5	15184	15112	Lys	TTT	0	0	82.3	
KE389811.1 	6	14925	14854	Trp	CCA	0	0	74.9	
KE390138.1 	1	3751	3823	Val	CAC	0	0	43.1	
KE390138.1 	2	4059	4130	Glu	TTC	0	0	61.0	
KE390138.1 	3	3677	3606	Arg	CCG	0	0	66.8	
KE390138.1 	4	3541	3471	His	GTG	0	0	62.0	
KE390361.1 	1	4133	4206	Ile	AAT	0	0	80.1	
KE390361.1 	2	4268	4340	Met	CAT	0	0	72.5	
KE390361.1 	3	4528	4608	Ser	TGA	0	0	71.3	
KE390361.1 	4	4453	4374	Leu	TAG	0	0	76.6	
KE390361.1 	5	3903	3830	Val	AAC	0	0	61.8	
KE390640.1 	1	657 	728 	Thr	AGT	0	0	71.4	
KE390640.1 	2	822 	905 	Tyr	GTA	859	869	72.4	
KE390692.1 	1	6207	6279	Arg	TCT	0	0	75.2	
KE390692.1 	2	6339	6411	Arg	CCT	0	0	76.0	
KE390692.1 	3	6131	6060	Ala	TGC	0	0	72.9	
KE390774.1 	1	149 	229 	Ser	AGA	0	0	69.8	
KE390774.1 	2	339 	267 	Phe	GAA	0	0	91.0	
KE390886.1 	1	4649	4720	Gln	CTG	0	0	67.2	
KE390886.1 	2	5122	5195	Ile	AAT	0	0	80.1	
KE390886.1 	3	5040	4959	Leu	TAA	0	0	62.4	
KE390921.1 	1	30895	30967	Val	CAC	0	0	65.2	
KE390921.1 	2	31237	31307	His	GTG	0	0	62.0	
KE390921.1 	3	31568	31496	Phe	GAA	0	0	91.0	
KE390989.1 	1	360 	440 	Ser	CGA	0	0	67.6	
KE390989.1 	2	496 	577 	Leu	CAA	0	0	77.1	
KE390994.1 	1	1037	1108	Arg	ACG	0	0	72.0	
KE390994.1 	2	961 	889 	Met	CAT	0	0	72.5	
KE391011.1 	1	238 	309 	Arg	ACG	0	0	72.0	
KE391051.1 	1	143 	214 	Gln	TTG	0	0	80.2	
KE391051.1 	2	281 	353 	Val	TAC	0	0	71.7	
KE391051.1 	3	472 	399 	Ile	TAT	0	0	80.6	
KE391066.1 	1	25589	25502	SeC	TCA	0	0	124.7	
KE391349.1 	1	3246	3317	Arg	ACG	0	0	72.0	
KE391395.1 	1	4135	4206	iMet	CAT	0	0	67.9	
KE391395.1 	2	4266	4348	Leu	CAG	0	0	75.3	
KE391455.1 	1	2912	2983	Gln	CTG	0	0	67.2	
KE391476.1 	1	287 	358 	Asp	GTC	0	0	70.6	
KE391478.1 	1	6064	6134	Gly	GCC	0	0	69.8	
KE391478.1 	2	6687	6758	Pro	AGG	0	0	66.6	
KE391478.1 	3	6907	6980	Val	AAC	0	0	61.8	
KE391478.1 	4	7046	7118	Lys	CTT	0	0	86.2	
KE391478.1 	5	6614	6544	Gly	GCC	0	0	69.8	
KE391478.1 	6	6481	6410	Thr	AGT	0	0	71.4	
KE391501.1 	1	35426	35355	Glu	CTC	0	0	65.2	
KE391573.1 	1	15260	15189	Pro	CGG	0	0	70.5	
KE391669.1 	1	34628	34699	Pro	CGG	0	0	70.5	
KE391669.1 	2	34759	34831	Asn	GTT	0	0	73.2	
KE391669.1 	3	34543	34472	Thr	CGT	0	0	70.2	
KE391669.1 	4	34408	34325	Tyr	GTA	34371	34361	72.4	
KE391669.1 	5	34271	34199	Asn	GTT	0	0	73.2	
KE391699.1 	1	3644	3716	Ala	AGC	0	0	54.8	
KE391949.1 	1	4044	4115	Cys	GCA	0	0	77.9	
KE391949.1 	2	5196	5267	Pro	TGG	0	0	68.7	
KE391949.1 	3	5123	5052	iMet	CAT	0	0	67.9	
KE391949.1 	4	4988	4907	Leu	AAG	0	0	74.7	
