Sequence      		tRNA  	Bounds	tRNA	Anti	Intron Bounds	Inf	      
Name          	tRNA #	Begin 	End   	Type	Codon	Begin	End	Score	Note
--------      	------	----- 	------	----	-----	-----	----	------	------
LarLEM1108_03 	1	264666	264738	Lys	CTT	0	0	83.4	
LarLEM1108_05 	1	352103	352174	Arg	ACG	0	0	72.0	
LarLEM1108_06 	1	64192 	64105 	SeC	TCA	0	0	124.7	
LarLEM1108_07 	1	375232	375161	Arg	ACG	0	0	72.0	
LarLEM1108_09 	1	257834	257905	iMet	CAT	0	0	67.9	
LarLEM1108_09 	2	257964	258046	Leu	CAG	0	0	75.3	
LarLEM1108_09 	3	388179	388251	Val	CAC	0	0	65.2	
LarLEM1108_09 	4	388504	388574	His	GTG	0	0	62.0	
LarLEM1108_09 	5	401621	401692	Arg	CCG	0	0	66.8	
LarLEM1108_09 	6	401759	401829	His	GTG	0	0	62.0	
LarLEM1108_09 	7	410356	410427	Arg	CCG	0	0	66.8	
LarLEM1108_09 	8	410494	410564	His	GTG	0	0	62.0	
LarLEM1108_09 	9	410281	410209	Val	CAC	0	0	65.2	
LarLEM1108_09 	10	409968	409897	Glu	TTC	0	0	61.0	
LarLEM1108_09 	11	401546	401474	Val	CAC	0	0	65.2	
LarLEM1108_09 	12	401233	401162	Glu	TTC	0	0	61.0	
LarLEM1108_09 	13	388829	388757	Phe	GAA	0	0	91.0	
LarLEM1108_10 	1	495263	495335	Lys	CTT	0	0	86.2	
LarLEM1108_10 	2	495582	495510	Asn	GTT	0	0	73.2	
LarLEM1108_10 	3	495455	495385	Gly	GCC	0	0	69.8	
LarLEM1108_11 	1	156955	157026	Ala	CGC	0	0	72.7	
LarLEM1108_11 	2	162679	162760	Leu	AAG	0	0	74.7	
LarLEM1108_11 	3	361447	361518	Arg	ACG	0	0	72.0	
LarLEM1108_11 	4	361372	361300	Met	CAT	0	0	72.5	
LarLEM1108_11 	5	162605	162534	Ala	CGC	0	0	72.7	
LarLEM1108_11 	6	162472	162402	Gly	CCC	0	0	72.8	
LarLEM1108_11 	7	156881	156800	Leu	AAG	0	0	74.7	
LarLEM1108_15 	1	295681	295752	Asp	GTC	0	0	70.6	
LarLEM1108_15 	2	295864	295793	Glu	CTC	0	0	65.2	
LarLEM1108_16 	1	438029	437958	Gln	CTG	0	0	67.2	
LarLEM1108_17 	1	299159	299239	Ser	GCT	0	0	78.6	
LarLEM1108_17 	2	299300	299372	Ala	AGC	0	0	54.8	
LarLEM1108_17 	3	299082	299011	Asp	GTC	0	0	70.6	
LarLEM1108_21 	1	442518	442589	Pro	AGG	0	0	66.6	
LarLEM1108_21 	2	442721	442794	Val	AAC	0	0	61.8	
LarLEM1108_21 	3	442858	442930	Lys	CTT	0	0	86.2	
LarLEM1108_21 	4	158285	158205	Ser	GCT	0	0	79.3	
LarLEM1108_23 	1	227197	227270	Ile	TAT	0	0	80.6	
LarLEM1108_23 	2	228353	228424	Arg	TCG	0	0	73.4	
LarLEM1108_23 	3	228733	228805	Lys	TTT	0	0	82.3	
LarLEM1108_23 	4	228993	229064	Trp	CCA	0	0	74.9	
LarLEM1108_23 	5	228917	228846	Gly	TCC	0	0	66.0	
LarLEM1108_23 	6	228280	228209	Thr	TGT	0	0	72.8	
LarLEM1108_23 	7	228149	228067	Leu	CAG	0	0	75.3	
LarLEM1108_23 	8	227844	227773	Arg	ACG	0	0	72.0	
LarLEM1108_23 	9	227525	227454	Gln	TTG	0	0	80.2	
LarLEM1108_23 	10	227388	227316	Val	TAC	0	0	71.7	
LarLEM1108_24 	1	198962	199033	Pro	CGG	0	0	70.8	
LarLEM1108_24 	2	624655	624726	Gln	CTG	0	0	67.2	
LarLEM1108_24 	3	625104	625177	Ile	AAT	0	0	80.1	
LarLEM1108_24 	4	627273	627346	Ile	AAT	0	0	80.1	
LarLEM1108_24 	5	685249	685178	Asp	GTC	0	0	70.6	
LarLEM1108_24 	6	625019	624938	Leu	TAA	0	0	62.4	
LarLEM1108_29 	1	813929	813849	Ser	CGA	0	0	67.6	
LarLEM1108_29 	2	813792	813711	Leu	CAA	0	0	77.1	
LarLEM1108_30 	1	740499	740428	Thr	CGT	0	0	70.2	
LarLEM1108_31 	1	173044	173116	Ala	AGC	0	0	54.8	
LarLEM1108_31 	2	1109126	1109198	Phe	GAA	0	0	91.0	
LarLEM1108_31 	3	1109332	1109252	Ser	AGA	0	0	69.8	
LarLEM1108_33 	1	102108	102179	Ala	TGC	0	0	72.9	
LarLEM1108_33 	2	102031	101959	Arg	TCT	0	0	75.2	
LarLEM1108_33 	3	101898	101826	Arg	CCT	0	0	76.0	
LarLEM1108_34 	1	1179890	1179961	Pro	CGG	0	0	70.8	
LarLEM1108_34 	2	1180021	1180093	Asn	GTT	0	0	73.2	
LarLEM1108_34 	3	1179808	1179737	Thr	CGT	0	0	70.2	
LarLEM1108_34 	4	1179674	1179591	Tyr	GTA	1179637	1179627	72.4	
LarLEM1108_34 	5	1179533	1179461	Asn	GTT	0	0	73.2	
LarLEM1108_36 	1	479129	479200	Thr	AGT	0	0	71.4	
LarLEM1108_36 	2	479270	479353	Tyr	GTA	479307	479317	72.4	
LarLEM1108_36 	3	1013648	1013718	Gly	GCC	0	0	69.8	
LarLEM1108_36 	4	1014644	1014715	Pro	AGG	0	0	66.6	
LarLEM1108_36 	5	2438614	2438685	Cys	GCA	0	0	77.9	
LarLEM1108_36 	6	2439750	2439821	Pro	TGG	0	0	68.7	
LarLEM1108_36 	7	2439677	2439606	iMet	CAT	0	0	67.9	
LarLEM1108_36 	8	2439542	2439461	Leu	AAG	0	0	74.7	
LarLEM1108_36 	9	1585915	1585844	Gln	CTG	0	0	67.2	
LarLEM1108_36 	10	1014570	1014500	Gly	GCC	0	0	69.8	
LarLEM1108_36 	11	1014435	1014364	Thr	AGT	0	0	71.4	
LarLEM1108_36 	12	478335	478264	Thr	AGT	0	0	71.4	
LarLEM1108_36 	13	478194	478111	Tyr	GTA	478157	478147	72.4	
LARLEM1108_SCAF000107	1	11979 	12058 	Leu	TAG	0	0	76.6	
LARLEM1108_SCAF000107	2	12523 	12596 	Val	AAC	0	0	61.8	
LARLEM1108_SCAF000107	3	12297 	12224 	Ile	AAT	0	0	80.1	
LARLEM1108_SCAF000107	4	12162 	12090 	Met	CAT	0	0	72.5	
LARLEM1108_SCAF000107	5	11903 	11823 	Ser	TGA	0	0	71.3	
