Sequence    		tRNA  	Bounds	tRNA	Anti	Intron Bounds	Inf	      
Name        	tRNA #	Begin 	End   	Type	Codon	Begin	End	Score	Note
--------    	------	----- 	------	----	-----	-----	----	------	------
LbrM2903_05 	1	395883	395954	Arg	ACG	0	0	72.0	
LbrM2903_06 	1	71665 	71578 	SeC	TCA	0	0	124.7	
LbrM2903_07 	1	418750	418679	Arg	ACG	0	0	72.0	
LbrM2903_09 	1	302590	302661	iMet	CAT	0	0	67.9	
LbrM2903_09 	2	302721	302803	Leu	CAG	0	0	75.3	
LbrM2903_09 	3	439537	439609	Val	CAC	0	0	65.2	
LbrM2903_09 	4	439867	439937	His	GTG	0	0	62.0	
LbrM2903_09 	5	456812	456883	Arg	CCG	0	0	66.8	
LbrM2903_09 	6	456945	457015	His	GTG	0	0	62.0	
LbrM2903_09 	7	456737	456665	Val	CAC	0	0	65.2	
LbrM2903_09 	8	456422	456351	Glu	TTC	0	0	61.0	
LbrM2903_10 	1	650738	650810	Lys	CTT	0	0	86.2	
LbrM2903_10 	2	651043	650971	Asn	GTT	0	0	73.2	
LbrM2903_11 	1	1744  	1815  	Ala	CGC	0	0	73.8	
LbrM2903_11 	2	9426  	9497  	Ala	CGC	0	0	73.8	
LbrM2903_11 	3	40918 	40989 	Ala	CGC	0	0	73.8	
LbrM2903_11 	4	41046 	41116 	Gly	CCC	0	0	72.8	
LbrM2903_11 	5	322890	322961	Arg	ACG	0	0	72.0	
LbrM2903_11 	6	322819	322747	Met	CAT	0	0	72.5	
LbrM2903_11 	7	40846 	40765 	Leu	AAG	0	0	74.7	
LbrM2903_11 	8	1672  	1591  	Leu	AAG	0	0	74.7	
LbrM2903_15 	1	416300	416371	Asp	GTC	0	0	70.6	
LbrM2903_15 	2	416474	416403	Glu	CTC	0	0	65.2	
LbrM2903_16 	1	495822	495751	Gln	CTG	0	0	67.2	
LbrM2903_17 	1	330319	330399	Ser	GCT	0	0	77.0	
LbrM2903_17 	2	330459	330531	Ala	AGC	0	0	54.8	
LbrM2903_17 	3	330242	330171	Asp	GTC	0	0	70.6	
LbrM2903_20.1	1	506874	506947	Ile	AAT	0	0	80.1	
LbrM2903_20.1	2	507010	507082	Met	CAT	0	0	72.5	
LbrM2903_20.1	3	507295	507375	Ser	TGA	0	0	71.3	
LbrM2903_20.1	4	1518107	1518178	Thr	CGT	0	0	70.2	
LbrM2903_20.1	5	1518237	1518320	Tyr	GTA	1518274	1518284	72.4	
LbrM2903_20.1	6	1518387	1518459	Asn	GTT	0	0	73.2	
LbrM2903_20.1	7	1518027	1517956	Pro	CGG	0	0	70.8	
LbrM2903_20.1	8	1517898	1517826	Asn	GTT	0	0	73.2	
LbrM2903_20.1	9	507219	507140	Leu	TAG	0	0	76.6	
LbrM2903_20.1	10	506725	506652	Val	AAC	0	0	61.8	
LbrM2903_21 	1	460556	460627	Pro	AGG	0	0	66.6	
LbrM2903_21 	2	460728	460801	Val	AAC	0	0	61.8	
LbrM2903_21 	3	460866	460938	Lys	CTT	0	0	86.2	
LbrM2903_21 	4	162505	162425	Ser	GCT	0	0	79.3	
LbrM2903_23 	1	239912	239985	Ile	TAT	0	0	77.4	
LbrM2903_23 	2	241099	241170	Arg	TCG	0	0	73.4	
LbrM2903_23 	3	241500	241572	Lys	TTT	0	0	84.6	
LbrM2903_23 	4	241756	241827	Trp	CCA	0	0	78.2	
LbrM2903_23 	5	241680	241609	Gly	TCC	0	0	66.0	
LbrM2903_23 	6	241025	240954	Thr	TGT	0	0	73.1	
LbrM2903_23 	7	240894	240812	Leu	CAG	0	0	75.3	
LbrM2903_23 	8	240585	240514	Arg	ACG	0	0	72.0	
LbrM2903_23 	9	240251	240180	Gln	TTG	0	0	80.5	
LbrM2903_23 	10	240113	240041	Val	TAC	0	0	71.7	
LbrM2903_24 	1	256038	256109	Pro	CGG	0	0	70.8	
LbrM2903_24 	2	708495	708566	Gln	CTG	0	0	67.2	
LbrM2903_24 	3	708913	708986	Ile	AAT	0	0	80.1	
LbrM2903_24 	4	766252	766181	Asp	GTC	0	0	70.6	
LbrM2903_24 	5	708835	708754	Leu	TAA	0	0	62.4	
LbrM2903_30 	1	750511	750440	Thr	CGT	0	0	64.7	
LbrM2903_31 	1	300311	300383	Ala	AGC	0	0	54.8	
LbrM2903_31 	2	639152	639222	Gly	GCC	0	0	69.8	
LbrM2903_31 	3	1565564	1565636	Phe	GAA	0	0	91.0	
LbrM2903_31 	4	1565759	1565679	Ser	AGA	0	0	66.4	
LbrM2903_31 	5	639343	639272	Glu	CTC	0	0	65.2	
LbrM2903_31 	6	51601 	51521 	Ser	CGA	0	0	67.6	
LbrM2903_31 	7	51466 	51385 	Leu	CAA	0	0	77.1	
LbrM2903_33 	1	94715 	94786 	Ala	TGC	0	0	72.9	
LbrM2903_33 	2	553545	553473	Lys	CTT	0	0	86.2	
LbrM2903_33 	3	94638 	94566 	Arg	TCT	0	0	75.2	
LbrM2903_33 	4	94505 	94433 	Arg	CCT	0	0	76.0	
LbrM2903_35 	1	562267	562338	Thr	AGT	0	0	71.4	
LbrM2903_35 	2	562406	562489	Tyr	GTA	562443	562453	72.4	
LbrM2903_35 	3	1119396	1119466	Gly	GCC	0	0	69.8	
LbrM2903_35 	4	1119529	1119600	Thr	AGT	0	0	71.4	
LbrM2903_35 	5	2649033	2649104	Cys	GCA	0	0	77.9	
LbrM2903_35 	6	2665905	2665976	Pro	TGG	0	0	68.7	
LbrM2903_35 	7	2665832	2665761	iMet	CAT	0	0	67.9	
LbrM2903_35 	8	2665694	2665613	Leu	AAG	0	0	74.7	
LbrM2903_35 	9	2661399	2661318	Leu	AAG	0	0	74.7	
LbrM2903_35 	10	1120032	1119962	Gly	GCC	0	0	69.8	
LbrM2903_35 	11	1119899	1119828	Thr	AGT	0	0	71.4	
LbrM2903_35 	12	1119322	1119251	Pro	AGG	0	0	66.6	
LBRM2903_SCAF000478	1	52    	124   	Phe	GAA	0	0	91.0	
LBRM2903_SCAF000478	2	247   	167   	Ser	AGA	0	0	66.4	
