Sequence		tRNA  	Bounds	tRNA	Anti	Intron Bounds	Inf	      
Name    	tRNA #	Begin 	End   	Type	Codon	Begin	End	Score	Note
--------	------	----- 	------	----	-----	-----	----	------	------
LbrM.04 	1	6988  	7059  	Arg	ACG	0	0	72.0	
LbrM.05 	1	350414	350485	Arg	ACG	0	0	72.0	
LbrM.06 	1	69275 	69188 	SeC	TCA	0	0	124.7	
LbrM.09 	1	281010	281081	iMet	CAT	0	0	67.9	
LbrM.09 	2	281141	281223	Leu	CAG	0	0	75.3	
LbrM.09 	3	395278	395350	Val	CAC	0	0	65.2	
LbrM.09 	4	395608	395678	His	GTG	0	0	62.0	
LbrM.09 	5	403955	404026	Arg	CCG	0	0	66.8	
LbrM.09 	6	404088	404158	His	GTG	0	0	62.0	
LbrM.09 	7	403880	403808	Val	CAC	0	0	65.2	
LbrM.09 	8	403565	403494	Glu	TTC	0	0	61.0	
LbrM.10 	1	512010	512082	Lys	CTT	0	0	86.2	
LbrM.10 	2	512319	512247	Asn	GTT	0	0	73.2	
LbrM.11 	1	63575 	63646 	Ala	CGC	0	0	73.8	
LbrM.11 	2	68815 	68886 	Ala	CGC	0	0	73.8	
LbrM.11 	3	68943 	69013 	Gly	CCC	0	0	72.8	
LbrM.11 	4	341072	341143	Arg	ACG	0	0	72.0	
LbrM.11 	5	341001	340929	Met	CAT	0	0	72.5	
LbrM.11 	6	68743 	68662 	Leu	AAG	0	0	74.7	
LbrM.11 	7	63503 	63422 	Leu	AAG	0	0	74.7	
LbrM.15 	1	324913	324984	Asp	GTC	0	0	70.6	
LbrM.15 	2	325087	325016	Glu	CTC	0	0	65.2	
LbrM.16 	1	442160	442089	Gln	CTG	0	0	67.2	
LbrM.17 	1	296372	296452	Ser	GCT	0	0	77.0	
LbrM.17 	2	296512	296584	Ala	AGC	0	0	54.8	
LbrM.17 	3	296295	296224	Asp	GTC	0	0	70.6	
LbrM.20.1	1	420035	420108	Ile	AAT	0	0	80.1	
LbrM.20.1	2	420171	420243	Met	CAT	0	0	72.5	
LbrM.20.1	3	420456	420536	Ser	TGA	0	0	71.3	
LbrM.20.1	4	1249774	1249845	Thr	CGT	0	0	70.2	
LbrM.20.1	5	1249904	1249987	Tyr	GTA	1249941	1249951	72.4	
LbrM.20.1	6	1250053	1250125	Asn	GTT	0	0	73.2	
LbrM.20.1	7	1249694	1249623	Pro	CGG	0	0	70.8	
LbrM.20.1	8	1249565	1249493	Asn	GTT	0	0	73.2	
LbrM.20.1	9	420380	420301	Leu	TAG	0	0	76.6	
LbrM.20.1	10	419885	419812	Val	AAC	0	0	61.8	
LbrM.21 	1	430873	430944	Pro	AGG	0	0	66.6	
LbrM.21 	2	431048	431121	Val	AAC	0	0	61.8	
LbrM.21 	3	431186	431258	Lys	CTT	0	0	86.2	
LbrM.21 	4	159532	159452	Ser	GCT	0	0	79.3	
LbrM.23 	1	215144	215217	Ile	TAT	0	0	77.4	
LbrM.23 	2	216333	216404	Arg	TCG	0	0	73.4	
LbrM.23 	3	216736	216808	Lys	TTT	0	0	84.6	
LbrM.23 	4	216992	217063	Trp	CCA	0	0	78.2	
LbrM.23 	5	216916	216845	Gly	TCC	0	0	66.0	
LbrM.23 	6	216259	216188	Thr	TGT	0	0	73.1	
LbrM.23 	7	216128	216046	Leu	CAG	0	0	75.3	
LbrM.23 	8	215819	215748	Arg	ACG	0	0	72.0	
LbrM.23 	9	215484	215413	Gln	TTG	0	0	80.5	
LbrM.23 	10	215345	215273	Val	TAC	0	0	71.7	
LbrM.24 	1	206772	206843	Pro	CGG	0	0	70.8	
LbrM.24 	2	600448	600519	Gln	CTG	0	0	67.2	
LbrM.24 	3	600866	600939	Ile	AAT	0	0	80.1	
LbrM.24 	4	659417	659346	Asp	GTC	0	0	70.6	
LbrM.24 	5	600788	600707	Leu	TAA	0	0	62.4	
LbrM.30 	1	700181	700110	Thr	CGT	0	0	70.2	
LbrM.31 	1	251915	251987	Ala	AGC	0	0	54.8	
LbrM.31 	2	582440	582510	Gly	GCC	0	0	69.8	
LbrM.31 	3	1384152	1384224	Phe	GAA	0	0	91.0	
LbrM.31 	4	1384347	1384267	Ser	AGA	0	0	66.4	
LbrM.31 	5	582631	582560	Glu	CTC	0	0	65.2	
LbrM.31 	6	64244 	64164 	Ser	CGA	0	0	67.6	
LbrM.31 	7	64109 	64028 	Leu	CAA	0	0	77.1	
LbrM.33 	1	106070	106141	Ala	TGC	0	0	72.9	
LbrM.33 	2	559895	559823	Lys	CTT	0	0	86.2	
LbrM.33 	3	105992	105920	Arg	TCT	0	0	75.2	
LbrM.33 	4	105859	105787	Arg	CCT	0	0	76.0	
LbrM.35 	1	505909	505980	Thr	AGT	0	0	71.4	
LbrM.35 	2	506048	506131	Tyr	GTA	506085	506095	72.4	
LbrM.35 	3	512302	512373	Thr	AGT	0	0	71.4	
LbrM.35 	4	512441	512524	Tyr	GTA	512478	512488	72.4	
LbrM.35 	5	1039964	1040034	Gly	GCC	0	0	69.8	
LbrM.35 	6	1040097	1040168	Thr	AGT	0	0	71.4	
LbrM.35 	7	2469635	2469706	Cys	GCA	0	0	77.9	
LbrM.35 	8	2472999	2473070	Pro	TGG	0	0	68.7	
LbrM.35 	9	2472926	2472855	iMet	CAT	0	0	67.9	
LbrM.35 	10	2472788	2472707	Leu	AAG	0	0	74.7	
LbrM.35 	11	1040701	1040631	Gly	GCC	0	0	69.8	
LbrM.35 	12	1040567	1040496	Thr	AGT	0	0	71.4	
LbrM.35 	13	1039890	1039819	Pro	AGG	0	0	66.6	
LbrM.00_64_603897-607900	1	3760  	3689  	Pro	AGG	0	0	66.6	
LbrM.00_64_603897-607900	2	3584  	3511  	Val	AAC	0	0	61.8	
LbrM.00_64_603897-607900	3	3446  	3374  	Lys	CTT	0	0	86.2	
