Sequence   		tRNA  	Bounds	tRNA	Anti	Intron Bounds	Inf	      
Name       	tRNA #	Begin 	End   	Type	Codon	Begin	End	Score	Note
--------   	------	----- 	------	----	-----	-----	----	------	------
CM002143.1 	1	261087	261159	Lys	CTT	0	0	86.2	
CM002145.1 	1	361082	361153	Arg	ACG	0	0	72.0	
CM002146.1 	1	70107 	70020 	SeC	TCA	0	0	124.7	
CM002147.1 	1	380075	380004	Arg	ACG	0	0	72.0	
CM002149.1 	1	283949	284020	iMet	CAT	0	0	67.9	
CM002149.1 	2	284079	284161	Leu	CAG	0	0	75.3	
CM002149.1 	3	417090	417162	Val	CAC	0	0	65.2	
CM002149.1 	4	417405	417475	His	GTG	0	0	62.0	
CM002149.1 	5	430266	430337	Arg	CCG	0	0	66.8	
CM002149.1 	6	430404	430474	His	GTG	0	0	62.0	
CM002149.1 	7	430192	430120	Val	CAC	0	0	65.2	
CM002149.1 	8	429881	429810	Glu	TTC	0	0	61.0	
CM002149.1 	9	417726	417654	Phe	GAA	0	0	91.0	
CM002150.1 	1	519822	519894	Lys	CTT	0	0	86.2	
CM002150.1 	2	520165	520093	Asn	GTT	0	0	73.2	
CM002150.1 	3	520033	519963	Gly	GCC	0	0	69.8	
CM002151.1 	1	156861	156932	Ala	CGC	0	0	73.8	
CM002151.1 	2	207924	207995	Ala	CGC	0	0	73.8	
CM002151.1 	3	208054	208124	Gly	CCC	0	0	72.8	
CM002151.1 	4	371848	371919	Arg	ACG	0	0	72.0	
CM002151.1 	5	372395	372466	Arg	ACG	0	0	72.0	
CM002151.1 	6	371772	371700	Met	CAT	0	0	72.5	
CM002151.1 	7	207850	207769	Leu	AAG	0	0	74.7	
CM002155.1 	1	312760	312831	Asp	GTC	0	0	70.6	
CM002155.1 	2	312943	312872	Glu	CTC	0	0	65.2	
CM002156.1 	1	446028	445957	Gln	CTG	0	0	67.2	
CM002157.1 	1	328986	329066	Ser	GCT	0	0	77.0	
CM002157.1 	2	329127	329199	Ala	AGC	0	0	54.8	
CM002157.1 	3	328909	328838	Asp	GTC	0	0	70.6	
CM002161.1 	1	446733	446804	Pro	AGG	0	0	66.6	
CM002161.1 	2	446936	447009	Val	AAC	0	0	61.8	
CM002161.1 	3	447073	447145	Lys	CTT	0	0	86.2	
CM002161.1 	4	162941	162861	Ser	GCT	0	0	79.3	
CM002163.1 	1	228780	228853	Ile	TAT	0	0	80.6	
CM002163.1 	2	229930	230001	Arg	TCG	0	0	73.4	
CM002163.1 	3	230316	230388	Lys	TTT	0	0	82.3	
CM002163.1 	4	230585	230656	Trp	CCA	0	0	74.9	
CM002163.1 	5	230509	230438	Gly	TCC	0	0	66.0	
CM002163.1 	6	229857	229786	Thr	TGT	0	0	72.8	
CM002163.1 	7	229728	229646	Leu	CAG	0	0	75.3	
CM002163.1 	8	229423	229352	Arg	ACG	0	0	72.0	
CM002163.1 	9	229110	229039	Gln	TTG	0	0	80.2	
CM002163.1 	10	228970	228898	Val	TAC	0	0	71.7	
CM002164.1 	1	216780	216851	Pro	CGG	0	0	70.5	
CM002164.1 	2	658796	658867	Gln	CTG	0	0	67.2	
CM002164.1 	3	659246	659319	Ile	AAT	0	0	80.1	
CM002164.1 	4	715801	715730	Asp	GTC	0	0	70.6	
CM002164.1 	5	659159	659078	Leu	TAA	0	0	62.4	
CM002169.1 	1	845104	845024	Ser	CGA	0	0	67.3	
CM002169.1 	2	844964	844883	Leu	CAA	0	0	77.1	
CM002170.1 	1	761959	761888	Thr	CGT	0	0	70.2	
CM002171.1 	1	209170	209242	Ala	AGC	0	0	54.8	
CM002171.1 	2	495813	495883	Gly	GCC	0	0	69.8	
CM002171.1 	3	1329549	1329621	Phe	GAA	0	0	91.0	
CM002171.1 	4	1329736	1329656	Ser	AGA	0	0	69.8	
CM002171.1 	5	496006	495935	Glu	CTC	0	0	65.2	
CM002173.1 	1	104840	104911	Ala	TGC	0	0	72.9	
CM002173.1 	2	490300	490228	Lys	CTT	0	0	86.2	
CM002173.1 	3	104763	104691	Arg	TCT	0	0	72.7	
CM002173.1 	4	104631	104559	Arg	CCT	0	0	76.0	
CM002174.1 	1	482431	482504	Ile	AAT	0	0	80.1	
CM002174.1 	2	482561	482633	Met	CAT	0	0	72.5	
CM002174.1 	3	482821	482901	Ser	TGA	0	0	71.3	
CM002174.1 	4	1387899	1387970	Thr	CGT	0	0	70.2	
CM002174.1 	5	1388035	1388118	Tyr	GTA	1388072	1388082	72.4	
CM002174.1 	6	1388180	1388252	Asn	GTT	0	0	73.2	
CM002174.1 	7	1387818	1387747	Pro	CGG	0	0	70.5	
CM002174.1 	8	1387683	1387611	Asn	GTT	0	0	73.2	
CM002174.1 	9	482746	482667	Leu	TAG	0	0	76.6	
CM002174.1 	10	482206	482133	Val	AAC	0	0	61.8	
CM002176.1 	1	497126	497197	Thr	AGT	0	0	71.4	
CM002176.1 	2	497285	497356	Tyr	GTA	497316	497326	47.5	
CM002176.1 	3	1041557	1041627	Gly	GCC	0	0	69.8	
CM002176.1 	4	1042463	1042534	Pro	AGG	0	0	66.6	
CM002176.1 	5	2496580	2496651	Cys	GCA	0	0	77.9	
CM002176.1 	6	2497726	2497797	Pro	TGG	0	0	68.7	
CM002176.1 	7	2497652	2497581	iMet	CAT	0	0	67.9	
CM002176.1 	8	2497519	2497438	Leu	AAG	0	0	74.7	
CM002176.1 	9	1630403	1630332	Gln	CTG	0	0	67.2	
CM002176.1 	10	1042389	1042319	Gly	GCC	0	0	69.8	
CM002176.1 	11	1042251	1042180	Thr	AGT	0	0	71.4	
CM002176.1 	12	496248	496177	Thr	AGT	0	0	71.4	
CM002176.1 	13	496088	496020	Tyr	GTA	496058	496048	28.7	
CM002176.1 	14	495848	495777	Thr	AGT	0	0	71.4	
CM002176.1 	15	495695	495612	Tyr	GTA	495658	495648	72.4	
