Sequence   		tRNA  	Bounds	tRNA	Anti	Intron Bounds	Inf	      
Name       	tRNA #	Begin 	End   	Type	Codon	Begin	End	Score	Note
--------   	------	----- 	------	----	-----	-----	----	------	------
Ld03_v01s1 	1	261126	261198	Lys	CTT	0	0	86.2	
Ld05_v01s1 	1	361082	361153	Arg	ACG	0	0	72.0	
Ld06_v01s1 	1	70107 	70020 	SeC	TCA	0	0	124.7	
Ld07_v01s1 	1	380075	380004	Arg	ACG	0	0	72.0	
Ld09_v01s1 	1	283949	284020	iMet	CAT	0	0	67.9	
Ld09_v01s1 	2	284079	284161	Leu	CAG	0	0	75.3	
Ld09_v01s1 	3	417090	417162	Val	CAC	0	0	65.2	
Ld09_v01s1 	4	417405	417475	His	GTG	0	0	62.0	
Ld09_v01s1 	5	430266	430337	Arg	CCG	0	0	66.8	
Ld09_v01s1 	6	430404	430474	His	GTG	0	0	62.0	
Ld09_v01s1 	7	430192	430120	Val	CAC	0	0	65.2	
Ld09_v01s1 	8	429881	429810	Glu	TTC	0	0	61.0	
Ld09_v01s1 	9	417726	417654	Phe	GAA	0	0	91.0	
Ld10_v01s1 	1	519824	519896	Lys	CTT	0	0	86.2	
Ld10_v01s1 	2	520167	520095	Asn	GTT	0	0	73.2	
Ld10_v01s1 	3	520035	519965	Gly	GCC	0	0	69.8	
Ld11_v01s1 	1	156862	156933	Ala	CGC	0	0	73.8	
Ld11_v01s1 	2	157196	157267	Ala	CGC	0	0	73.8	
Ld11_v01s1 	3	207925	207996	Ala	CGC	0	0	73.8	
Ld11_v01s1 	4	208055	208125	Gly	CCC	0	0	72.8	
Ld11_v01s1 	5	371849	371920	Arg	ACG	0	0	72.0	
Ld11_v01s1 	6	372396	372467	Arg	ACG	0	0	72.0	
Ld11_v01s1 	7	371773	371701	Met	CAT	0	0	72.5	
Ld11_v01s1 	8	207851	207770	Leu	AAG	0	0	74.7	
Ld11_v01s1 	9	156788	156707	Leu	AAG	0	0	74.7	
Ld15_v01s1 	1	312760	312831	Asp	GTC	0	0	70.6	
Ld15_v01s1 	2	312943	312872	Glu	CTC	0	0	65.2	
Ld16_v01s1 	1	446028	445957	Gln	CTG	0	0	67.2	
Ld17_v01s1 	1	328986	329066	Ser	GCT	0	0	77.0	
Ld17_v01s1 	2	329127	329199	Ala	AGC	0	0	54.8	
Ld17_v01s1 	3	328909	328838	Asp	GTC	0	0	70.6	
Ld21_v01s1 	1	447690	447761	Pro	AGG	0	0	66.6	
Ld21_v01s1 	2	447893	447966	Val	AAC	0	0	61.8	
Ld21_v01s1 	3	448030	448102	Lys	CTT	0	0	86.2	
Ld21_v01s1 	4	163898	163818	Ser	GCT	0	0	79.3	
Ld23_v01s1 	1	228780	228853	Ile	TAT	0	0	80.6	
Ld23_v01s1 	2	229930	230001	Arg	TCG	0	0	73.4	
Ld23_v01s1 	3	230316	230388	Lys	TTT	0	0	82.3	
Ld23_v01s1 	4	230585	230656	Trp	CCA	0	0	77.4	
Ld23_v01s1 	5	230509	230438	Gly	TCC	0	0	66.0	
Ld23_v01s1 	6	229857	229786	Thr	TGT	0	0	72.8	
Ld23_v01s1 	7	229728	229646	Leu	CAG	0	0	75.3	
Ld23_v01s1 	8	229423	229352	Arg	ACG	0	0	72.0	
Ld23_v01s1 	9	229110	229039	Gln	TTG	0	0	80.2	
Ld23_v01s1 	10	228970	228898	Val	TAC	0	0	71.7	
Ld24_v01s1 	1	216780	216851	Pro	CGG	0	0	70.5	
Ld24_v01s1 	2	658796	658867	Gln	CTG	0	0	67.2	
Ld24_v01s1 	3	659246	659319	Ile	AAT	0	0	80.1	
Ld24_v01s1 	4	715801	715730	Asp	GTC	0	0	70.6	
Ld24_v01s1 	5	659159	659078	Leu	TAA	0	0	62.4	
Ld29_v01s1 	1	845205	845125	Ser	CGA	0	0	67.3	
Ld29_v01s1 	2	845065	844984	Leu	CAA	0	0	77.1	
Ld30_v01s1 	1	761959	761888	Thr	CGT	0	0	70.2	
Ld31_v01s1 	1	209170	209242	Ala	AGC	0	0	54.8	
Ld31_v01s1 	2	495813	495883	Gly	GCC	0	0	69.8	
Ld31_v01s1 	3	1329549	1329621	Phe	GAA	0	0	91.0	
Ld31_v01s1 	4	1329736	1329656	Ser	AGA	0	0	69.8	
Ld31_v01s1 	5	496006	495935	Glu	CTC	0	0	65.2	
Ld33_v01s1 	1	104842	104913	Ala	TGC	0	0	72.9	
Ld33_v01s1 	2	490302	490230	Lys	CTT	0	0	86.2	
Ld33_v01s1 	3	104765	104693	Arg	TCT	0	0	72.7	
Ld33_v01s1 	4	104633	104561	Arg	CCT	0	0	76.0	
Ld34_v01s1 	1	482431	482504	Ile	AAT	0	0	80.1	
Ld34_v01s1 	2	482561	482633	Met	CAT	0	0	72.5	
Ld34_v01s1 	3	482821	482901	Ser	TGA	0	0	71.3	
Ld34_v01s1 	4	1387899	1387970	Thr	CGT	0	0	70.2	
Ld34_v01s1 	5	1388035	1388118	Tyr	GTA	1388072	1388082	72.4	
Ld34_v01s1 	6	1388180	1388252	Asn	GTT	0	0	73.2	
Ld34_v01s1 	7	1387818	1387747	Pro	CGG	0	0	70.5	
Ld34_v01s1 	8	1387683	1387611	Asn	GTT	0	0	73.2	
Ld34_v01s1 	9	482746	482667	Leu	TAG	0	0	76.6	
Ld34_v01s1 	10	482206	482133	Val	AAC	0	0	61.8	
Ld36_v01s1 	1	497126	497197	Thr	AGT	0	0	71.4	
Ld36_v01s1 	2	497285	497356	Tyr	GTA	497316	497326	47.5	
Ld36_v01s1 	3	1041557	1041627	Gly	GCC	0	0	69.8	
Ld36_v01s1 	4	1042463	1042534	Pro	AGG	0	0	66.6	
Ld36_v01s1 	5	2496580	2496651	Cys	GCA	0	0	77.9	
Ld36_v01s1 	6	2497726	2497797	Pro	TGG	0	0	68.7	
Ld36_v01s1 	7	2497652	2497581	iMet	CAT	0	0	67.9	
Ld36_v01s1 	8	2497519	2497438	Leu	AAG	0	0	74.7	
Ld36_v01s1 	9	1630403	1630332	Gln	CTG	0	0	67.2	
Ld36_v01s1 	10	1042389	1042319	Gly	GCC	0	0	69.8	
Ld36_v01s1 	11	1042251	1042180	Thr	AGT	0	0	71.4	
Ld36_v01s1 	12	496248	496177	Thr	AGT	0	0	71.4	
Ld36_v01s1 	13	496088	496020	Tyr	GTA	496058	496048	31.5	
Ld36_v01s1 	14	495848	495777	Thr	AGT	0	0	71.4	
Ld36_v01s1 	15	495695	495612	Tyr	GTA	495658	495648	72.4	
