Sequence      		tRNA  	Bounds	tRNA	Anti	Intron Bounds	Inf	      
Name          	tRNA #	Begin 	End   	Type	Codon	Begin	End	Score	Note
--------      	------	----- 	------	----	-----	-----	----	------	------
LenLEM3045_03 	1	252119	252191	Lys	CTT	0	0	86.2	
LenLEM3045_05 	1	352674	352745	Arg	ACG	0	0	72.0	
LenLEM3045_06 	1	68923 	68836 	SeC	TCA	0	0	124.7	
LenLEM3045_07 	1	377463	377392	Arg	ACG	0	0	72.0	
LenLEM3045_09 	1	260980	261051	iMet	CAT	0	0	67.9	
LenLEM3045_09 	2	261112	261194	Leu	CAG	0	0	75.3	
LenLEM3045_09 	3	393552	393624	Val	CAC	0	0	65.2	
LenLEM3045_09 	4	393875	393946	Glu	TTC	0	0	61.0	
LenLEM3045_09 	5	407050	407122	Phe	GAA	0	0	91.0	
LenLEM3045_09 	6	407777	407848	Arg	CCG	0	0	66.8	
LenLEM3045_09 	7	407915	407985	His	GTG	0	0	62.0	
LenLEM3045_09 	8	407702	407630	Val	CAC	0	0	65.2	
LenLEM3045_09 	9	407366	407296	His	GTG	0	0	62.0	
LenLEM3045_09 	10	347020	346949	Glu	TTC	0	0	61.0	
LenLEM3045_10 	1	482859	482931	Lys	CTT	0	0	86.2	
LenLEM3045_10 	2	483138	483066	Asn	GTT	0	0	73.2	
LenLEM3045_11 	1	173445	173516	Ala	CGC	0	0	72.7	
LenLEM3045_11 	2	173573	173643	Gly	CCC	0	0	72.8	
LenLEM3045_11 	3	180132	180213	Leu	AAG	0	0	74.7	
LenLEM3045_11 	4	389889	389960	Arg	ACG	0	0	72.0	
LenLEM3045_11 	5	389785	389713	Met	CAT	0	0	72.5	
LenLEM3045_11 	6	180058	179987	Ala	CGC	0	0	72.7	
LenLEM3045_11 	7	173371	173290	Leu	AAG	0	0	74.7	
LenLEM3045_15 	1	297224	297295	Asp	GTC	0	0	70.6	
LenLEM3045_15 	2	297412	297341	Glu	CTC	0	0	65.2	
LenLEM3045_17 	1	269043	269123	Ser	GCT	0	0	77.0	
LenLEM3045_17 	2	269184	269256	Ala	AGC	0	0	54.8	
LenLEM3045_17 	3	268965	268894	Asp	GTC	0	0	70.6	
LenLEM3045_21 	1	405388	405459	Pro	AGG	0	0	66.6	
LenLEM3045_21 	2	405588	405661	Val	AAC	0	0	61.8	
LenLEM3045_21 	3	405727	405799	Lys	CTT	0	0	83.4	
LenLEM3045_21 	4	146267	146187	Ser	GCT	0	0	79.3	
LenLEM3045_23 	1	210475	210548	Ile	TAT	0	0	80.6	
LenLEM3045_23 	2	211661	211732	Arg	TCG	0	0	73.4	
LenLEM3045_23 	3	212049	212121	Lys	TTT	0	0	84.6	
LenLEM3045_23 	4	212328	212399	Trp	CCA	0	0	80.4	
LenLEM3045_23 	5	212253	212182	Gly	TCC	0	0	66.0	
LenLEM3045_23 	6	211588	211517	Thr	TGT	0	0	72.8	
LenLEM3045_23 	7	211448	211366	Leu	CAG	0	0	75.3	
LenLEM3045_23 	8	211140	211069	Arg	ACG	0	0	72.0	
LenLEM3045_23 	9	210804	210733	Gln	TTG	0	0	80.2	
LenLEM3045_23 	10	210665	210593	Val	TAC	0	0	71.7	
LenLEM3045_24 	1	195106	195177	Pro	CGG	0	0	70.8	
LenLEM3045_24 	2	604775	604846	Gln	CTG	0	0	67.2	
LenLEM3045_24 	3	605167	605240	Ile	AAT	0	0	80.1	
LenLEM3045_24 	4	606201	606274	Ile	AAT	0	0	80.1	
LenLEM3045_24 	5	663777	663706	Asp	GTC	0	0	70.6	
LenLEM3045_24 	6	605086	605005	Leu	TAA	0	0	62.4	
LenLEM3045_29 	1	756009	755929	Ser	CGA	0	0	67.6	
LenLEM3045_29 	2	755873	755792	Leu	CAA	0	0	77.1	
LenLEM3045_30 	1	732881	732810	Thr	CGT	0	0	70.2	
LenLEM3045_31 	1	98759 	98831 	Ala	AGC	0	0	54.8	
LenLEM3045_31 	2	162276	162346	Gly	GCC	0	0	69.8	
LenLEM3045_31 	3	362739	362811	Phe	GAA	0	0	91.0	
LenLEM3045_31 	4	362946	362866	Ser	AGA	0	0	69.8	
LenLEM3045_31 	5	162471	162400	Glu	CTC	0	0	65.2	
LenLEM3045_33 	1	107575	107646	Ala	TGC	0	0	72.9	
LenLEM3045_33 	2	479243	479171	Lys	CTT	0	0	86.2	
LenLEM3045_33 	3	107499	107427	Arg	TCT	0	0	71.6	
LenLEM3045_33 	4	107370	107298	Arg	CCT	0	0	76.0	
LenLEM3045_34 	1	401492	401565	Ile	AAT	0	0	80.1	
LenLEM3045_34 	2	401626	401698	Met	CAT	0	0	72.5	
LenLEM3045_34 	3	401907	401987	Ser	TGA	0	0	71.3	
LenLEM3045_34 	4	1211930	1212001	Pro	CGG	0	0	70.8	
LenLEM3045_34 	5	1212065	1212137	Asn	GTT	0	0	75.1	
LenLEM3045_34 	6	1211846	1211775	Thr	CGT	0	0	70.2	
LenLEM3045_34 	7	1211706	1211623	Tyr	GTA	1211669	1211659	72.4	
LenLEM3045_34 	8	1211559	1211487	Asn	GTT	0	0	73.2	
LenLEM3045_34 	9	401832	401753	Leu	TAG	0	0	76.6	
LenLEM3045_34 	10	401244	401171	Val	AAC	0	0	61.8	
LenLEM3045_36 	1	467146	467229	Tyr	GTA	467183	467193	72.4	
LenLEM3045_36 	2	1001543	1001613	Gly	GCC	0	0	69.8	
LenLEM3045_36 	3	1001681	1001752	Thr	AGT	0	0	71.4	
LenLEM3045_36 	4	1002087	1002158	Pro	AGG	0	0	66.6	
LenLEM3045_36 	5	2387359	2387430	Cys	GCA	0	0	77.9	
LenLEM3045_36 	6	2388513	2388584	Pro	TGG	0	0	68.7	
LenLEM3045_36 	7	2388440	2388369	iMet	CAT	0	0	67.9	
LenLEM3045_36 	8	2388309	2388228	Leu	AAG	0	0	74.7	
LenLEM3045_36 	9	1558929	1558858	Gln	CTG	0	0	67.2	
LenLEM3045_36 	10	1002013	1001943	Gly	GCC	0	0	69.8	
LenLEM3045_36 	11	467066	466995	Thr	AGT	0	0	71.7	
LenLEM3045_36 	12	466915	466832	Tyr	GTA	466878	466868	64.1	
