Sequence     		tRNA  	Bounds	tRNA	Anti	Intron Bounds	Inf	      
Name         	tRNA #	Begin 	End   	Type	Codon	Begin	End	Score	Note
--------     	------	----- 	------	----	-----	-----	----	------	------
LgeLEM452_03 	1	262010	262082	Lys	CTT	0	0	86.2	
LgeLEM452_05 	1	355358	355429	Arg	ACG	0	0	72.0	
LgeLEM452_06 	1	68855 	68768 	SeC	TCA	0	0	124.7	
LgeLEM452_07 	1	382346	382275	Arg	ACG	0	0	72.0	
LgeLEM452_09 	1	258246	258317	iMet	CAT	0	0	67.9	
LgeLEM452_09 	2	258378	258460	Leu	CAG	0	0	75.3	
LgeLEM452_09 	3	389013	389085	Val	CAC	0	0	65.2	
LgeLEM452_09 	4	389339	389409	His	GTG	0	0	62.0	
LgeLEM452_09 	5	402687	402758	Arg	CCG	0	0	66.8	
LgeLEM452_09 	6	402825	402895	His	GTG	0	0	62.0	
LgeLEM452_09 	7	402612	402540	Val	CAC	0	0	65.2	
LgeLEM452_09 	8	402301	402230	Glu	TTC	0	0	61.0	
LgeLEM452_09 	9	389663	389591	Phe	GAA	0	0	91.0	
LgeLEM452_10 	1	498298	498370	Lys	CTT	0	0	86.2	
LgeLEM452_10 	2	498608	498536	Asn	GTT	0	0	73.2	
LgeLEM452_10 	3	498481	498411	Gly	GCC	0	0	69.8	
LgeLEM452_11 	1	156805	156876	Ala	CGC	0	0	72.7	
LgeLEM452_11 	2	204861	204932	Ala	CGC	0	0	72.7	
LgeLEM452_11 	3	204995	205065	Gly	CCC	0	0	72.8	
LgeLEM452_11 	4	362780	362851	Arg	ACG	0	0	72.0	
LgeLEM452_11 	5	362704	362632	Met	CAT	0	0	72.5	
LgeLEM452_11 	6	156731	156650	Leu	AAG	0	0	74.7	
LgeLEM452_15 	1	292169	292240	Asp	GTC	0	0	70.6	
LgeLEM452_15 	2	292353	292282	Glu	CTC	0	0	65.2	
LgeLEM452_16 	1	445107	445036	Gln	CTG	0	0	67.2	
LgeLEM452_21 	1	441893	441964	Pro	AGG	0	0	66.6	
LgeLEM452_21 	2	442101	442174	Val	AAC	0	0	61.8	
LgeLEM452_21 	3	442238	442310	Lys	CTT	0	0	86.2	
LgeLEM452_21 	4	159656	159576	Ser	GCT	0	0	79.3	
LgeLEM452_23 	1	221695	221768	Ile	TAT	0	0	80.6	
LgeLEM452_23 	2	222854	222925	Arg	TCG	0	0	73.4	
LgeLEM452_23 	3	223239	223311	Lys	TTT	0	0	84.6	
LgeLEM452_23 	4	223497	223568	Trp	CCA	0	0	74.9	
LgeLEM452_23 	5	223421	223350	Gly	TCC	0	0	66.0	
LgeLEM452_23 	6	222781	222710	Thr	TGT	0	0	72.8	
LgeLEM452_23 	7	222647	222565	Leu	CAG	0	0	75.3	
LgeLEM452_23 	8	222342	222271	Arg	ACG	0	0	72.0	
LgeLEM452_23 	9	222024	221953	Gln	TTG	0	0	80.2	
LgeLEM452_23 	10	221886	221814	Val	TAC	0	0	71.7	
LgeLEM452_24 	1	212359	212430	Pro	CGG	0	0	70.8	
LgeLEM452_24 	2	644689	644760	Gln	CTG	0	0	67.2	
LgeLEM452_24 	3	645137	645210	Ile	AAT	0	0	80.1	
LgeLEM452_24 	4	647303	647376	Ile	AAT	0	0	80.1	
LgeLEM452_24 	5	705704	705633	Asp	GTC	0	0	70.6	
LgeLEM452_24 	6	645052	644971	Leu	TAA	0	0	62.4	
LgeLEM452_29 	1	818568	818488	Ser	CGA	0	0	67.6	
LgeLEM452_29 	2	818430	818349	Leu	CAA	0	0	75.9	
LgeLEM452_30 	1	763535	763464	Thr	CGT	0	0	70.2	
LgeLEM452_31 	1	183982	184054	Ala	AGC	0	0	54.8	
LgeLEM452_31 	2	1107489	1107561	Phe	GAA	0	0	91.0	
LgeLEM452_31 	3	1107694	1107614	Ser	AGA	0	0	69.8	
LgeLEM452_33 	1	102103	102174	Ala	TGC	0	0	72.9	
LgeLEM452_33 	2	481354	481282	Lys	CTT	0	0	86.2	
LgeLEM452_33 	3	102026	101954	Arg	TCT	0	0	75.2	
LgeLEM452_33 	4	101894	101822	Arg	CCT	0	0	76.0	
LgeLEM452_34 	1	1159663	1159734	Pro	CGG	0	0	70.8	
LgeLEM452_34 	2	1159796	1159868	Asn	GTT	0	0	73.2	
LgeLEM452_34 	3	1159581	1159510	Thr	CGT	0	0	70.2	
LgeLEM452_34 	4	1159447	1159364	Tyr	GTA	1159410	1159400	72.4	
LgeLEM452_34 	5	1159309	1159237	Asn	GTT	0	0	73.2	
LgeLEM452_36 	1	999755	999825	Gly	GCC	0	0	69.8	
LgeLEM452_36 	2	1000760	1000831	Pro	AGG	0	0	66.6	
LgeLEM452_36 	3	2424369	2424440	Cys	GCA	0	0	77.9	
LgeLEM452_36 	4	2425502	2425573	Pro	TGG	0	0	68.7	
LgeLEM452_36 	5	2425430	2425359	iMet	CAT	0	0	67.9	
LgeLEM452_36 	6	2425295	2425214	Leu	AAG	0	0	74.7	
LgeLEM452_36 	7	1573568	1573497	Gln	CTG	0	0	67.2	
LgeLEM452_36 	8	1000686	1000616	Gly	GCC	0	0	69.8	
LgeLEM452_36 	9	1000551	1000480	Thr	AGT	0	0	71.4	
LgeLEM452_36 	10	477671	477600	Thr	AGT	0	0	71.4	
LgeLEM452_36 	11	477521	477438	Tyr	GTA	477484	477474	72.4	
LGELEM452_SCAF000007	1	10191 	10270 	Leu	TAG	0	0	76.6	
LGELEM452_SCAF000007	2	10733 	10806 	Val	AAC	0	0	61.8	
LGELEM452_SCAF000007	3	10510 	10437 	Ile	AAT	0	0	80.1	
LGELEM452_SCAF000007	4	10373 	10301 	Met	CAT	0	0	72.5	
LGELEM452_SCAF000007	5	10116 	10036 	Ser	TGA	0	0	71.3	
LGELEM452_SCAF000066	1	444   	515   	Glu	CTC	0	0	65.2	
LGELEM452_SCAF000066	2	628   	558   	Gly	GCC	0	0	69.8	
LGELEM452_SCAF000082	1	659   	730   	Asp	GTC	0	0	70.6	
LGELEM452_SCAF000082	2	582   	502   	Ser	GCT	0	0	77.0	
LGELEM452_SCAF000082	3	442   	370   	Ala	AGC	0	0	54.8	
