Sequence		tRNA  	Bounds	tRNA	Anti	Intron Bounds	Inf	      
Name    	tRNA #	Begin 	End   	Type	Codon	Begin	End	Score	Note
--------	------	----- 	------	----	-----	-----	----	------	------
LinJ.03 	1	261697	261769	Lys	CTT	0	0	86.2	
LinJ.05 	1	365349	365420	Arg	ACG	0	0	72.0	
LinJ.06 	1	70280 	70193 	SeC	TCA	0	0	124.7	
LinJ.07 	1	385693	385622	Arg	ACG	0	0	72.0	
LinJ.09 	1	271965	272036	iMet	CAT	0	0	67.9	
LinJ.09 	2	272095	272177	Leu	CAG	0	0	75.3	
LinJ.09 	3	404745	404817	Val	CAC	0	0	65.2	
LinJ.09 	4	405060	405130	His	GTG	0	0	62.0	
LinJ.09 	5	418012	418083	Arg	CCG	0	0	66.8	
LinJ.09 	6	418150	418220	His	GTG	0	0	62.0	
LinJ.09 	7	417938	417866	Val	CAC	0	0	65.2	
LinJ.09 	8	417627	417556	Glu	TTC	0	0	61.0	
LinJ.09 	9	405380	405308	Phe	GAA	0	0	91.0	
LinJ.10 	1	552096	552168	Lys	CTT	0	0	86.2	
LinJ.10 	2	552439	552367	Asn	GTT	0	0	70.4	
LinJ.10 	3	552307	552237	Gly	GCC	0	0	69.8	
LinJ.11 	1	158369	158440	Ala	CGC	0	0	73.8	
LinJ.11 	2	164150	164231	Leu	AAG	0	0	74.7	
LinJ.11 	3	366631	366702	Arg	ACG	0	0	72.0	
LinJ.11 	4	366555	366483	Met	CAT	0	0	72.5	
LinJ.11 	5	164076	164005	Ala	CGC	0	0	73.8	
LinJ.11 	6	163946	163876	Gly	CCC	0	0	72.5	
LinJ.11 	7	158295	158214	Leu	AAG	0	0	74.7	
LinJ.15 	1	341449	341520	Asp	GTC	0	0	70.6	
LinJ.15 	2	341632	341561	Glu	CTC	0	0	65.2	
LinJ.16 	1	439444	439373	Gln	CTG	0	0	67.2	
LinJ.17 	1	351576	351656	Ser	GCT	0	0	77.0	
LinJ.17 	2	351717	351789	Ala	AGC	0	0	54.8	
LinJ.17 	3	351499	351428	Asp	GTC	0	0	70.6	
LinJ.21 	1	448901	448972	Pro	AGG	0	0	66.6	
LinJ.21 	2	449104	449177	Val	AAC	0	0	61.8	
LinJ.21 	3	449241	449313	Lys	CTT	0	0	86.2	
LinJ.21 	4	164710	164630	Ser	GCT	0	0	79.3	
LinJ.23 	1	223028	223101	Ile	TAT	0	0	80.6	
LinJ.23 	2	224179	224250	Arg	TCG	0	0	73.4	
LinJ.23 	3	224564	224636	Lys	TTT	0	0	82.3	
LinJ.23 	4	224834	224905	Trp	CCA	0	0	74.9	
LinJ.23 	5	224758	224687	Gly	TCC	0	0	66.0	
LinJ.23 	6	224106	224035	Thr	TGT	0	0	72.8	
LinJ.23 	7	223977	223895	Leu	CAG	0	0	75.3	
LinJ.23 	8	223672	223601	Arg	ACG	0	0	72.0	
LinJ.23 	9	223358	223287	Gln	TTG	0	0	80.2	
LinJ.23 	10	223218	223146	Val	TAC	0	0	71.7	
LinJ.24 	1	211826	211897	Pro	CGG	0	0	70.5	
LinJ.24 	2	644728	644799	Gln	CTG	0	0	67.2	
LinJ.24 	3	645178	645251	Ile	AAT	0	0	80.1	
LinJ.24 	4	647190	647263	Ile	AAT	0	0	80.1	
LinJ.24 	5	705038	704967	Asp	GTC	0	0	70.6	
LinJ.24 	6	645091	645010	Leu	TAA	0	0	62.4	
LinJ.29 	1	877704	877624	Ser	CGA	0	0	67.3	
LinJ.29 	2	877564	877483	Leu	CAA	0	0	77.1	
LinJ.30 	1	748498	748427	Thr	CGT	0	0	70.2	
LinJ.31 	1	203843	203915	Ala	AGC	0	0	54.8	
LinJ.31 	2	510600	510670	Gly	GCC	0	0	69.8	
LinJ.31 	3	1361539	1361611	Phe	GAA	0	0	91.0	
LinJ.31 	4	1361727	1361647	Ser	AGA	0	0	69.8	
LinJ.31 	5	510789	510718	Glu	CTC	0	0	65.2	
LinJ.33 	1	110703	110774	Ala	TGC	0	0	72.9	
LinJ.33 	2	546313	546241	Lys	CTT	0	0	86.2	
LinJ.33 	3	110626	110554	Arg	TCT	0	0	72.7	
LinJ.33 	4	110494	110422	Arg	CCT	0	0	76.0	
LinJ.34 	1	505790	505863	Ile	AAT	0	0	80.1	
LinJ.34 	2	505920	505992	Met	CAT	0	0	72.5	
LinJ.34 	3	506180	506260	Ser	TGA	0	0	71.3	
LinJ.34 	4	1540793	1540864	Pro	CGG	0	0	70.5	
LinJ.34 	5	1540927	1540999	Asn	GTT	0	0	73.2	
LinJ.34 	6	1540712	1540641	Thr	CGT	0	0	70.2	
LinJ.34 	7	1540579	1540496	Tyr	GTA	1540542	1540532	72.4	
LinJ.34 	8	1540434	1540362	Asn	GTT	0	0	73.2	
LinJ.34 	9	506105	506026	Leu	TAG	0	0	76.6	
LinJ.34 	10	505565	505492	Val	AAC	0	0	61.8	
LinJ.36 	1	494822	494893	Thr	AGT	0	0	71.4	
LinJ.36 	2	494975	495058	Tyr	GTA	495012	495022	72.4	
LinJ.36 	3	1057731	1057801	Gly	GCC	0	0	69.8	
LinJ.36 	4	1058638	1058709	Pro	AGG	0	0	66.6	
LinJ.36 	5	2530973	2531044	Cys	GCA	0	0	77.9	
LinJ.36 	6	2532123	2532194	Pro	TGG	0	0	68.7	
LinJ.36 	7	2532049	2531978	iMet	CAT	0	0	67.9	
LinJ.36 	8	2531916	2531835	Leu	AAG	0	0	74.7	
LinJ.36 	9	1648151	1648080	Gln	CTG	0	0	67.2	
LinJ.36 	10	1058565	1058495	Gly	GCC	0	0	69.8	
LinJ.36 	11	1058428	1058357	Thr	AGT	0	0	71.4	
LinJ.36 	12	493943	493872	Thr	AGT	0	0	71.4	
LinJ.36 	13	493790	493707	Tyr	GTA	493753	493743	72.4	
