Sequence   		tRNA  	Bounds	tRNA	Anti	Intron Bounds	Inf	      
Name       	tRNA #	Begin 	End   	Type	Codon	Begin	End	Score	Note
--------   	------	----- 	------	----	-----	-----	----	------	------
LmjSD75_03 	1	258678	258750	Lys	CTT	0	0	86.2	
LmjSD75_05 	1	352241	352312	Arg	ACG	0	0	72.0	
LmjSD75_06 	1	68854 	68767 	SeC	TCA	0	0	124.7	
LmjSD75_07 	1	372646	372575	Arg	ACG	0	0	72.0	
LmjSD75_09 	1	260600	260671	iMet	CAT	0	0	67.9	
LmjSD75_09 	2	260730	260812	Leu	CAG	0	0	75.3	
LmjSD75_09 	3	388446	388518	Val	CAC	0	0	65.2	
LmjSD75_09 	4	388772	388842	His	GTG	0	0	62.0	
LmjSD75_09 	5	401878	401949	Arg	CCG	0	0	66.8	
LmjSD75_09 	6	402016	402086	His	GTG	0	0	62.0	
LmjSD75_09 	7	401803	401731	Val	CAC	0	0	65.2	
LmjSD75_09 	8	401492	401421	Glu	TTC	0	0	61.0	
LmjSD75_09 	9	389095	389023	Phe	GAA	0	0	91.0	
LmjSD75_10 	1	508887	508959	Lys	CTT	0	0	86.2	
LmjSD75_10 	2	509200	509128	Asn	GTT	0	0	73.2	
LmjSD75_10 	3	509071	509001	Gly	GCC	0	0	69.8	
LmjSD75_11 	1	156666	156737	Ala	CGC	0	0	73.8	
LmjSD75_11 	2	156799	156869	Gly	CCC	0	0	72.8	
LmjSD75_11 	3	163309	163390	Leu	AAG	0	0	74.7	
LmjSD75_11 	4	368323	368394	Arg	ACG	0	0	72.0	
LmjSD75_11 	5	368246	368174	Met	CAT	0	0	72.5	
LmjSD75_11 	6	163235	163164	Ala	CGC	0	0	73.8	
LmjSD75_11 	7	156592	156511	Leu	AAG	0	0	74.7	
LmjSD75_15 	1	294500	294571	Asp	GTC	0	0	70.6	
LmjSD75_15 	2	294683	294612	Glu	CTC	0	0	65.2	
LmjSD75_16 	1	434186	434115	Gln	CTG	0	0	67.2	
LmjSD75_17 	1	315648	315728	Ser	GCT	0	0	77.0	
LmjSD75_17 	2	315790	315862	Ala	AGC	0	0	54.8	
LmjSD75_17 	3	315570	315499	Asp	GTC	0	0	70.6	
LmjSD75_21 	1	441030	441101	Pro	AGG	0	0	66.6	
LmjSD75_21 	2	441253	441326	Val	AAC	0	0	61.8	
LmjSD75_21 	3	441389	441461	Lys	CTT	0	0	86.2	
LmjSD75_21 	4	156647	156567	Ser	GCT	0	0	79.3	
LmjSD75_23 	1	223244	223317	Ile	TAT	0	0	80.6	
LmjSD75_23 	2	224404	224475	Arg	TCG	0	0	73.4	
LmjSD75_23 	3	224790	224862	Lys	TTT	0	0	84.6	
LmjSD75_23 	4	225048	225119	Trp	CCA	0	0	74.9	
LmjSD75_23 	5	224972	224901	Gly	TCC	0	0	66.0	
LmjSD75_23 	6	224331	224260	Thr	TGT	0	0	72.8	
LmjSD75_23 	7	224199	224117	Leu	CAG	0	0	75.3	
LmjSD75_23 	8	223892	223821	Arg	ACG	0	0	72.0	
LmjSD75_23 	9	223573	223502	Gln	TTG	0	0	80.2	
LmjSD75_23 	10	223434	223362	Val	TAC	0	0	71.7	
LmjSD75_24 	1	198606	198677	Pro	CGG	0	0	70.8	
LmjSD75_24 	2	619177	619248	Gln	CTG	0	0	67.2	
LmjSD75_24 	3	619622	619695	Ile	AAT	0	0	80.1	
LmjSD75_24 	4	621017	621090	Ile	AAT	0	0	80.1	
LmjSD75_24 	5	678821	678750	Asp	GTC	0	0	70.6	
LmjSD75_24 	6	619542	619461	Leu	TAA	0	0	62.4	
LmjSD75_29 	1	799547	799467	Ser	CGA	0	0	67.6	
LmjSD75_29 	2	799408	799327	Leu	CAA	0	0	77.1	
LmjSD75_30 	1	745402	745331	Thr	CGT	0	0	70.2	
LmjSD75_31 	1	192994	193066	Ala	AGC	0	0	54.8	
LmjSD75_31 	2	469104	469174	Gly	GCC	0	0	69.8	
LmjSD75_31 	3	1247476	1247548	Phe	GAA	0	0	91.0	
LmjSD75_31 	4	1247681	1247601	Ser	AGA	0	0	69.8	
LmjSD75_31 	5	469291	469220	Glu	CTC	0	0	65.2	
LmjSD75_33 	1	104928	104999	Ala	TGC	0	0	72.9	
LmjSD75_33 	2	492164	492092	Lys	CTT	0	0	35.5	pseudo
LmjSD75_33 	3	104851	104779	Arg	TCT	0	0	72.7	
LmjSD75_33 	4	104719	104647	Arg	CCT	0	0	76.0	
LmjSD75_34 	1	462799	462872	Ile	AAT	0	0	80.1	
LmjSD75_34 	2	462933	463005	Met	CAT	0	0	72.5	
LmjSD75_34 	3	463195	463275	Ser	TGA	0	0	71.3	
LmjSD75_34 	4	1328927	1328998	Pro	CGG	0	0	70.8	
LmjSD75_34 	5	1329062	1329134	Asn	GTT	0	0	73.2	
LmjSD75_34 	6	1328845	1328774	Thr	CGT	0	0	70.2	
LmjSD75_34 	7	1328709	1328626	Tyr	GTA	1328672	1328662	72.4	
LmjSD75_34 	8	1328567	1328495	Asn	GTT	0	0	73.2	
LmjSD75_34 	9	463120	463041	Leu	TAG	0	0	76.6	
LmjSD75_34 	10	462565	462492	Val	AAC	0	0	61.8	
LmjSD75_36 	1	473832	473903	Thr	AGT	0	0	71.4	
LmjSD75_36 	2	473987	474070	Tyr	GTA	474024	474034	72.4	
LmjSD75_36 	3	1008435	1008505	Gly	GCC	0	0	69.8	
LmjSD75_36 	4	1009423	1009494	Pro	AGG	0	0	66.6	
LmjSD75_36 	5	2437939	2438010	Cys	GCA	0	0	77.9	
LmjSD75_36 	6	2439089	2439160	Pro	TGG	0	0	68.7	
LmjSD75_36 	7	2439016	2438945	iMet	CAT	0	0	67.9	
LmjSD75_36 	8	2438882	2438801	Leu	AAG	0	0	74.7	
LmjSD75_36 	9	1582080	1582009	Gln	CTG	0	0	67.2	
LmjSD75_36 	10	1009349	1009279	Gly	GCC	0	0	69.8	
LmjSD75_36 	11	1009216	1009145	Thr	AGT	0	0	71.4	
