Sequence   		tRNA  	Bounds	tRNA	Anti	Intron Bounds	Inf	      
Name       	tRNA #	Begin 	End   	Type	Codon	Begin	End	Score	Note
--------   	------	----- 	------	----	-----	-----	----	------	------
LmjLV39_03 	1	263659	263731	Lys	CTT	0	0	86.2	
LmjLV39_05 	1	357297	357368	Arg	ACG	0	0	72.0	
LmjLV39_06 	1	69985 	69898 	SeC	TCA	0	0	124.7	
LmjLV39_07 	1	379492	379421	Arg	ACG	0	0	72.0	
LmjLV39_09 	1	264915	264986	iMet	CAT	0	0	67.9	
LmjLV39_09 	2	265045	265127	Leu	CAG	0	0	75.3	
LmjLV39_09 	3	394854	394926	Val	CAC	0	0	65.2	
LmjLV39_09 	4	395179	395249	His	GTG	0	0	62.0	
LmjLV39_09 	5	408282	408353	Arg	CCG	0	0	66.8	
LmjLV39_09 	6	408420	408490	His	GTG	0	0	62.0	
LmjLV39_09 	7	408207	408135	Val	CAC	0	0	65.2	
LmjLV39_09 	8	407897	407826	Glu	TTC	0	0	61.0	
LmjLV39_09 	9	395502	395430	Phe	GAA	0	0	91.0	
LmjLV39_10 	1	511627	511699	Lys	CTT	0	0	86.2	
LmjLV39_10 	2	511940	511868	Asn	GTT	0	0	73.2	
LmjLV39_10 	3	511811	511741	Gly	GCC	0	0	69.8	
LmjLV39_11 	1	158594	158665	Ala	CGC	0	0	73.8	
LmjLV39_11 	2	373206	373277	Arg	ACG	0	0	72.0	
LmjLV39_11 	3	373129	373057	Met	CAT	0	0	72.5	
LmjLV39_11 	4	158520	158439	Leu	AAG	0	0	74.7	
LmjLV39_15 	1	306045	306116	Asp	GTC	0	0	70.6	
LmjLV39_15 	2	306228	306157	Glu	CTC	0	0	65.2	
LmjLV39_16 	1	444621	444550	Gln	CTG	0	0	67.2	
LmjLV39_17 	1	317508	317588	Ser	GCT	0	0	77.0	
LmjLV39_17 	2	317650	317722	Ala	AGC	0	0	54.8	
LmjLV39_17 	3	317430	317359	Asp	GTC	0	0	70.6	
LmjLV39_21 	1	445509	445580	Pro	AGG	0	0	66.6	
LmjLV39_21 	2	445732	445805	Val	AAC	0	0	61.8	
LmjLV39_21 	3	445868	445940	Lys	CTT	0	0	86.2	
LmjLV39_21 	4	159395	159315	Ser	GCT	0	0	79.3	
LmjLV39_23 	1	230757	230830	Ile	TAT	0	0	80.6	
LmjLV39_23 	2	231917	231988	Arg	TCG	0	0	73.4	
LmjLV39_23 	3	232303	232375	Lys	TTT	0	0	84.6	
LmjLV39_23 	4	232561	232632	Trp	CCA	0	0	74.9	
LmjLV39_23 	5	232485	232414	Gly	TCC	0	0	66.0	
LmjLV39_23 	6	231844	231773	Thr	TGT	0	0	72.8	
LmjLV39_23 	7	231712	231630	Leu	CAG	0	0	75.3	
LmjLV39_23 	8	231405	231334	Arg	ACG	0	0	72.0	
LmjLV39_23 	9	231086	231015	Gln	TTG	0	0	80.2	
LmjLV39_23 	10	230947	230875	Val	TAC	0	0	71.7	
LmjLV39_24 	1	222239	222310	Pro	CGG	0	0	70.8	
LmjLV39_24 	2	644647	644718	Gln	CTG	0	0	67.2	
LmjLV39_24 	3	645099	645172	Ile	AAT	0	0	80.1	
LmjLV39_24 	4	646494	646567	Ile	AAT	0	0	80.1	
LmjLV39_24 	5	704242	704171	Asp	GTC	0	0	70.6	
LmjLV39_24 	6	645011	644930	Leu	TAA	0	0	62.4	
LmjLV39_29 	1	817541	817461	Ser	CGA	0	0	67.6	
LmjLV39_29 	2	817402	817321	Leu	CAA	0	0	77.1	
LmjLV39_30 	1	751714	751643	Thr	CGT	0	0	70.2	
LmjLV39_31 	1	203858	203930	Ala	AGC	0	0	54.8	
LmjLV39_31 	2	476732	476802	Gly	GCC	0	0	69.8	
LmjLV39_31 	3	1279149	1279221	Phe	GAA	0	0	91.0	
LmjLV39_31 	4	1279354	1279274	Ser	AGA	0	0	69.8	
LmjLV39_31 	5	476919	476848	Glu	CTC	0	0	65.2	
LmjLV39_33 	1	106755	106826	Ala	TGC	0	0	72.9	
LmjLV39_33 	2	504102	504030	Lys	CTT	0	0	35.5	pseudo
LmjLV39_33 	3	106678	106606	Arg	TCT	0	0	72.7	
LmjLV39_33 	4	106546	106474	Arg	CCT	0	0	76.0	
LmjLV39_34 	1	484031	484104	Ile	AAT	0	0	80.1	
LmjLV39_34 	2	484166	484238	Met	CAT	0	0	72.5	
LmjLV39_34 	3	484428	484508	Ser	TGA	0	0	71.3	
LmjLV39_34 	4	1381595	1381666	Pro	CGG	0	0	70.8	
LmjLV39_34 	5	1381730	1381802	Asn	GTT	0	0	73.2	
LmjLV39_34 	6	1381513	1381442	Thr	CGT	0	0	70.2	
LmjLV39_34 	7	1381377	1381294	Tyr	GTA	1381340	1381330	72.4	
LmjLV39_34 	8	1381235	1381163	Asn	GTT	0	0	73.2	
LmjLV39_34 	9	484353	484274	Leu	TAG	0	0	76.6	
LmjLV39_34 	10	483797	483724	Val	AAC	0	0	61.8	
LmjLV39_36 	1	484210	484281	Thr	AGT	0	0	71.4	
LmjLV39_36 	2	484362	484445	Tyr	GTA	484399	484409	72.4	
LmjLV39_36 	3	1028436	1028506	Gly	GCC	0	0	69.8	
LmjLV39_36 	4	1029427	1029498	Pro	AGG	0	0	66.6	
LmjLV39_36 	5	2475816	2475887	Cys	GCA	0	0	77.9	
LmjLV39_36 	6	2476966	2477037	Pro	TGG	0	0	68.7	
LmjLV39_36 	7	2476893	2476822	iMet	CAT	0	0	67.9	
LmjLV39_36 	8	2476759	2476678	Leu	AAG	0	0	74.7	
LmjLV39_36 	9	1606419	1606348	Gln	CTG	0	0	67.2	
LmjLV39_36 	10	1029353	1029283	Gly	GCC	0	0	69.8	
LmjLV39_36 	11	1029220	1029149	Thr	AGT	0	0	71.4	
LMJLV39_SCAF000544	1	970   	1051  	Leu	AAG	0	0	74.7	
LMJLV39_SCAF000544	2	896   	825   	Ala	CGC	0	0	73.8	
LMJLV39_SCAF000544	3	763   	693   	Gly	CCC	0	0	72.8	
LMJLV39_SCAF000576	1	574   	655   	Leu	AAG	0	0	74.7	
LMJLV39_SCAF000576	2	500   	429   	Ala	CGC	0	0	73.8	
