Sequence		tRNA  	Bounds	tRNA	Anti	Intron Bounds	Inf	      
Name    	tRNA #	Begin 	End   	Type	Codon	Begin	End	Score	Note
--------	------	----- 	------	----	-----	-----	----	------	------
LmjF.03 	1	259299	259371	Lys	CTT	0	0	86.2	
LmjF.05 	1	359953	360024	Arg	ACG	0	0	72.0	
LmjF.06 	1	69674 	69587 	SeC	TCA	0	0	124.7	
LmjF.07 	1	381477	381406	Arg	ACG	0	0	72.0	
LmjF.09 	1	277080	277151	iMet	CAT	0	0	67.9	
LmjF.09 	2	277210	277292	Leu	CAG	0	0	75.3	
LmjF.09 	3	405536	405608	Val	CAC	0	0	65.2	
LmjF.09 	4	405863	405933	His	GTG	0	0	62.0	
LmjF.09 	5	418948	419019	Arg	CCG	0	0	66.8	
LmjF.09 	6	419086	419156	His	GTG	0	0	62.0	
LmjF.09 	7	418873	418801	Val	CAC	0	0	65.2	
LmjF.09 	8	418561	418490	Glu	TTC	0	0	61.0	
LmjF.09 	9	406186	406114	Phe	GAA	0	0	91.0	
LmjF.10 	1	533083	533155	Lys	CTT	0	0	86.2	
LmjF.10 	2	533397	533325	Asn	GTT	0	0	73.2	
LmjF.10 	3	533268	533198	Gly	GCC	0	0	69.8	
LmjF.11 	1	157116	157187	Ala	CGC	0	0	73.8	
LmjF.11 	2	157249	157319	Gly	CCC	0	0	72.8	
LmjF.11 	3	162871	162952	Leu	AAG	0	0	74.7	
LmjF.11 	4	381491	381562	Arg	ACG	0	0	72.0	
LmjF.11 	5	381414	381342	Met	CAT	0	0	72.5	
LmjF.11 	6	162797	162726	Ala	CGC	0	0	73.8	
LmjF.11 	7	157042	156961	Leu	AAG	0	0	74.7	
LmjF.15 	1	322951	323022	Asp	GTC	0	0	70.6	
LmjF.15 	2	323134	323063	Glu	CTC	0	0	65.2	
LmjF.16 	1	455504	455433	Gln	CTG	0	0	67.2	
LmjF.17 	1	344131	344211	Ser	GCT	0	0	77.0	
LmjF.17 	2	344273	344345	Ala	AGC	0	0	54.8	
LmjF.17 	3	344053	343982	Asp	GTC	0	0	70.6	
LmjF.21 	1	449050	449121	Pro	AGG	0	0	66.6	
LmjF.21 	2	449273	449346	Val	AAC	0	0	61.8	
LmjF.21 	3	449409	449481	Lys	CTT	0	0	86.2	
LmjF.21 	4	166427	166347	Ser	GCT	0	0	79.3	
LmjF.23 	1	225170	225243	Ile	TAT	0	0	80.6	
LmjF.23 	2	226330	226401	Arg	TCG	0	0	73.4	
LmjF.23 	3	226716	226788	Lys	TTT	0	0	84.6	
LmjF.23 	4	226974	227045	Trp	CCA	0	0	74.9	
LmjF.23 	5	226898	226827	Gly	TCC	0	0	66.0	
LmjF.23 	6	226257	226186	Thr	TGT	0	0	72.8	
LmjF.23 	7	226125	226043	Leu	CAG	0	0	75.3	
LmjF.23 	8	225818	225747	Arg	ACG	0	0	72.0	
LmjF.23 	9	225499	225428	Gln	TTG	0	0	80.2	
LmjF.23 	10	225360	225288	Val	TAC	0	0	71.7	
LmjF.24 	1	205316	205387	Pro	CGG	0	0	70.8	
LmjF.24 	2	621492	621563	Gln	CTG	0	0	67.2	
LmjF.24 	3	621944	622017	Ile	AAT	0	0	80.1	
LmjF.24 	4	623339	623412	Ile	AAT	0	0	80.1	
LmjF.24 	5	681056	680985	Asp	GTC	0	0	70.6	
LmjF.24 	6	621858	621777	Leu	TAA	0	0	62.4	
LmjF.29 	1	819893	819813	Ser	CGA	0	0	67.6	
LmjF.29 	2	819754	819673	Leu	CAA	0	0	77.1	
LmjF.30 	1	785566	785495	Thr	CGT	0	0	70.2	
LmjF.31 	1	203934	204006	Ala	AGC	0	0	54.8	
LmjF.31 	2	494626	494696	Gly	GCC	0	0	69.8	
LmjF.31 	3	1315549	1315621	Phe	GAA	0	0	91.0	
LmjF.31 	4	1315754	1315674	Ser	AGA	0	0	69.8	
LmjF.31 	5	494813	494742	Glu	CTC	0	0	65.2	
LmjF.33 	1	106938	107009	Ala	TGC	0	0	72.9	
LmjF.33 	2	600713	600641	Lys	CTT	0	0	35.5	pseudo
LmjF.33 	3	106861	106789	Arg	TCT	0	0	72.7	
LmjF.33 	4	106729	106657	Arg	CCT	0	0	76.0	
LmjF.34 	1	470432	470505	Ile	AAT	0	0	80.1	
LmjF.34 	2	470567	470639	Met	CAT	0	0	72.5	
LmjF.34 	3	470829	470909	Ser	TGA	0	0	71.3	
LmjF.34 	4	1534880	1534951	Pro	CGG	0	0	70.8	
LmjF.34 	5	1535015	1535087	Asn	GTT	0	0	73.2	
LmjF.34 	6	1534798	1534727	Thr	CGT	0	0	70.2	
LmjF.34 	7	1534662	1534579	Tyr	GTA	1534625	1534615	72.4	
LmjF.34 	8	1534520	1534448	Asn	GTT	0	0	73.2	
LmjF.34 	9	470754	470675	Leu	TAG	0	0	76.6	
LmjF.34 	10	470198	470125	Val	AAC	0	0	61.8	
LmjF.36 	1	492629	492700	Thr	AGT	0	0	71.4	
LmjF.36 	2	492783	492866	Tyr	GTA	492820	492830	72.4	
LmjF.36 	3	1032512	1032582	Gly	GCC	0	0	69.8	
LmjF.36 	4	1033504	1033575	Pro	AGG	0	0	66.6	
LmjF.36 	5	2468974	2469045	Cys	GCA	0	0	77.9	
LmjF.36 	6	2470124	2470195	Pro	TGG	0	0	68.7	
LmjF.36 	7	2470051	2469980	iMet	CAT	0	0	67.9	
LmjF.36 	8	2469917	2469836	Leu	AAG	0	0	74.7	
LmjF.36 	9	1607714	1607643	Gln	CTG	0	0	67.2	
LmjF.36 	10	1033430	1033360	Gly	GCC	0	0	69.8	
LmjF.36 	11	1033297	1033226	Thr	AGT	0	0	71.4	
LmjF.36 	12	491804	491733	Thr	AGT	0	0	71.4	
LmjF.36 	13	491652	491569	Tyr	GTA	491615	491605	72.4	
