Sequence		tRNA  	Bounds	tRNA	Anti	Intron Bounds	Inf	      
Name    	tRNA #	Begin 	End   	Type	Codon	Begin	End	Score	Note
--------	------	----- 	------	----	-----	-----	----	------	------
LmxM.03 	1	249999	250071	Lys	CTT	0	0	86.2	
LmxM.05 	1	361857	361928	Arg	ACG	0	0	72.0	
LmxM.06 	1	69439 	69352 	SeC	TCA	0	0	124.7	
LmxM.07 	1	362263	362192	Arg	ACG	0	0	72.0	
LmxM.08 	1	371234	371314	Ser	CGA	0	0	67.6	
LmxM.08 	2	371370	371451	Leu	CAA	0	0	77.1	
LmxM.09 	1	252160	252231	iMet	CAT	0	0	67.9	
LmxM.09 	2	252293	252375	Leu	CAG	0	0	75.3	
LmxM.09 	3	380785	380857	Val	CAC	0	0	65.2	
LmxM.09 	4	381102	381172	His	GTG	0	0	62.0	
LmxM.09 	5	391883	391954	Arg	CCG	0	0	66.8	
LmxM.09 	6	392019	392089	His	GTG	0	0	62.0	
LmxM.09 	7	391808	391736	Val	CAC	0	0	65.2	
LmxM.09 	8	391499	391428	Glu	TTC	0	0	61.0	
LmxM.09 	9	381436	381364	Phe	GAA	0	0	91.0	
LmxM.10 	1	480568	480640	Lys	CTT	0	0	86.2	
LmxM.10 	2	480877	480805	Asn	GTT	0	0	73.2	
LmxM.10 	3	480748	480678	Gly	GCC	0	0	69.8	
LmxM.11 	1	158306	158377	Ala	CGC	0	0	73.8	
LmxM.11 	2	163620	163701	Leu	AAG	0	0	74.7	
LmxM.11 	3	361496	361567	Arg	ACG	0	0	72.0	
LmxM.11 	4	361420	361348	Met	CAT	0	0	72.5	
LmxM.11 	5	163546	163475	Ala	CGC	0	0	73.8	
LmxM.11 	6	163414	163344	Gly	CCC	0	0	72.8	
LmxM.11 	7	158232	158151	Leu	AAG	0	0	74.7	
LmxM.15 	1	288738	288809	Asp	GTC	0	0	70.6	
LmxM.15 	2	288921	288850	Glu	CTC	0	0	65.2	
LmxM.16 	1	439334	439263	Gln	CTG	0	0	67.2	
LmxM.17 	1	330915	330995	Ser	GCT	0	0	77.0	
LmxM.17 	2	331056	331128	Ala	AGC	0	0	54.8	
LmxM.17 	3	330838	330767	Asp	GTC	0	0	70.6	
LmxM.20 	1	485635	485706	Thr	AGT	0	0	71.4	
LmxM.20 	2	485798	485881	Tyr	GTA	485835	485845	72.4	
LmxM.20 	3	1018965	1019035	Gly	GCC	0	0	69.8	
LmxM.20 	4	1019611	1019682	Pro	AGG	0	0	71.0	
LmxM.20 	5	2433914	2433985	Cys	GCA	0	0	77.9	
LmxM.20 	6	2435038	2435109	Pro	TGG	0	0	68.7	
LmxM.20 	7	2434965	2434894	iMet	CAT	0	0	67.9	
LmxM.20 	8	2434830	2434749	Leu	AAG	0	0	74.7	
LmxM.20 	9	1587196	1587125	Gln	CTG	0	0	67.2	
LmxM.20 	10	1019537	1019467	Gly	GCC	0	0	69.8	
LmxM.20 	11	1019403	1019332	Thr	AGT	0	0	71.4	
LmxM.20 	12	484855	484784	Thr	AGT	0	0	71.4	
LmxM.20 	13	484692	484609	Tyr	GTA	484655	484645	72.4	
LmxM.21 	1	431007	431078	Pro	AGG	0	0	66.6	
LmxM.21 	2	431226	431299	Val	AAC	0	0	61.8	
LmxM.21 	3	431365	431437	Lys	CTT	0	0	86.2	
LmxM.21 	4	156319	156239	Ser	GCT	0	0	79.3	
LmxM.23 	1	217271	217344	Ile	TAT	0	0	80.6	
LmxM.23 	2	218428	218499	Arg	TCG	0	0	73.4	
LmxM.23 	3	218816	218888	Lys	TTT	0	0	82.3	
LmxM.23 	4	219076	219147	Trp	CCA	0	0	74.9	
LmxM.23 	5	219000	218929	Gly	TCC	0	0	66.0	
LmxM.23 	6	218355	218284	Thr	TGT	0	0	72.8	
LmxM.23 	7	218224	218142	Leu	CAG	0	0	75.3	
LmxM.23 	8	217922	217851	Arg	ACG	0	0	72.0	
LmxM.23 	9	217608	217537	Gln	TTG	0	0	80.2	
LmxM.23 	10	217469	217397	Val	TAC	0	0	71.7	
LmxM.24 	1	206541	206612	Pro	CGG	0	0	70.5	
LmxM.24 	2	626468	626539	Gln	CTG	0	0	67.2	
LmxM.24 	3	626942	627015	Ile	AAT	0	0	80.1	
LmxM.24 	4	628063	628136	Ile	AAT	0	0	80.1	
LmxM.24 	5	685064	684993	Asp	GTC	0	0	70.6	
LmxM.24 	6	626860	626779	Leu	TAA	0	0	62.4	
LmxM.29 	1	736618	736547	Thr	CGT	0	0	70.2	
LmxM.30 	1	219043	219115	Ala	AGC	0	0	54.8	
LmxM.30 	2	487888	487958	Gly	GCC	0	0	69.8	
LmxM.30 	3	1278048	1278120	Phe	GAA	0	0	91.0	
LmxM.30 	4	1278243	1278163	Ser	AGA	0	0	69.8	
LmxM.30 	5	488079	488008	Glu	CTC	0	0	65.2	
LmxM.32 	1	101800	101871	Ala	TGC	0	0	72.9	
LmxM.32 	2	485340	485268	Lys	CTT	0	0	86.2	
LmxM.32 	3	101724	101652	Arg	TCT	0	0	75.2	
LmxM.32 	4	101592	101520	Arg	CCT	0	0	76.0	
LmxM.33 	1	455103	455176	Ile	AAT	0	0	80.1	
LmxM.33 	2	455237	455309	Met	CAT	0	0	72.5	
LmxM.33 	3	455497	455577	Ser	TGA	0	0	71.3	
LmxM.33 	4	1338482	1338553	Pro	CGG	0	0	70.5	
LmxM.33 	5	1338614	1338686	Asn	GTT	0	0	73.2	
LmxM.33 	6	1338397	1338326	Thr	CGT	0	0	70.2	
LmxM.33 	7	1338259	1338176	Tyr	GTA	1338222	1338212	72.4	
LmxM.33 	8	1338116	1338044	Asn	GTT	0	0	73.2	
LmxM.33 	9	455422	455343	Leu	TAG	0	0	76.6	
LmxM.33 	10	454870	454797	Val	AAC	0	0	61.8	
