Sequence  		tRNA  	Bounds	tRNA	Anti	Intron Bounds	Inf	      
Name      	tRNA #	Begin 	End   	Type	Codon	Begin	End	Score	Note
--------  	------	----- 	------	----	-----	-----	----	------	------
LpaL13_04 	1	13301 	13372 	Arg	ACG	0	0	72.0	
LpaL13_05 	1	332495	332566	Arg	ACG	0	0	72.0	
LpaL13_06 	1	71573 	71486 	SeC	TCA	0	0	124.7	
LpaL13_09 	1	264966	265037	iMet	CAT	0	0	67.9	
LpaL13_09 	2	265097	265179	Leu	CAG	0	0	75.3	
LpaL13_09 	3	364765	364837	Val	CAC	0	0	65.2	
LpaL13_09 	4	365096	365166	His	GTG	0	0	62.0	
LpaL13_09 	5	378428	378499	Arg	CCG	0	0	66.8	
LpaL13_09 	6	378561	378631	His	GTG	0	0	62.0	
LpaL13_09 	7	378353	378281	Val	CAC	0	0	65.2	
LpaL13_09 	8	378039	377968	Glu	TTC	0	0	61.0	
LpaL13_10 	1	460940	461012	Lys	CTT	0	0	86.2	
LpaL13_10 	2	461249	461177	Asn	GTT	0	0	73.2	
LpaL13_11 	1	86393 	86464 	Ala	CGC	0	0	73.8	
LpaL13_11 	2	86521 	86591 	Gly	CCC	0	0	72.8	
LpaL13_11 	3	332498	332569	Arg	ACG	0	0	72.0	
LpaL13_11 	4	332427	332355	Met	CAT	0	0	72.5	
LpaL13_11 	5	86321 	86240 	Leu	AAG	0	0	74.7	
LpaL13_15 	1	274218	274289	Asp	GTC	0	0	70.6	
LpaL13_15 	2	274503	274574	Asp	GTC	0	0	70.6	
LpaL13_15 	3	274677	274606	Glu	CTC	0	0	65.2	
LpaL13_15 	4	274392	274321	Glu	CTC	0	0	65.2	
LpaL13_16 	1	389756	389837	Leu	TAA	0	0	62.4	
LpaL13_16 	2	391443	391372	Gln	CTG	0	0	67.2	
LpaL13_16 	3	390096	390025	Gln	CTG	0	0	67.2	
LpaL13_16 	4	389499	389428	Gln	CTG	0	0	67.2	
LpaL13_17 	1	292683	292763	Ser	GCT	0	0	77.0	
LpaL13_17 	2	292823	292895	Ala	AGC	0	0	54.8	
LpaL13_17 	3	292606	292535	Asp	GTC	0	0	70.6	
LpaL13_20.1	1	396952	397025	Ile	AAT	0	0	80.1	
LpaL13_20.1	2	397088	397160	Met	CAT	0	0	72.5	
LpaL13_20.1	3	397372	397452	Ser	TGA	0	0	71.3	
LpaL13_20.1	4	1245404	1245475	Thr	CGT	0	0	70.2	
LpaL13_20.1	5	1245534	1245617	Tyr	GTA	1245571	1245581	72.4	
LpaL13_20.1	6	1245682	1245754	Asn	GTT	0	0	73.2	
LpaL13_20.1	7	1245324	1245253	Pro	CGG	0	0	70.8	
LpaL13_20.1	8	1245194	1245122	Asn	GTT	0	0	69.4	
LpaL13_20.1	9	397296	397217	Leu	TAG	0	0	76.6	
LpaL13_20.1	10	396802	396729	Val	AAC	0	0	61.8	
LpaL13_21 	1	388374	388447	Val	AAC	0	0	61.8	
LpaL13_21 	2	388510	388582	Lys	CTT	0	0	86.2	
LpaL13_21 	3	149960	149880	Ser	GCT	0	0	79.3	
LpaL13_23 	1	221245	221318	Ile	TAT	0	0	77.4	
LpaL13_23 	2	222433	222504	Arg	TCG	0	0	73.4	
LpaL13_23 	3	222832	222904	Lys	TTT	0	0	84.6	
LpaL13_23 	4	223088	223159	Trp	CCA	0	0	78.2	
LpaL13_23 	5	223012	222941	Gly	TCC	0	0	66.0	
LpaL13_23 	6	222359	222288	Thr	TGT	0	0	73.1	
LpaL13_23 	7	222228	222146	Leu	CAG	0	0	75.3	
LpaL13_23 	8	221917	221846	Arg	ACG	0	0	65.2	
LpaL13_23 	9	221585	221514	Gln	TTG	0	0	80.5	
LpaL13_23 	10	221447	221375	Val	TAC	0	0	71.7	
LpaL13_24 	1	112881	112952	Pro	CGG	0	0	70.8	
LpaL13_24 	2	616775	616848	Ile	AAT	0	0	80.1	
LpaL13_24 	3	674152	674081	Asp	GTC	0	0	70.6	
LpaL13_30 	1	670470	670399	Thr	CGT	0	0	70.2	
LpaL13_31 	1	193063	193135	Ala	AGC	0	0	54.8	
LpaL13_31 	2	517047	517117	Gly	GCC	0	0	69.8	
LpaL13_31 	3	1150058	1150130	Phe	GAA	0	0	91.0	
LpaL13_31 	4	1150253	1150173	Ser	AGA	0	0	66.4	
LpaL13_31 	5	517518	517447	Glu	CTC	0	0	65.2	
LpaL13_31 	6	517236	517165	Glu	CTC	0	0	65.2	
LpaL13_33 	1	74768 	74839 	Ala	TGC	0	0	72.9	
LpaL13_33 	2	473066	472994	Lys	CTT	0	0	86.2	
LpaL13_33 	3	464485	464413	Lys	CTT	0	0	86.2	
LpaL13_33 	4	74691 	74619 	Arg	TCT	0	0	75.2	
LpaL13_33 	5	74558 	74486 	Arg	CCT	0	0	76.0	
LpaL13_35 	1	463939	464010	Thr	AGT	0	0	71.4	
LpaL13_35 	2	464078	464161	Tyr	GTA	464115	464125	72.4	
LpaL13_35 	3	972399	972469	Gly	GCC	0	0	69.8	
LpaL13_35 	4	972532	972603	Thr	AGT	0	0	71.4	
LpaL13_35 	5	2375255	2375326	Cys	GCA	0	0	77.9	
LpaL13_35 	6	2377689	2377760	Pro	TGG	0	0	68.7	
LpaL13_35 	7	2377616	2377545	iMet	CAT	0	0	67.9	
LpaL13_35 	8	2377478	2377397	Leu	AAG	0	0	74.7	
LpaL13_35 	9	973112	973042	Gly	GCC	0	0	69.8	
LpaL13_35 	10	972979	972908	Thr	AGT	0	0	71.4	
LpaL13_35 	11	972325	972254	Pro	AGG	0	0	66.6	
LPAL13_SCAF000038	1	435   	364   	Pro	AGG	0	0	66.6	
LPAL13_SCAF000038	2	264   	191   	Val	AAC	0	0	61.8	
LPAL13_SCAF000038	3	128   	56    	Lys	CTT	0	0	86.2	
LPAL13_SCAF000041	1	23250 	23170 	Ser	CGA	0	0	67.6	
LPAL13_SCAF000041	2	23115 	23034 	Leu	CAA	0	0	77.1	
LPAL13_SCAF000321	1	372   	445   	Ile	AAT	0	0	80.1	
LPAL13_SCAF000321	2	294   	213   	Leu	TAA	0	0	62.4	
LPAL13_SCAF000592	1	1392  	1473  	Leu	AAG	0	0	74.7	
LPAL13_SCAF000592	2	1320  	1249  	Ala	CGC	0	0	73.8	
