Sequence 		tRNA  	Bounds	tRNA	Anti	Intron Bounds	Inf	      
Name     	tRNA #	Begin 	End   	Type	Codon	Begin	End	Score	Note
-------- 	------	----- 	------	----	-----	-----	----	------	------
CP009374 	1	365370	365441	Arg	ACG	0	0	72.0	
CP009375 	1	67059 	66972 	SeC	TCA	0	0	124.7	
CP009376 	1	365881	365810	Arg	ACG	0	0	72.0	
CP009378 	1	259804	259875	iMet	CAT	0	0	67.9	
CP009378 	2	259935	260017	Leu	CAG	0	0	75.3	
CP009378 	3	393334	393406	Val	CAC	0	0	65.2	
CP009378 	4	393665	393735	His	GTG	0	0	62.0	
CP009378 	5	409837	409908	Arg	CCG	0	0	66.8	
CP009378 	6	409970	410040	His	GTG	0	0	62.0	
CP009378 	7	409762	409690	Val	CAC	0	0	65.2	
CP009378 	8	409447	409376	Glu	TTC	0	0	61.0	
CP009379 	1	479165	479237	Lys	CTT	0	0	86.2	
CP009379 	2	479474	479402	Asn	GTT	0	0	73.2	
CP009380 	1	162008	162079	Ala	CGC	0	0	73.8	
CP009380 	2	169281	169351	Gly	CCC	0	0	72.8	
CP009380 	3	389475	389546	Arg	ACG	0	0	72.0	
CP009380 	4	389404	389332	Met	CAT	0	0	72.5	
CP009380 	5	161936	161855	Leu	AAG	0	0	74.7	
CP009384 	1	331649	331720	Glu	CTC	0	0	65.2	
CP009384 	2	331823	331752	Asp	GTC	0	0	70.6	
CP009385 	1	428703	428632	Gln	CTG	0	0	67.2	
CP009386 	1	291253	291333	Ser	GCT	0	0	77.0	
CP009386 	2	291393	291465	Ala	AGC	0	0	54.8	
CP009386 	3	291176	291105	Asp	GTC	0	0	70.6	
CP009389 	1	462559	462632	Ile	AAT	0	0	80.1	
CP009389 	2	462695	462767	Met	CAT	0	0	72.5	
CP009389 	3	462979	463059	Ser	TGA	0	0	71.3	
CP009389 	4	1406338	1406409	Thr	CGT	0	0	70.2	
CP009389 	5	1406468	1406551	Tyr	GTA	1406505	1406515	72.4	
CP009389 	6	1406617	1406689	Asn	GTT	0	0	73.2	
CP009389 	7	1406258	1406187	Pro	CGG	0	0	70.8	
CP009389 	8	1406128	1406056	Asn	GTT	0	0	69.4	
CP009389 	9	462903	462824	Leu	TAG	0	0	76.6	
CP009389 	10	462453	462380	Val	AAC	0	0	61.8	
CP009390 	1	435366	435437	Pro	AGG	0	0	66.6	
CP009390 	2	435513	435586	Val	AAC	0	0	61.8	
CP009390 	3	435649	435721	Lys	CTT	0	0	86.2	
CP009390 	4	155837	155757	Ser	GCT	0	0	79.3	
CP009392 	1	210994	211067	Ile	TAT	0	0	77.4	
CP009392 	2	212184	212255	Arg	TCG	0	0	73.4	
CP009392 	3	212582	212654	Lys	TTT	0	0	84.6	
CP009392 	4	212838	212909	Trp	CCA	0	0	78.2	
CP009392 	5	212762	212691	Gly	TCC	0	0	66.0	
CP009392 	6	212110	212039	Thr	TGT	0	0	73.1	
CP009392 	7	211979	211897	Leu	CAG	0	0	75.3	
CP009392 	8	211667	211596	Arg	ACG	0	0	72.0	
CP009392 	9	211334	211263	Gln	TTG	0	0	80.5	
CP009392 	10	211196	211124	Val	TAC	0	0	71.7	
CP009393 	1	206017	206088	Pro	CGG	0	0	70.8	
CP009393 	2	615058	615129	Gln	CTG	0	0	67.2	
CP009393 	3	615476	615549	Ile	AAT	0	0	80.1	
CP009393 	4	672724	672653	Asp	GTC	0	0	70.6	
CP009393 	5	615398	615317	Leu	TAA	0	0	62.4	
CP009398 	1	782881	782801	Ser	CGA	0	0	67.6	
CP009398 	2	782746	782665	Leu	CAA	0	0	77.1	
CP009399 	1	716958	716887	Thr	CGT	0	0	70.2	
CP009400 	1	185120	185192	Ala	AGC	0	0	54.8	
CP009400 	2	444707	444777	Gly	GCC	0	0	69.8	
CP009400 	3	1185916	1185988	Phe	GAA	0	0	91.0	
CP009400 	4	1186111	1186031	Ser	AGA	0	0	66.4	
CP009400 	5	444896	444825	Glu	CTC	0	0	65.2	
CP009402 	1	107072	107143	Ala	TGC	0	0	72.9	
CP009402 	2	500339	500267	Lys	CTT	0	0	86.2	
CP009402 	3	106995	106923	Arg	TCT	0	0	75.2	
CP009402 	4	106862	106790	Arg	CCT	0	0	76.0	
CP009404 	1	467101	467172	Thr	AGT	0	0	71.4	
CP009404 	2	467240	467323	Tyr	GTA	467277	467287	72.4	
CP009404 	3	2398354	2398425	Cys	GCA	0	0	77.9	
CP009404 	4	2401714	2401785	Pro	TGG	0	0	68.7	
CP009404 	5	2401641	2401570	iMet	CAT	0	0	67.9	
CP009404 	6	2401503	2401422	Leu	AAG	0	0	74.7	
CP009404 	7	988237	988167	Gly	GCC	0	0	69.8	
CP009404 	8	988104	988033	Thr	AGT	0	0	71.4	
CP009404 	9	987672	987601	Pro	AGG	0	0	66.6	
