Sequence   		tRNA   	Bounds 	tRNA	Anti	Intron Bounds	Inf	      
Name       	tRNA #	Begin  	End    	Type	Codon	Begin	End	Score	Note
--------   	------	-----  	------ 	----	-----	-----	----	------	------
LpyrH10_02 	1	2331384	2331313	Cys	GCA	0	0	77.9	
LpyrH10_02 	2	1827372	1827301	Arg	ACG	0	0	72.0	
LpyrH10_03 	1	1094521	1094593	Lys	TTT	0	0	83.6	
LpyrH10_03 	2	1095127	1095198	Thr	TGT	0	0	76.1	
LpyrH10_03 	3	1095258	1095340	Leu	CAG	0	0	75.3	
LpyrH10_03 	4	1100276	1100347	Arg	ACG	0	0	72.0	
LpyrH10_03 	5	1100405	1100476	Gln	TTG	0	0	75.8	
LpyrH10_03 	6	1100539	1100611	Val	TAC	0	0	71.7	
LpyrH10_03 	7	1132864	1132792	Lys	CTT	0	0	86.2	
LpyrH10_03 	8	1100722	1100649	Ile	TAT	0	0	72.7	
LpyrH10_03 	9	1095053	1094982	Arg	TCG	0	0	73.4	
LpyrH10_03 	10	1094703	1094632	Trp	CCA	0	0	79.5	
LpyrH10_03 	11	1094437	1094366	Gly	TCC	0	0	66.0	
LpyrH10_03 	12	93170  	93083  	SeC	TCA	0	0	124.7	
LpyrH10_04 	1	1298373	1298445	Val	CAC	0	0	65.2	
LpyrH10_04 	2	1315743	1315672	Thr	CGT	0	0	70.2	
LpyrH10_05 	1	490106 	490189 	Tyr	GTA	490143	490153	72.4	
LpyrH10_05 	2	490253 	490326 	Ile	AAT	0	0	80.1	
LpyrH10_05 	3	490386 	490458 	Met	CAT	0	0	72.5	
LpyrH10_05 	4	490644 	490724 	Ser	TGA	0	0	71.3	
LpyrH10_05 	5	1203210	1203281	Thr	CGT	0	0	70.2	
LpyrH10_05 	6	1203350	1203433	Tyr	GTA	1203387	1203397	72.4	
LpyrH10_05 	7	1203502	1203574	Asn	GTT	0	0	73.2	
LpyrH10_05 	8	1203129	1203058	Pro	CGG	0	0	70.8	
LpyrH10_05 	9	1202995	1202923	Asn	GTT	0	0	73.2	
LpyrH10_05 	10	490570 	490491 	Leu	TAG	0	0	76.6	
LpyrH10_05 	11	490031 	489958 	Val	AAC	0	0	61.8	
LpyrH10_06 	1	927    	998    	Pro	AGG	0	0	66.6	
LpyrH10_06 	2	717400 	717480 	Ser	CGA	0	0	67.6	
LpyrH10_06 	3	1246148	1246219	Cys	GCA	0	0	77.9	
LpyrH10_06 	4	1246548	1246619	Pro	TGG	0	0	68.7	
LpyrH10_06 	5	1246474	1246403	iMet	CAT	0	0	67.9	
LpyrH10_06 	6	1246341	1246260	Leu	AAG	0	0	74.7	
LpyrH10_06 	7	493514 	493443 	Gln	CTG	0	0	67.2	
LpyrH10_06 	8	851    	781    	Gly	GCC	0	0	69.8	
LpyrH10_06 	9	706    	635    	Thr	AGT	0	0	73.6	
LpyrH10_07 	1	457273 	457201 	Met	CAT	0	0	72.5	
LpyrH10_08 	1	714439 	714359 	Ser	CGA	0	0	67.6	
LpyrH10_08 	2	714299 	714218 	Leu	CAA	0	0	76.3	
LpyrH10_08 	3	86656  	86585  	Thr	CGT	0	0	70.2	
LpyrH10_09 	1	903891 	903961 	Gly	GCC	0	0	69.8	
LpyrH10_09 	2	904036 	904107 	Thr	AGT	0	0	73.6	
LpyrH10_09 	3	404186 	404115 	Asp	GTC	0	0	70.6	
LpyrH10_09 	4	404057 	403986 	Arg	ACG	0	0	72.0	
LpyrH10_09 	5	403925 	403854 	Thr	AGT	0	0	73.6	
LpyrH10_09 	6	403791 	403708 	Tyr	GTA	403754	403744	72.4	
LpyrH10_11 	1	188828 	188899 	Pro	CGG	0	0	70.8	
LpyrH10_11 	2	616732 	616803 	Gln	CTG	0	0	67.2	
LpyrH10_11 	3	617149 	617222 	Ile	AAT	0	0	80.1	
LpyrH10_11 	4	617063 	616982 	Leu	TAA	0	0	62.4	
LpyrH10_11 	5	616919 	616846 	Ile	AAT	0	0	80.1	
LpyrH10_12 	1	266998 	267080 	Leu	CAG	0	0	75.3	
LpyrH10_12 	2	284830 	284901 	Asp	GTC	0	0	70.6	
LpyrH10_12 	3	367780 	367851 	Arg	ACG	0	0	72.0	
LpyrH10_12 	4	628083 	628154 	Glu	CTC	0	0	66.0	
LpyrH10_12 	5	628274 	628204 	Gly	GCC	0	0	69.8	
LpyrH10_14 	1	407833 	407904 	Pro	AGG	0	0	66.6	
LpyrH10_14 	2	407968 	408041 	Val	AAC	0	0	61.8	
LpyrH10_14 	3	408102 	408174 	Lys	CTT	0	0	86.2	
LpyrH10_14 	4	153224 	153144 	Ser	GCT	0	0	76.7	
LpyrH10_15 	1	490400 	490329 	Gln	CTG	0	0	67.2	
LpyrH10_16 	1	316160 	316231 	iMet	CAT	0	0	67.9	
LpyrH10_16 	2	316293 	316375 	Leu	CAG	0	0	75.3	
LpyrH10_16 	3	453914 	453986 	Val	CAC	0	0	65.2	
LpyrH10_16 	4	454051 	454121 	His	GTG	0	0	62.0	
LpyrH10_16 	5	454308 	454379 	Glu	TTC	0	0	61.0	
LpyrH10_16 	6	478704 	478775 	Arg	CCG	0	0	66.8	
LpyrH10_16 	7	478837 	478907 	His	GTG	0	0	62.0	
LpyrH10_16 	8	478629 	478557 	Val	CAC	0	0	65.2	
LpyrH10_16 	9	478496 	478425 	Glu	TTC	0	0	61.0	
LpyrH10_16 	10	454234 	454162 	Phe	GAA	0	0	91.0	
LpyrH10_17 	1	231366 	231295 	Pro	CGG	0	0	70.8	
LpyrH10_17 	2	218842 	218771 	Ala	CGC	0	0	73.4	
LpyrH10_18 	1	182857 	182928 	Ala	CGC	0	0	73.4	
LpyrH10_18 	2	182985 	183055 	Gly	CCC	0	0	72.8	
LpyrH10_18 	3	187206 	187287 	Leu	AAG	0	0	74.7	
LpyrH10_18 	4	410661 	410732 	Arg	ACG	0	0	72.0	
LpyrH10_18 	5	410583 	410511 	Met	CAT	0	0	72.5	
LpyrH10_18 	6	187133 	187062 	Ala	CGC	0	0	73.4	
LpyrH10_18 	7	182784 	182703 	Leu	AAG	0	0	74.7	
LpyrH10_19 	1	56212  	56284  	Lys	CTT	0	0	86.2	
LpyrH10_19 	2	467270 	467342 	Arg	TCT	0	0	74.5	
LpyrH10_19 	3	467400 	467472 	Arg	CCT	0	0	74.2	
LpyrH10_19 	4	467188 	467117 	Ala	TGC	0	0	70.1	
LpyrH10_19 	5	467055 	466984 	Glu	CTC	0	0	66.0	
LpyrH10_20 	1	247102 	247173 	Glu	CTC	0	0	66.0	
LpyrH10_21 	1	229432 	229512 	Ser	GCT	0	0	76.7	
LpyrH10_21 	2	229573 	229645 	Ala	AGC	0	0	54.8	
LpyrH10_21 	3	229355 	229284 	Asp	GTC	0	0	70.6	
LpyrH10_22 	1	515993 	516065 	Lys	CTT	0	0	86.2	
LpyrH10_22 	2	516317 	516245 	Asn	GTT	0	0	73.2	
LpyrH10_22 	3	516183 	516113 	Gly	GCC	0	0	69.8	
LpyrH10_23 	1	325661 	325590 	Trp	CCA	0	0	79.5	
LpyrH10_23 	2	121400 	121328 	Val	CAC	0	0	65.2	
LpyrH10_25 	1	200368 	200295 	Ile	AAT	0	0	80.1	
LpyrH10_26 	1	339959 	340030 	Glu	CTC	0	0	66.0	
LpyrH10_26 	2	340144 	340073 	Asp	GTC	0	0	70.6	
LpyrH10_29 	1	212547 	212619 	Phe	GAA	0	0	91.0	
LpyrH10_29 	2	212741 	212661 	Ser	AGA	0	0	69.8	
LpyrH10_30 	1	145466 	145537 	Arg	ACG	0	0	72.0	
LpyrH10_32 	1	84018  	84091  	Val	AAC	0	0	61.8	
LpyrH10_32 	2	127840 	127768 	Ala	AGC	0	0	54.8	
LpyrH10_36 	1	1463   	1391   	Lys	CTT	0	0	86.2	
LpyrH10_37 	1	81419  	81490  	Arg	ACG	0	0	72.0	
