Sequence  		tRNA  	Bounds	tRNA	Anti	Intron Bounds	Inf	      
Name      	tRNA #	Begin 	End   	Type	Codon	Begin	End	Score	Note
--------  	------	----- 	------	----	-----	-----	----	------	------
Lsey_0007 	1	20176 	20249 	Val	AAC	0	0	61.8	
Lsey_0007 	2	61526 	61454 	Ala	AGC	0	0	54.8	
Lsey_0009 	1	43972 	44044 	Val	CAC	0	0	65.2	
Lsey_0009 	2	61151 	61080 	Thr	CGT	0	0	70.2	
Lsey_0018 	1	13862 	13933 	Glu	CTC	0	0	66.0	
Lsey_0021 	1	76056 	75976 	Ser	GCT	0	0	76.7	
Lsey_0029 	1	28756 	28837 	Leu	TAA	0	0	62.4	
Lsey_0029 	2	28911 	28984 	Ile	AAT	0	0	80.1	
Lsey_0029 	3	29165 	29094 	Gln	CTG	0	0	67.2	
Lsey_0029 	4	28674 	28601 	Ile	AAT	0	0	80.1	
Lsey_0034 	1	9849  	9769  	Ser	CGA	0	0	65.3	
Lsey_0039 	1	115259	115332	Ile	AAT	0	0	80.1	
Lsey_0043 	1	6923  	6994  	Pro	CGG	0	0	70.8	
Lsey_0043 	2	20734 	20805 	Ala	CGC	0	0	73.4	
Lsey_0050 	1	11379 	11308 	Gln	CTG	0	0	67.2	
Lsey_0051 	1	19192 	19263 	iMet	CAT	0	0	63.3	
Lsey_0051 	2	19326 	19408 	Leu	CAG	0	0	75.3	
Lsey_0053 	1	12901 	12974 	Ile	TAT	0	0	75.8	
Lsey_0053 	2	13862 	13933 	Arg	TCG	0	0	73.4	
Lsey_0053 	3	14246 	14317 	Trp	CCA	0	0	79.5	
Lsey_0053 	4	14511 	14582 	Gly	TCC	0	0	66.0	
Lsey_0053 	5	14427 	14355 	Lys	TTT	0	0	83.6	
Lsey_0053 	6	13787 	13716 	Thr	TGT	0	0	72.8	
Lsey_0053 	7	13649 	13567 	Leu	CAG	0	0	75.3	
Lsey_0053 	8	13351 	13280 	Arg	ACG	0	0	72.0	
Lsey_0053 	9	13205 	13134 	Gln	TTG	0	0	75.8	
Lsey_0053 	10	13074 	13002 	Val	TAC	0	0	71.7	
Lsey_0055 	1	23889 	23960 	Cys	GCA	0	0	77.9	
Lsey_0069 	1	78736 	78807 	Arg	ACG	0	0	72.0	
Lsey_0073 	1	85168 	85240 	Arg	TCT	0	0	74.5	
Lsey_0073 	2	85306 	85378 	Arg	CCT	0	0	74.2	
Lsey_0073 	3	84982 	84911 	Ala	TGC	0	0	75.0	
Lsey_0073 	4	84847 	84776 	Glu	CTC	0	0	66.0	
Lsey_0077 	1	19227 	19299 	Met	CAT	0	0	72.5	
Lsey_0079 	1	63747 	63834 	SeC	TCA	0	0	124.7	
Lsey_0099 	1	66178 	66249 	Arg	ACG	0	0	72.0	
Lsey_0099 	2	66093 	66021 	Met	CAT	0	0	71.8	
Lsey_0104 	1	40019 	40090 	iMet	CAT	0	0	63.3	
Lsey_0104 	2	40152 	40233 	Leu	AAG	0	0	74.7	
Lsey_0104 	3	40342 	40271 	Cys	GCA	0	0	77.9	
Lsey_0104 	4	39946 	39875 	Pro	TGG	0	0	68.7	
Lsey_0106 	1	35847 	35917 	Gly	GCC	0	0	69.8	
Lsey_0106 	2	35979 	36050 	Thr	AGT	0	0	73.6	
Lsey_0106 	3	36364 	36294 	Gly	GCC	0	0	69.8	
Lsey_0106 	4	36232 	36161 	Thr	AGT	0	0	73.6	
Lsey_0106 	5	35772 	35701 	Pro	AGG	0	0	66.6	
Lsey_0109 	1	20543 	20615 	Asn	GTT	0	0	73.2	
Lsey_0109 	2	20673 	20743 	Gly	GCC	0	0	69.8	
Lsey_0109 	3	20854 	20782 	Lys	CTT	0	0	86.2	
Lsey_0130 	1	11182 	11265 	Tyr	GTA	11219	11229	72.4	
Lsey_0130 	2	11331 	11404 	Ile	AAT	0	0	80.1	
Lsey_0130 	3	11482 	11554 	Met	CAT	0	0	71.8	
Lsey_0130 	4	11746 	11909 	Ser	TGA	11783	11875	47.3	
Lsey_0130 	5	11673 	11594 	Leu	TAG	0	0	76.6	
Lsey_0130 	6	11107 	11034 	Val	AAC	0	0	61.8	
Lsey_0168 	1	15334 	15405 	Glu	CTC	0	0	66.0	
Lsey_0168 	2	15521 	15451 	Gly	GCC	0	0	69.8	
Lsey_0169 	1	43100 	43171 	Arg	ACG	0	0	72.0	
Lsey_0202 	1	13095 	13023 	Ala	AGC	0	0	54.8	
Lsey_0210 	1	18680 	18760 	Ser	AGA	0	0	69.8	
Lsey_0210 	2	18873 	18801 	Phe	GAA	0	0	91.0	
Lsey_0288 	1	21884 	21966 	Leu	CAG	0	0	75.3	
Lsey_0298 	1	6571  	6643  	Phe	GAA	0	0	91.0	
Lsey_0298 	2	6994  	6922  	Val	CAC	0	0	65.2	
Lsey_0298 	3	6860  	6790  	His	GTG	0	0	62.0	
Lsey_0298 	4	6497  	6426  	Glu	TTC	0	0	61.0	
Lsey_0305 	1	6150  	6230  	Ser	GCT	0	0	76.7	
Lsey_0305 	2	6289  	6361  	Ala	AGC	0	0	54.8	
Lsey_0305 	3	6074  	6003  	Asp	GTC	0	0	70.6	
Lsey_0315 	1	16105 	16034 	Arg	ACG	0	0	72.0	
Lsey_0327 	1	2194  	2265  	Trp	CCA	0	0	79.5	
Lsey_0340 	1	8660  	8731  	Arg	CCG	0	0	66.8	
Lsey_0340 	2	8791  	8861  	His	GTG	0	0	62.0	
Lsey_0340 	3	8587  	8515  	Val	CAC	0	0	65.2	
Lsey_0340 	4	8440  	8369  	Glu	TTC	0	0	61.0	
Lsey_0354 	1	8505  	8433  	Lys	CTT	0	0	86.2	
Lsey_0360 	1	14009 	13938 	Pro	CGG	0	0	70.8	
Lsey_0376 	1	611   	539   	Val	CAC	0	0	65.2	
Lsey_0385 	1	7496  	7577  	Leu	CAA	0	0	77.1	
Lsey_0387 	1	6938  	7009  	Pro	AGG	0	0	66.6	
Lsey_0387 	2	7076  	7149  	Val	AAC	0	0	61.8	
Lsey_0387 	3	7208  	7280  	Lys	CTT	0	0	86.2	
Lsey_0403 	1	2290  	2361  	Asp	GTC	0	0	70.6	
Lsey_0403 	2	2424  	2495  	Arg	ACG	0	0	72.0	
Lsey_0403 	3	2562  	2633  	Thr	AGT	0	0	73.6	
Lsey_0403 	4	2722  	2805  	Tyr	GTA	2759	2769	72.4	
Lsey_0424 	1	13634 	13563 	Asp	GTC	0	0	70.6	
Lsey_0447 	1	441   	512   	Pro	CGG	0	0	70.8	
Lsey_0447 	2	570   	642   	Asn	GTT	0	0	73.2	
Lsey_0447 	3	356   	285   	Thr	CGT	0	0	70.2	
Lsey_0447 	4	225   	142   	Tyr	GTA	188	178	72.4	
Lsey_0447 	5	78    	6     	Asn	GTT	0	0	73.2	
Lsey_0649 	1	75    	145   	Gly	CCC	0	0	72.8	
Lsey_0649 	2	3011  	3092  	Leu	AAG	0	0	74.7	
Lsey_0649 	3	2937  	2866  	Ala	CGC	0	0	73.4	
