Sequence       		tRNA  	Bounds	tRNA	Anti	Intron Bounds	Inf	      
Name           	tRNA #	Begin 	End   	Type	Codon	Begin	End	Score	Note
--------       	------	----- 	------	----	-----	-----	----	------	------
LMARLEM2494_05 	1	347054	347125	Arg	ACG	0	0	72.0	
LMARLEM2494_06 	1	67083 	66996 	SeC	TCA	0	0	124.7	
LMARLEM2494_07 	1	371168	371097	Arg	ACG	0	0	72.0	
LMARLEM2494_09 	1	274053	274124	iMet	CAT	0	0	67.9	
LMARLEM2494_09 	2	274180	274262	Leu	CAG	0	0	75.3	
LMARLEM2494_09 	3	400661	400733	Val	CAC	0	0	65.2	
LMARLEM2494_09 	4	400975	401045	His	GTG	0	0	62.0	
LMARLEM2494_09 	5	414037	414108	Arg	CCG	0	0	66.8	
LMARLEM2494_09 	6	414172	414242	His	GTG	0	0	62.0	
LMARLEM2494_09 	7	413962	413890	Val	CAC	0	0	65.2	
LMARLEM2494_09 	8	413650	413579	Glu	TTC	0	0	61.0	
LMARLEM2494_09 	9	401270	401198	Phe	GAA	0	0	91.0	
LMARLEM2494_10 	1	474738	474666	Asn	GTT	0	0	73.2	
LMARLEM2494_11 	1	162141	162212	Ala	CGC	0	0	73.8	
LMARLEM2494_11 	2	172798	172879	Leu	AAG	0	0	74.7	
LMARLEM2494_11 	3	367915	367986	Arg	ACG	0	0	72.0	
LMARLEM2494_11 	4	367839	367767	Met	CAT	0	0	72.5	
LMARLEM2494_11 	5	172724	172653	Ala	CGC	0	0	73.8	
LMARLEM2494_11 	6	172596	172526	Gly	CCC	0	0	72.8	
LMARLEM2494_11 	7	162067	161986	Leu	AAG	0	0	74.7	
LMARLEM2494_15 	1	284448	284519	Asp	GTC	0	0	70.6	
LMARLEM2494_15 	2	284634	284563	Glu	CTC	0	0	65.2	
LMARLEM2494_16 	1	404271	404200	Gln	CTG	0	0	67.2	
LMARLEM2494_17 	1	294430	294510	Ser	GCT	0	0	77.0	
LMARLEM2494_17 	2	294568	294640	Ala	AGC	0	0	54.8	
LMARLEM2494_17 	3	294350	294279	Asp	GTC	0	0	70.6	
LMARLEM2494_21 	1	411598	411669	Pro	AGG	0	0	66.6	
LMARLEM2494_21 	2	411804	411877	Val	AAC	0	0	61.8	
LMARLEM2494_21 	3	411938	412010	Lys	CTT	0	0	86.2	
LMARLEM2494_21 	4	149175	149095	Ser	GCT	0	0	79.3	
LMARLEM2494_23 	1	224820	224893	Ile	TAT	0	0	80.6	
LMARLEM2494_23 	2	226020	226091	Arg	TCG	0	0	73.4	
LMARLEM2494_23 	3	226441	226513	Lys	TTT	0	0	82.3	
LMARLEM2494_23 	4	226720	226791	Trp	CCA	0	0	74.9	
LMARLEM2494_23 	5	226644	226573	Gly	TCC	0	0	66.0	
LMARLEM2494_23 	6	225946	225875	Thr	TGT	0	0	72.8	
LMARLEM2494_23 	7	225790	225708	Leu	CAG	0	0	75.3	
LMARLEM2494_23 	8	225456	225385	Arg	ACG	0	0	72.0	
LMARLEM2494_23 	9	225142	225071	Gln	TTG	0	0	80.2	
LMARLEM2494_23 	10	225009	224937	Val	TAC	0	0	71.7	
LMARLEM2494_24 	1	202388	202459	Pro	CGG	0	0	70.8	
LMARLEM2494_24 	2	614406	614477	Gln	CTG	0	0	67.2	
LMARLEM2494_24 	3	614769	614842	Ile	AAT	0	0	80.1	
LMARLEM2494_24 	4	672765	672694	Asp	GTC	0	0	70.6	
LMARLEM2494_24 	5	614685	614604	Leu	TAA	0	0	62.4	
LMARLEM2494_29 	1	779824	779744	Ser	CGA	0	0	64.5	
LMARLEM2494_29 	2	779685	779604	Leu	CAA	0	0	77.1	
LMARLEM2494_30 	1	734022	733951	Thr	CGT	0	0	70.2	
LMARLEM2494_31 	1	112225	112297	Ala	AGC	0	0	54.8	
LMARLEM2494_31 	2	480482	480554	Phe	GAA	0	0	91.0	
LMARLEM2494_31 	3	480681	480601	Ser	AGA	0	0	69.8	
LMARLEM2494_33 	1	104339	104410	Ala	TGC	0	0	70.5	
LMARLEM2494_33 	2	481419	481347	Lys	CTT	0	0	86.2	
LMARLEM2494_33 	3	104263	104191	Arg	TCT	0	0	75.2	
LMARLEM2494_33 	4	104134	104062	Arg	CCT	0	0	76.0	
LMARLEM2494_34 	1	443289	443362	Ile	AAT	0	0	80.1	
LMARLEM2494_34 	2	443424	443496	Met	CAT	0	0	72.5	
LMARLEM2494_34 	3	443705	443785	Ser	TGA	0	0	71.3	
LMARLEM2494_34 	4	1302270	1302341	Pro	CGG	0	0	70.8	
LMARLEM2494_34 	5	1302402	1302474	Asn	GTT	0	0	73.2	
LMARLEM2494_34 	6	1302184	1302113	Thr	CGT	0	0	70.2	
LMARLEM2494_34 	7	1302043	1301960	Tyr	GTA	1302006	1301996	72.4	
LMARLEM2494_34 	8	1301900	1301828	Asn	GTT	0	0	73.2	
LMARLEM2494_34 	9	443630	443551	Leu	TAG	0	0	75.5	
LMARLEM2494_34 	10	443048	442975	Val	AAC	0	0	61.8	
LMARLEM2494_36 	1	476602	476673	Thr	AGT	0	0	71.7	
LMARLEM2494_36 	2	476747	476830	Tyr	GTA	476784	476794	72.4	
LMARLEM2494_36 	3	1015184	1015254	Gly	GCC	0	0	69.8	
LMARLEM2494_36 	4	1015652	1015723	Pro	AGG	0	0	66.6	
LMARLEM2494_36 	5	2406450	2406521	Cys	GCA	0	0	77.9	
LMARLEM2494_36 	6	2408390	2408461	Pro	TGG	0	0	68.7	
LMARLEM2494_36 	7	2408316	2408245	iMet	CAT	0	0	67.9	
LMARLEM2494_36 	8	2408181	2408100	Leu	AAG	0	0	74.7	
LMARLEM2494_36 	9	1570214	1570143	Gln	CTG	0	0	67.2	
LMARLEM2494_36 	10	1015578	1015508	Gly	GCC	0	0	69.8	
LMARLEM2494_36 	11	1015443	1015372	Thr	AGT	0	0	75.9	
LMARLEM2494_36 	12	476486	476415	Thr	AGT	0	0	71.7	
LMARLEM2494_36 	13	476341	476258	Tyr	GTA	476304	476294	72.4	
LMARLEM2494_SCAF000157	1	4312  	4383  	Glu	CTC	0	0	65.2	
LMARLEM2494_SCAF000157	2	4498  	4427  	Asp	GTC	0	0	70.6	
