Sequence		tRNA  	Bounds	tRNA	Anti	Intron Bounds	Inf	      
Name    	tRNA #	Begin 	End   	Type	Codon	Begin	End	Score	Note
--------	------	----- 	------	----	-----	-----	----	------	------
LtaP05  	1	359683	359754	Arg	ACG	0	0	72.0	
LtaP06  	1	65427 	65340 	SeC	TCA	0	0	124.7	
LtaP07  	1	373340	373269	Arg	ACG	0	0	72.0	
LtaP09  	1	249917	249988	iMet	CAT	0	0	67.9	
LtaP09  	2	250049	250131	Leu	CAG	0	0	75.3	
LtaP09  	3	377748	377820	Val	CAC	0	0	65.2	
LtaP09  	4	378062	378132	His	GTG	0	0	62.0	
LtaP09  	5	390726	390797	Arg	CCG	0	0	66.8	
LtaP09  	6	390868	390938	His	GTG	0	0	62.0	
LtaP09  	7	390650	390578	Val	CAC	0	0	65.2	
LtaP09  	8	390332	390261	Glu	TTC	0	0	61.0	
LtaP09  	9	378366	378294	Phe	GAA	0	0	91.0	
LtaP10  	1	583675	583603	Asn	GTT	0	0	73.2	
LtaP10  	2	583548	583478	Gly	GCC	0	0	69.8	
LtaP11  	1	153428	153498	Gly	CCC	0	0	72.8	
LtaP11  	2	368803	368874	Arg	ACG	0	0	72.0	
LtaP11  	3	368729	368657	Met	CAT	0	0	72.5	
LtaP15  	1	285465	285536	Asp	GTC	0	0	70.6	
LtaP15  	2	293467	293396	Glu	CTC	0	0	65.2	
LtaP15  	3	285653	285582	Glu	CTC	0	0	65.2	
LtaP16  	1	412103	412032	Gln	CTG	0	0	67.2	
LtaP17  	1	314851	314931	Ser	GCT	0	0	77.0	
LtaP17  	2	314992	315064	Ala	AGC	0	0	54.8	
LtaP17  	3	314772	314701	Asp	GTC	0	0	70.6	
LtaP21  	1	443173	443244	Pro	AGG	0	0	66.6	
LtaP21  	2	443405	443478	Val	AAC	0	0	61.8	
LtaP21  	3	443540	443612	Lys	CTT	0	0	86.2	
LtaP21  	4	167808	167728	Ser	GCT	0	0	79.3	
LtaP23  	1	212729	212802	Ile	TAT	0	0	80.6	
LtaP23  	2	213889	213959	Undet	NNN	0	0	54.3	
LtaP23  	3	214285	214357	Lys	TTT	0	0	82.3	
LtaP23  	4	214550	214621	Trp	CCA	0	0	74.9	
LtaP23  	5	214474	214403	Gly	TCC	0	0	66.0	
LtaP23  	6	213816	213745	Thr	TGT	0	0	72.8	
LtaP23  	7	213677	213595	Leu	CAG	0	0	75.3	
LtaP23  	8	213378	213307	Arg	ACG	0	0	72.0	
LtaP23  	9	213051	212980	Gln	TTG	0	0	80.2	
LtaP23  	10	212915	212843	Val	TAC	0	0	71.7	
LtaP24  	1	205146	205217	Pro	CGG	0	0	70.5	
LtaP24  	2	636854	636925	Gln	CTG	0	0	67.2	
LtaP24  	3	637182	637255	Ile	AAT	0	0	80.1	
LtaP24  	4	638389	638462	Ile	AAT	0	0	80.1	
LtaP24  	5	700603	700532	Asp	GTC	0	0	70.6	
LtaP24  	6	637099	637018	Leu	TAA	0	0	60.2	
LtaP29  	1	796735	796655	Ser	CGA	0	0	67.6	
LtaP29  	2	796599	796518	Leu	CAA	0	0	77.1	
LtaP30  	1	772489	772418	Thr	CGT	0	0	70.2	
LtaP31  	1	196418	196490	Ala	AGC	0	0	54.8	
LtaP31  	2	445071	445141	Gly	GCC	0	0	69.8	
LtaP31  	3	1239557	1239629	Phe	GAA	0	0	91.0	
LtaP31  	4	1239750	1239670	Ser	AGA	0	0	69.8	
LtaP31  	5	468957	468886	Glu	CTC	0	0	65.2	
LtaP33  	1	107284	107355	Ala	TGC	0	0	72.9	
LtaP33  	2	489704	489632	Lys	CTT	0	0	86.2	
LtaP33  	3	107208	107136	Arg	TCT	0	0	74.5	
LtaP33  	4	107074	107002	Arg	CCT	0	0	76.0	
LtaP34  	1	486707	486780	Ile	AAT	0	0	80.1	
LtaP34  	2	486840	486912	Met	CAT	0	0	72.5	
LtaP34  	3	487109	487189	Ser	TGA	0	0	71.3	
LtaP34  	4	1371328	1371399	Pro	CGG	0	0	70.5	
LtaP34  	5	1371459	1371531	Asn	GTT	0	0	73.2	
LtaP34  	6	1371246	1371175	Thr	CGT	0	0	70.2	
LtaP34  	7	1371113	1371030	Tyr	GTA	1371076	1371066	72.4	
LtaP34  	8	1370969	1370897	Asn	GTT	0	0	73.2	
LtaP34  	9	487034	486955	Leu	TAG	0	0	76.6	
LtaP34  	10	486293	486220	Val	AAC	0	0	61.8	
LtaP35  	1	32434 	32505 	Thr	AGT	0	0	71.4	
LtaP35  	2	31487 	31416 	Thr	AGT	0	0	71.4	
LtaP36  	1	1008387	1008457	Gly	GCC	0	0	69.8	
LtaP36  	2	1009382	1009453	Pro	AGG	0	0	66.6	
LtaP36  	3	2427071	2427142	Cys	GCA	0	0	77.9	
LtaP36  	4	2427899	2427970	Pro	TGG	0	0	68.7	
LtaP36  	5	2427826	2427755	iMet	CAT	0	0	67.9	
LtaP36  	6	2427690	2427609	Leu	AAG	0	0	74.7	
LtaP36  	7	1579599	1579528	Gln	CTG	0	0	67.2	
LtaP36  	8	1009183	1009112	Thr	AGT	0	0	71.4	
LtaP36  	9	485684	485601	Tyr	GTA	485647	485637	72.4	
LtaPctg03035	1	122   	41    	Leu	AAG	0	0	74.7	
LtaPctg04309	1	122   	41    	Leu	AAG	0	0	74.7	
