Sequence   		tRNA  	Bounds	tRNA	Anti	Intron Bounds	Inf	      
Name       	tRNA #	Begin 	End   	Type	Codon	Begin	End	Score	Note
--------   	------	----- 	------	----	-----	-----	----	------	------
LtrL590_03 	1	260816	260888	Lys	CTT	0	0	86.2	
LtrL590_05 	1	367890	367961	Arg	ACG	0	0	72.0	
LtrL590_06 	1	70982 	70895 	SeC	TCA	0	0	124.7	
LtrL590_07 	1	410547	410476	Arg	ACG	0	0	72.0	
LtrL590_09 	1	262134	262205	iMet	CAT	0	0	67.9	
LtrL590_09 	2	262265	262347	Leu	CAG	0	0	75.3	
LtrL590_09 	3	397501	397573	Val	CAC	0	0	65.2	
LtrL590_09 	4	397827	397897	His	GTG	0	0	62.0	
LtrL590_09 	5	410803	410874	Arg	CCG	0	0	66.8	
LtrL590_09 	6	410941	411011	His	GTG	0	0	62.0	
LtrL590_09 	7	410728	410656	Val	CAC	0	0	65.2	
LtrL590_09 	8	410417	410346	Glu	TTC	0	0	61.0	
LtrL590_09 	9	398151	398079	Phe	GAA	0	0	91.0	
LtrL590_10 	1	302682	302754	Lys	CTT	0	0	86.2	
LtrL590_10 	2	302992	302920	Asn	GTT	0	0	73.2	
LtrL590_10 	3	302865	302795	Gly	GCC	0	0	69.8	
LtrL590_11 	1	179027	179098	Ala	CGC	0	0	73.8	
LtrL590_11 	2	181070	181151	Leu	AAG	0	0	74.7	
LtrL590_11 	3	185744	185825	Leu	AAG	0	0	74.7	
LtrL590_11 	4	402492	402563	Arg	ACG	0	0	72.0	
LtrL590_11 	5	402416	402344	Met	CAT	0	0	72.5	
LtrL590_11 	6	185670	185599	Ala	CGC	0	0	73.8	
LtrL590_11 	7	185538	185468	Gly	CCC	0	0	72.8	
LtrL590_11 	8	180996	180925	Ala	CGC	0	0	73.8	
LtrL590_11 	9	180864	180794	Gly	CCC	0	0	72.8	
LtrL590_11 	10	178953	178872	Leu	AAG	0	0	74.7	
LtrL590_15 	1	309809	309880	Asp	GTC	0	0	70.6	
LtrL590_15 	2	309991	309920	Glu	CTC	0	0	65.2	
LtrL590_16 	1	492717	492646	Gln	CTG	0	0	67.2	
LtrL590_17 	1	313502	313582	Ser	GCT	0	0	77.0	
LtrL590_17 	2	313643	313715	Ala	AGC	0	0	54.8	
LtrL590_17 	3	313425	313354	Asp	GTC	0	0	70.6	
LtrL590_21 	1	455015	455086	Pro	AGG	0	0	66.6	
LtrL590_21 	2	455218	455291	Val	AAC	0	0	61.8	
LtrL590_21 	3	455355	455427	Lys	CTT	0	0	86.2	
LtrL590_21 	4	165913	165833	Ser	GCT	0	0	79.3	
LtrL590_23 	1	229852	229925	Ile	TAT	0	0	80.6	
LtrL590_23 	2	231016	231087	Arg	TCG	0	0	73.4	
LtrL590_23 	3	231401	231473	Lys	TTT	0	0	82.3	
LtrL590_23 	4	231660	231731	Trp	CCA	0	0	74.9	
LtrL590_23 	5	231584	231513	Gly	TCC	0	0	66.0	
LtrL590_23 	6	230943	230872	Thr	TGT	0	0	72.8	
LtrL590_23 	7	230811	230729	Leu	CAG	0	0	75.3	
LtrL590_23 	8	230504	230433	Arg	ACG	0	0	72.0	
LtrL590_23 	9	230185	230114	Gln	TTG	0	0	80.2	
LtrL590_23 	10	230044	229972	Val	TAC	0	0	71.7	
LtrL590_24 	1	204654	204725	Pro	CGG	0	0	70.5	
LtrL590_24 	2	643622	643693	Gln	CTG	0	0	67.2	
LtrL590_24 	3	644072	644145	Ile	AAT	0	0	80.1	
LtrL590_24 	4	646216	646289	Ile	AAT	0	0	80.1	
LtrL590_24 	5	703860	703789	Asp	GTC	0	0	70.6	
LtrL590_24 	6	643987	643906	Leu	TAA	0	0	62.4	
LtrL590_29 	1	852113	852033	Ser	CGA	0	0	67.6	
LtrL590_29 	2	851975	851894	Leu	CAA	0	0	77.1	
LtrL590_30 	1	740299	740228	Thr	CGT	0	0	70.2	
LtrL590_31 	1	179878	179950	Ala	AGC	0	0	54.8	
LtrL590_31 	2	196473	196545	Ala	AGC	0	0	54.8	
LtrL590_31 	3	530118	530188	Gly	GCC	0	0	69.8	
LtrL590_31 	4	1453469	1453541	Phe	GAA	0	0	91.0	
LtrL590_31 	5	1453678	1453598	Ser	AGA	0	0	69.8	
LtrL590_31 	6	530311	530240	Glu	CTC	0	0	65.2	
LtrL590_33 	1	102522	102593	Ala	TGC	0	0	72.9	
LtrL590_33 	2	102446	102374	Arg	TCT	0	0	72.7	
LtrL590_33 	3	102313	102241	Arg	CCT	0	0	76.0	
LtrL590_34 	1	453437	453510	Ile	AAT	0	0	80.1	
LtrL590_34 	2	453572	453644	Met	CAT	0	0	72.5	
LtrL590_34 	3	453832	453912	Ser	TGA	0	0	71.3	
LtrL590_34 	4	1356331	1356402	Pro	CGG	0	0	70.5	
LtrL590_34 	5	1356463	1356535	Asn	GTT	0	0	73.2	
LtrL590_34 	6	1356249	1356178	Thr	CGT	0	0	70.2	
LtrL590_34 	7	1356116	1356033	Tyr	GTA	1356079	1356069	72.4	
LtrL590_34 	8	1355973	1355901	Asn	GTT	0	0	73.2	
LtrL590_34 	9	453757	453678	Leu	TAG	0	0	76.6	
LtrL590_34 	10	453197	453124	Val	AAC	0	0	61.8	
LtrL590_36 	1	497886	497957	Thr	AGT	0	0	71.4	
LtrL590_36 	2	498036	498119	Tyr	GTA	498073	498083	72.4	
LtrL590_36 	3	1045662	1045732	Gly	GCC	0	0	69.8	
LtrL590_36 	4	1046634	1046705	Pro	AGG	0	0	66.6	
LtrL590_36 	5	2508894	2508965	Cys	GCA	0	0	77.9	
LtrL590_36 	6	2510065	2510136	Pro	TGG	0	0	68.7	
LtrL590_36 	7	2509992	2509921	iMet	CAT	0	0	67.9	
LtrL590_36 	8	2509857	2509776	Leu	AAG	0	0	74.7	
LtrL590_36 	9	1628154	1628083	Gln	CTG	0	0	67.2	
LtrL590_36 	10	1046560	1046490	Gly	GCC	0	0	69.8	
LtrL590_36 	11	1046427	1046356	Thr	AGT	0	0	71.4	
LtrL590_36 	12	497069	496998	Thr	AGT	0	0	71.4	
LtrL590_36 	13	496921	496838	Tyr	GTA	496884	496874	72.4	
