Sequence     		tRNA  	Bounds	tRNA	Anti	Intron Bounds	Inf	      
Name         	tRNA #	Begin 	End   	Type	Codon	Begin	End	Score	Note
--------     	------	----- 	------	----	-----	-----	----	------	------
LtuLEM423_03 	1	255833	255905	Lys	CTT	0	0	86.2	
LtuLEM423_05 	1	380186	380257	Arg	ACG	0	0	72.0	
LtuLEM423_06 	1	62913 	62826 	SeC	TCA	0	0	124.7	
LtuLEM423_07 	1	381486	381415	Arg	ACG	0	0	72.0	
LtuLEM423_09 	1	255840	255911	iMet	CAT	0	0	67.9	
LtuLEM423_09 	2	255971	256053	Leu	CAG	0	0	75.3	
LtuLEM423_09 	3	385605	385677	Val	CAC	0	0	65.2	
LtuLEM423_09 	4	385929	385999	His	GTG	0	0	62.0	
LtuLEM423_09 	5	398728	398799	Arg	CCG	0	0	66.8	
LtuLEM423_09 	6	398865	398935	His	GTG	0	0	62.0	
LtuLEM423_09 	7	398653	398581	Val	CAC	0	0	65.2	
LtuLEM423_09 	8	398342	398271	Glu	TTC	0	0	61.0	
LtuLEM423_09 	9	386253	386181	Phe	GAA	0	0	91.0	
LtuLEM423_10 	1	481684	481756	Lys	CTT	0	0	86.2	
LtuLEM423_10 	2	481998	481926	Asn	GTT	0	0	73.2	
LtuLEM423_10 	3	481869	481799	Gly	GCC	0	0	69.8	
LtuLEM423_11 	1	156782	156853	Ala	CGC	0	0	72.7	
LtuLEM423_11 	2	156915	156985	Gly	CCC	0	0	72.8	
LtuLEM423_11 	3	367338	367409	Arg	ACG	0	0	72.0	
LtuLEM423_11 	4	367262	367190	Met	CAT	0	0	72.5	
LtuLEM423_11 	5	156706	156625	Leu	AAG	0	0	74.7	
LtuLEM423_15 	1	288100	288171	Asp	GTC	0	0	70.6	
LtuLEM423_15 	2	288287	288216	Glu	CTC	0	0	65.2	
LtuLEM423_16 	1	440839	440768	Gln	CTG	0	0	67.2	
LtuLEM423_17 	1	293939	294019	Ser	GCT	0	0	77.0	
LtuLEM423_17 	2	294080	294152	Ala	AGC	0	0	54.8	
LtuLEM423_17 	3	293862	293791	Asp	GTC	0	0	70.6	
LtuLEM423_21 	1	449376	449447	Pro	AGG	0	0	66.6	
LtuLEM423_21 	2	449585	449658	Val	AAC	0	0	61.8	
LtuLEM423_21 	3	449720	449792	Lys	CTT	0	0	86.2	
LtuLEM423_21 	4	164296	164216	Ser	GCT	0	0	79.3	
LtuLEM423_23 	1	225325	225398	Ile	TAT	0	0	80.6	
LtuLEM423_23 	2	226484	226555	Arg	TCG	0	0	73.4	
LtuLEM423_23 	3	226867	226939	Lys	TTT	0	0	83.6	
LtuLEM423_23 	4	227127	227198	Trp	CCA	0	0	74.9	
LtuLEM423_23 	5	227051	226980	Gly	TCC	0	0	66.0	
LtuLEM423_23 	6	226411	226340	Thr	TGT	0	0	72.8	
LtuLEM423_23 	7	226279	226197	Leu	CAG	0	0	75.3	
LtuLEM423_23 	8	225974	225903	Arg	ACG	0	0	72.0	
LtuLEM423_23 	9	225654	225583	Gln	TTG	0	0	80.2	
LtuLEM423_23 	10	225517	225445	Val	TAC	0	0	71.7	
LtuLEM423_24 	1	203090	203161	Pro	CGG	0	0	70.8	
LtuLEM423_24 	2	632705	632776	Gln	CTG	0	0	67.2	
LtuLEM423_24 	3	633157	633230	Ile	AAT	0	0	80.1	
LtuLEM423_24 	4	635329	635402	Ile	AAT	0	0	80.1	
LtuLEM423_24 	5	693649	693578	Asp	GTC	0	0	70.6	
LtuLEM423_24 	6	633072	632991	Leu	TAA	0	0	62.4	
LtuLEM423_29 	1	826286	826206	Ser	CGA	0	0	67.6	
LtuLEM423_29 	2	826148	826067	Leu	CAA	0	0	77.1	
LtuLEM423_30 	1	743657	743586	Thr	CGT	0	0	70.2	
LtuLEM423_31 	1	193500	193572	Ala	AGC	0	0	54.8	
LtuLEM423_31 	2	448135	448205	Gly	GCC	0	0	69.8	
LtuLEM423_31 	3	1199716	1199788	Phe	GAA	0	0	91.0	
LtuLEM423_31 	4	1199919	1199839	Ser	AGA	0	0	69.8	
LtuLEM423_31 	5	448319	448248	Glu	CTC	0	0	65.2	
LtuLEM423_33 	1	103030	103101	Ala	TGC	0	0	72.9	
LtuLEM423_33 	2	102953	102881	Arg	TCT	0	0	75.2	
LtuLEM423_33 	3	102820	102748	Arg	CCT	0	0	76.0	
LtuLEM423_34 	1	1190488	1190559	Pro	CGG	0	0	70.8	
LtuLEM423_34 	2	1190620	1190692	Asn	GTT	0	0	73.2	
LtuLEM423_34 	3	1190406	1190335	Thr	CGT	0	0	70.2	
LtuLEM423_34 	4	1190272	1190189	Tyr	GTA	1190235	1190225	72.4	
LtuLEM423_34 	5	1190130	1190058	Asn	GTT	0	0	73.2	
LtuLEM423_36 	1	461951	462022	Thr	AGT	0	0	71.4	
LtuLEM423_36 	2	462104	462187	Tyr	GTA	462141	462151	72.4	
LtuLEM423_36 	3	994826	994896	Gly	GCC	0	0	69.8	
LtuLEM423_36 	4	995790	995861	Pro	AGG	0	0	66.6	
LtuLEM423_36 	5	2432395	2432466	Cys	GCA	0	0	77.9	
LtuLEM423_36 	6	2433544	2433615	Pro	TGG	0	0	68.7	
LtuLEM423_36 	7	2433471	2433400	iMet	CAT	0	0	67.9	
LtuLEM423_36 	8	2433336	2433255	Leu	AAG	0	0	74.7	
LtuLEM423_36 	9	1574737	1574666	Gln	CTG	0	0	67.2	
LtuLEM423_36 	10	995716	995646	Gly	GCC	0	0	69.8	
LtuLEM423_36 	11	995581	995510	Thr	AGT	0	0	71.4	
LtuLEM423_36 	12	461163	461092	Thr	AGT	0	0	71.4	
LtuLEM423_36 	13	461010	460927	Tyr	GTA	460973	460963	72.4	
LTULEM423_SCAF000129	1	909   	988   	Leu	TAG	0	0	76.6	
LTULEM423_SCAF000129	2	1466  	1539  	Val	AAC	0	0	61.8	
LTULEM423_SCAF000129	3	1228  	1155  	Ile	AAT	0	0	80.1	
LTULEM423_SCAF000129	4	1093  	1021  	Met	CAT	0	0	72.5	
LTULEM423_SCAF000129	5	834   	754   	Ser	TGA	0	0	71.3	
LTULEM423_SCAF000130	1	4290  	4363  	Ile	AAT	0	0	80.1	
LTULEM423_SCAF000130	2	4425  	4497  	Met	CAT	0	0	72.5	
LTULEM423_SCAF000130	3	4684  	4764  	Ser	TGA	0	0	71.3	
LTULEM423_SCAF000130	4	4609  	4530  	Leu	TAG	0	0	76.6	
LTULEM423_SCAF000130	5	4052  	3979  	Val	AAC	0	0	61.8	
