Sequence         		tRNA	Bounds	tRNA	Anti	Intron Bounds	Inf	      
Name             	tRNA #	Begin	End 	Type	Codon	Begin	End	Score	Note
--------         	------	-----	------	----	-----	-----	----	------	------
Pcon_contig05495 	1	906 	826 	Ser	AGA	0	0	68.0	
Pcon_contig05495 	2	766 	686 	Ser	AGA	0	0	68.0	
Pcon_contig05495 	3	630 	550 	Ser	CGA	0	0	68.6	
Pcon_contig05495 	4	491 	409 	Leu	CAA	0	0	76.5	
Pcon_contig05519 	1	493 	565 	Phe	GAA	0	0	83.2	
Pcon_contig05519 	2	909 	979 	His	GTG	0	0	69.0	
Pcon_contig05519 	3	836 	764 	Val	CAC	0	0	66.2	
Pcon_contig05519 	4	417 	345 	Phe	GAA	0	0	83.2	
Pcon_contig05519 	5	154 	83  	Glu	TTC	0	0	60.4	
Pcon_contig05960 	1	359 	289 	Gly	GCC	0	0	69.8	
Pcon_contig06055 	1	746 	817 	Arg	ACG	0	0	72.0	
Pcon_contig06111 	1	219 	138 	Leu	TAA	0	0	60.7	
Pcon_contig06539 	1	302 	230 	Lys	CTT	0	0	80.6	
Pcon_contig06539 	2	159 	88  	Ala	CGC	0	0	68.0	
Pcon_contig06800 	1	71  	141 	Gly	GCC	0	0	69.8	
Pcon_contig06800 	2	199 	269 	Gly	GCC	0	0	69.8	
Pcon_contig06992 	1	323 	395 	Val	CAC	0	0	66.2	
Pcon_contig06992 	2	244 	173 	Arg	CCG	0	0	74.8	
Pcon_scaffold00001_1	1	422519	422601	Leu	CAG	0	0	73.6	
Pcon_scaffold00001_1	2	422661	422743	Leu	CAG	0	0	73.6	
Pcon_scaffold00001_3	1	31963	32034	Pro	CGG	0	0	71.1	
Pcon_scaffold00001_3	2	33193	33264	Pro	CGG	0	0	71.1	
Pcon_scaffold00001_3	3	33120	33049	Pro	TGG	0	0	71.1	
Pcon_scaffold00001_4	1	217269	217349	Leu	TAG	0	0	78.3	
Pcon_scaffold00001_4	2	217196	217116	Ser	TGA	0	0	70.9	
Pcon_scaffold00001_4	3	217048	216962	Tyr	GTA	217011	216998	72.3	
Pcon_scaffold00001_4	4	216903	216832	Glu	CTC	0	0	65.4	
Pcon_scaffold00001_4	5	216767	216695	Met	CAT	0	0	75.1	
Pcon_scaffold00002_2	1	114763	114837	Phe	GAA	0	0	22.6	pseudo
Pcon_scaffold00004_1	1	377513	377585	Met	CAT	0	0	71.5	
Pcon_scaffold00005_3	1	85240	85169	Glu	CTC	0	0	65.4	
Pcon_scaffold00007_2	1	136707	136636	Cys	GCA	0	0	76.0	
Pcon_scaffold00007_2	2	136576	136505	iMet	CAT	0	0	75.1	
Pcon_scaffold00007_2	3	136446	136365	Leu	AAG	0	0	73.8	
Pcon_scaffold00007_3	1	61888	61958	Pro	GGG	0	0	57.0	
Pcon_scaffold00009_2	1	353888	353958	Gly	CCC	0	0	73.2	
Pcon_scaffold00009_2	2	354138	354209	Ala	CGC	0	0	68.0	
Pcon_scaffold00011_2	1	23510	23438	Asn	GTT	0	0	73.2	
Pcon_scaffold00011_2	2	23375	23304	Thr	CGT	0	0	68.0	
Pcon_scaffold00011_2	3	23207	23121	Tyr	GTA	23170	23157	72.3	
Pcon_scaffold00011_2	4	371 	298 	Val	AAC	0	0	60.3	
Pcon_scaffold00011_2	5	231 	158 	Val	AAC	0	0	59.3	
Pcon_scaffold00017	1	96561	96633	Lys	TTT	0	0	83.4	
Pcon_scaffold00017	2	96747	96819	Arg	CCT	0	0	71.4	
Pcon_scaffold00017	3	97102	97173	Ala	TGC	0	0	72.4	
Pcon_scaffold00017	4	161441	161370	Glu	CTC	0	0	65.4	
Pcon_scaffold00017	5	97033	96961	Arg	TCT	0	0	74.5	
Pcon_scaffold00017	6	96488	96416	Asn	GTT	0	0	73.2	
Pcon_scaffold00017	7	96312	96241	Glu	CTC	0	0	65.4	
Pcon_scaffold00026_2	1	146666	146595	Thr	CGT	0	0	68.0	
Pcon_scaffold00074	1	48809	48881	Val	TAC	0	0	71.7	
Pcon_scaffold00074	2	49303	49374	Trp	CCA	0	0	79.5	
Pcon_scaffold00074	3	49596	49667	Thr	TGT	0	0	72.6	
Pcon_scaffold00074	4	50082	50009	Ile	TAT	0	0	78.1	
Pcon_scaffold00074	5	49919	49848	Gln	TTG	0	0	77.7	
Pcon_scaffold00074	6	49516	49445	Arg	TCG	0	0	73.1	
Pcon_scaffold00074	7	49224	49153	Gly	TCC	0	0	63.6	
Pcon_scaffold00074	8	46393	46322	Arg	ACG	0	0	72.0	
Pcon_scaffold00074	9	46177	46106	Arg	ACG	0	0	72.0	
Pcon_scaffold00105	1	6083	6002	Leu	AAG	0	0	73.8	
