Sequence    		tRNA   	Bounds 	tRNA	Anti	Intron Bounds	Inf	      
Name        	tRNA #	Begin  	End    	Type	Codon	Begin	End	Score	Note
--------    	------	-----  	------ 	----	-----	-----	----	------	------
Tb427_03_v4 	1	1234670	1234750	Ser	AGA	0	0	69.8	
Tb427_03_v4 	2	1235177	1235097	Ser	CGA	0	0	69.8	
Tb427_03_v4 	3	1235037	1234956	Leu	CAA	0	0	74.8	
Tb427_04_v4 	1	326262 	326333 	Thr	CGT	0	0	70.2	
Tb427_04_v4 	2	861265 	861337 	Met	CAT	0	0	70.0	
Tb427_04_v4 	3	861579 	861652 	Val	AAC	0	0	61.5	
Tb427_04_v4 	4	1288116	1288044	Val	CAC	0	0	66.2	
Tb427_04_v4 	5	1287973	1287901	Arg	TCG	0	0	43.5	
Tb427_04_v4 	6	861461 	861381 	Ser	TGA	0	0	72.8	
Tb427_04_v4 	7	861177 	861106 	Glu	CTC	0	0	65.4	
Tb427_04_v4 	8	843488 	843416 	Met	CAT	0	0	70.0	
Tb427_04_v4 	9	843356 	843277 	Leu	TAG	0	0	81.8	
Tb427_04_v4 	10	843213 	843140 	Val	AAC	0	0	61.5	
Tb427_04_v4 	11	326484 	326401 	Tyr	GTA	326447	326437	72.4	
Tb427_04_v4 	12	318292 	318221 	Pro	CGG	0	0	69.2	
Tb427_05_v4 	1	874784 	874855 	Glu	CTC	0	0	65.4	
Tb427_05_v4 	2	138743 	138672 	Arg	ACG	0	0	72.0	
Tb427_07_v4 	1	301026 	301096 	Gly	GCC	0	0	69.8	
Tb427_07_v4 	2	1891695	1891766	Asp	GTC	0	0	70.6	
Tb427_07_v4 	3	1895086	1895166	Ser	GCT	0	0	79.3	
Tb427_07_v4 	4	1895236	1895308	Ala	AGC	0	0	57.1	
Tb427_07_v4 	5	1911830	1911902	Lys	CTT	0	0	80.3	
Tb427_07_v4 	6	2060234	2060163	Ala	CGC	0	0	67.0	
Tb427_07_v4 	7	1895009	1894938	Asp	GTC	0	0	70.6	
Tb427_07_v4 	8	1891618	1891538	Ser	GCT	0	0	79.3	
Tb427_07_v4 	9	1891468	1891396	Ala	AGC	0	0	57.1	
Tb427_08_v4 	1	793621 	793693 	Asn	GTT	0	0	73.2	
Tb427_08_v4 	2	854624 	854695 	Gln	TTG	0	0	80.2	
Tb427_08_v4 	3	854753 	854825 	Val	TAC	0	0	71.7	
Tb427_08_v4 	4	854896 	854968 	Lys	CTT	0	0	80.3	
Tb427_08_v4 	5	858280 	858351 	Gly	TCC	0	0	69.4	
Tb427_08_v4 	6	858439 	858520 	Leu	CAG	0	0	70.1	
Tb427_08_v4 	7	858773 	858844 	Arg	TCG	0	0	73.3	
Tb427_08_v4 	8	861539 	861611 	Lys	CTT	0	0	80.3	
Tb427_08_v4 	9	1053769	1053840	Cys	GCA	0	0	77.9	
Tb427_08_v4 	10	1587915	1587986	Arg	ACG	0	0	72.0	
Tb427_08_v4 	11	1892527	1892600	Ile	AAT	0	0	80.9	
Tb427_08_v4 	12	1892988	1893059	Gln	CTG	0	0	67.9	
Tb427_08_v4 	13	1893139	1893212	Ile	AAT	0	0	80.9	
Tb427_08_v4 	14	1892898	1892827	Gln	CTG	0	0	67.9	
Tb427_08_v4 	15	1892731	1892650	Leu	TAA	0	0	68.0	
Tb427_08_v4 	16	1053626	1053555	Cys	GCA	0	0	77.9	
Tb427_08_v4 	17	861773 	861702 	Arg	ACG	0	0	72.0	
Tb427_08_v4 	18	858675 	858604 	Thr	TGT	0	0	72.9	
Tb427_08_v4 	19	854529 	854456 	Ile	TAT	0	0	78.3	
Tb427_08_v4 	20	793851 	793780 	Trp	CCA	0	0	79.5	
Tb427_09_v4 	1	2037729	2037799	Gly	GCC	0	0	69.8	
Tb427_09_v4 	2	510189 	510102 	SeC	TCA	0	0	117.6	
Tb427_09_v4 	3	506353 	506266 	SeC	TCA	0	0	117.6	
Tb427_10_v5 	1	1888916	1888986	Gly	GCC	0	0	69.8	
Tb427_10_v5 	2	1925407	1925478	Pro	AGG	0	0	68.3	
Tb427_10_v5 	3	1925539	1925610	Thr	AGT	0	0	73.9	
Tb427_10_v5 	4	1929057	1929138	Leu	AAG	0	0	75.6	
Tb427_10_v5 	5	1929345	1929416	Pro	TGG	0	0	72.7	
Tb427_10_v5 	6	2647990	2648062	Asn	GTT	0	0	73.2	
Tb427_10_v5 	7	2648315	2648387	Arg	TCT	0	0	75.6	
Tb427_10_v5 	8	2648448	2648519	Lys	TTT	0	0	89.9	
Tb427_10_v5 	9	2648605	2648677	Arg	CCT	0	0	69.7	
Tb427_10_v5 	10	2648212	2648141	Ala	TGC	0	0	70.0	
Tb427_10_v5 	11	1929272	1929201	iMet	CAT	0	0	67.1	
Tb427_11_01_v4	1	1875324	1875394	Gly	CCC	0	0	73.2	
Tb427_11_01_v4	2	3453053	3453123	His	GTG	0	0	69.9	
Tb427_11_01_v4	3	3453185	3453256	Glu	TTC	0	0	65.8	
Tb427_11_01_v4	4	3453316	3453388	Phe	GAA	0	0	91.0	
Tb427_11_01_v4	5	3471136	3471208	Phe	GAA	0	0	91.0	
Tb427_11_01_v4	6	3471025	3470954	Arg	CCG	0	0	67.3	
Tb427_11_01_v4	7	3470887	3470816	Ala	CGC	0	0	73.8	
