Sequence  		tRNA   	Bounds 	tRNA	Anti	Intron Bounds	Inf	      
Name      	tRNA #	Begin  	End    	Type	Codon	Begin	End	Score	Note
--------  	------	-----  	------ 	----	-----	-----	----	------	------
Tbg972_03 	1	1106185	1106265	Ser	AGA	0	0	69.8	
Tbg972_03 	2	1106692	1106612	Ser	CGA	0	0	69.8	
Tbg972_03 	3	1106552	1106471	Leu	CAA	0	0	74.8	
Tbg972_04 	1	242915 	242986 	Thr	CGT	0	0	70.2	
Tbg972_04 	2	820711 	820783 	Met	CAT	0	0	70.0	
Tbg972_04 	3	821023 	821096 	Val	AAC	0	0	61.5	
Tbg972_04 	4	1240417	1240345	Val	CAC	0	0	66.2	
Tbg972_04 	5	1240274	1240202	Sup	TCA	0	0	43.5	
Tbg972_04 	6	820907 	820827 	Ser	TGA	0	0	72.8	
Tbg972_04 	7	820623 	820552 	Glu	CTC	0	0	65.4	
Tbg972_04 	8	807765 	807693 	Met	CAT	0	0	70.0	
Tbg972_04 	9	807633 	807554 	Leu	TAG	0	0	81.8	
Tbg972_04 	10	807490 	807417 	Val	AAC	0	0	61.5	
Tbg972_04 	11	243137 	243054 	Tyr	GTA	243100	243090	72.4	
Tbg972_04 	12	239321 	239250 	Pro	CGG	0	0	69.2	
Tbg972_05 	1	820104 	820175 	Glu	CTC	0	0	65.4	
Tbg972_05 	2	119740 	119669 	Arg	ACG	0	0	72.0	
Tbg972_07 	1	270220 	270290 	Gly	GCC	0	0	69.8	
Tbg972_07 	2	1942495	1942566	Asp	GTC	0	0	70.6	
Tbg972_07 	3	1945868	1945948	Ser	GCT	0	0	79.3	
Tbg972_07 	4	1946018	1946090	Ala	AGC	0	0	57.1	
Tbg972_07 	5	2097494	2097423	Ala	CGC	0	0	67.0	
Tbg972_07 	6	1945791	1945720	Asp	GTC	0	0	70.6	
Tbg972_07 	7	1942418	1942338	Ser	GCT	0	0	79.3	
Tbg972_07 	8	1942268	1942196	Ala	AGC	0	0	57.1	
Tbg972_08 	1	603510 	603582 	Asn	GTT	0	0	73.2	
Tbg972_08 	2	665231 	665302 	Gln	TTG	0	0	80.2	
Tbg972_08 	3	665360 	665432 	Val	TAC	0	0	71.7	
Tbg972_08 	4	665503 	665575 	Lys	CTT	0	0	80.3	
Tbg972_08 	5	668895 	668966 	Gly	TCC	0	0	69.4	
Tbg972_08 	6	669054 	669135 	Leu	CAG	0	0	70.1	
Tbg972_08 	7	669388 	669459 	Arg	TCG	0	0	73.3	
Tbg972_08 	8	672150 	672222 	Lys	CTT	0	0	80.3	
Tbg972_08 	9	833667 	833738 	Cys	GCA	0	0	77.9	
Tbg972_08 	10	1375297	1375368	Arg	ACG	0	0	72.0	
Tbg972_08 	11	1678762	1678835	Ile	AAT	0	0	80.9	
Tbg972_08 	12	1679133	1679062	Gln	CTG	0	0	67.9	
Tbg972_08 	13	1678966	1678885	Leu	TAA	0	0	68.0	
Tbg972_08 	14	672387 	672316 	Arg	ACG	0	0	72.0	
Tbg972_08 	15	669290 	669219 	Thr	TGT	0	0	69.9	
Tbg972_08 	16	665136 	665063 	Ile	TAT	0	0	78.3	
Tbg972_08 	17	603741 	603670 	Trp	CCA	0	0	79.5	
Tbg972_09 	1	1748754	1748824	Gly	GCC	0	0	69.8	
Tbg972_09 	2	242941 	242854 	SeC	TCA	0	0	117.6	
Tbg972_09 	3	239123 	239036 	SeC	TCA	0	0	117.6	
Tbg972_10 	1	1826436	1826506	Gly	GCC	0	0	69.8	
Tbg972_10 	2	1863360	1863431	Pro	AGG	0	0	68.3	
Tbg972_10 	3	1863492	1863563	Thr	AGT	0	0	73.9	
Tbg972_10 	4	1867011	1867092	Leu	AAG	0	0	75.6	
Tbg972_10 	5	1867298	1867369	Pro	TGG	0	0	72.7	
Tbg972_10 	6	2556661	2556733	Asn	GTT	0	0	73.2	
Tbg972_10 	7	2556986	2557058	Arg	TCT	0	0	75.6	
Tbg972_10 	8	2557119	2557190	Lys	TTT	0	0	89.9	
Tbg972_10 	9	2557276	2557348	Arg	CCT	0	0	69.7	
Tbg972_10 	10	2556883	2556812	Ala	TGC	0	0	72.9	
Tbg972_10 	11	1867225	1867154	iMet	CAT	0	0	67.1	
Tbg972_11 	1	1888933	1889003	Gly	CCC	0	0	73.2	
Tbg972_11 	2	2200498	2200570	Lys	CTT	0	0	80.3	
Tbg972_11 	3	3471486	3471556	His	GTG	0	0	69.9	
Tbg972_11 	4	3471618	3471689	Glu	TTC	0	0	65.8	
Tbg972_11 	5	3471749	3471821	Phe	GAA	0	0	91.0	
Tbg972_11 	6	3489667	3489739	Phe	GAA	0	0	91.0	
Tbg972_11 	7	3489556	3489485	Arg	CCG	0	0	67.3	
Tbg972_11 	8	3489418	3489347	Ala	CGC	0	0	73.8	
