Sequence      		tRNA   	Bounds 	tRNA	Anti	Intron Bounds	Inf	      
Name          	tRNA #	Begin  	End    	Type	Codon	Begin	End	Score	Note
--------      	------	-----  	------ 	----	-----	-----	----	------	------
Tb927_03_v5.1 	1	1233524	1233604	Ser	AGA	0	0	69.8	
Tb927_03_v5.1 	2	1234031	1233951	Ser	CGA	0	0	69.8	
Tb927_03_v5.1 	3	1233891	1233810	Leu	CAA	0	0	74.8	
Tb927_04_v5.1 	1	325958 	326029 	Thr	CGT	0	0	70.2	
Tb927_04_v5.1 	2	860774 	860846 	Met	CAT	0	0	70.0	
Tb927_04_v5.1 	3	861087 	861160 	Val	AAC	0	0	61.5	
Tb927_04_v5.1 	4	1287517	1287445	Val	CAC	0	0	66.2	
Tb927_04_v5.1 	5	1287374	1287302	Sup	TCA	0	0	43.5	
Tb927_04_v5.1 	6	860970 	860890 	Ser	TGA	0	0	72.8	
Tb927_04_v5.1 	7	860686 	860615 	Glu	CTC	0	0	65.4	
Tb927_04_v5.1 	8	842999 	842927 	Met	CAT	0	0	70.0	
Tb927_04_v5.1 	9	842868 	842789 	Leu	TAG	0	0	81.8	
Tb927_04_v5.1 	10	842725 	842652 	Val	AAC	0	0	61.5	
Tb927_04_v5.1 	11	326181 	326098 	Tyr	GTA	326144	326134	72.4	
Tb927_04_v5.1 	12	317985 	317914 	Pro	CGG	0	0	69.2	
Tb927_05_v5.1 	1	931361 	931432 	Glu	CTC	0	0	65.4	
Tb927_05_v5.1 	2	195539 	195468 	Arg	ACG	0	0	72.0	
Tb927_07_v5.1 	1	300549 	300619 	Gly	GCC	0	0	69.8	
Tb927_07_v5.1 	2	1890810	1890881	Asp	GTC	0	0	70.6	
Tb927_07_v5.1 	3	1894202	1894282	Ser	GCT	0	0	79.3	
Tb927_07_v5.1 	4	1894352	1894424	Ala	AGC	0	0	57.1	
Tb927_07_v5.1 	5	1910941	1911013	Lys	CTT	0	0	80.3	
Tb927_07_v5.1 	6	2059320	2059249	Ala	CGC	0	0	67.0	
Tb927_07_v5.1 	7	1894125	1894054	Asp	GTC	0	0	70.6	
Tb927_07_v5.1 	8	1890733	1890653	Ser	GCT	0	0	79.3	
Tb927_07_v5.1 	9	1890583	1890511	Ala	AGC	0	0	57.1	
Tb927_08_v5.1 	1	793456 	793528 	Asn	GTT	0	0	73.2	
Tb927_08_v5.1 	2	854457 	854528 	Gln	TTG	0	0	80.2	
Tb927_08_v5.1 	3	854585 	854657 	Val	TAC	0	0	71.7	
Tb927_08_v5.1 	4	854728 	854800 	Lys	CTT	0	0	80.3	
Tb927_08_v5.1 	5	858106 	858177 	Gly	TCC	0	0	69.4	
Tb927_08_v5.1 	6	858265 	858346 	Leu	CAG	0	0	70.1	
Tb927_08_v5.1 	7	858599 	858670 	Arg	TCG	0	0	73.3	
Tb927_08_v5.1 	8	861366 	861438 	Lys	CTT	0	0	80.3	
Tb927_08_v5.1 	9	1053540	1053611	Cys	GCA	0	0	77.9	
Tb927_08_v5.1 	10	1587504	1587575	Arg	ACG	0	0	72.0	
Tb927_08_v5.1 	11	1891988	1892061	Ile	AAT	0	0	80.9	
Tb927_08_v5.1 	12	1892449	1892520	Gln	CTG	0	0	67.9	
Tb927_08_v5.1 	13	1892600	1892673	Ile	AAT	0	0	80.9	
Tb927_08_v5.1 	14	1892359	1892288	Gln	CTG	0	0	67.9	
Tb927_08_v5.1 	15	1892192	1892111	Leu	TAA	0	0	66.8	
Tb927_08_v5.1 	16	1053397	1053326	Cys	GCA	0	0	77.9	
Tb927_08_v5.1 	17	861599 	861528 	Arg	ACG	0	0	72.0	
Tb927_08_v5.1 	18	858501 	858430 	Thr	TGT	0	0	72.9	
Tb927_08_v5.1 	19	854362 	854289 	Ile	TAT	0	0	78.3	
Tb927_08_v5.1 	20	793685 	793614 	Trp	CCA	0	0	79.5	
Tb927_09_v5.1 	1	2087749	2087819	Gly	GCC	0	0	69.8	
Tb927_09_v5.1 	2	519350 	519263 	SeC	TCA	0	0	117.6	
Tb927_09_v5.1 	3	515513 	515426 	SeC	TCA	0	0	117.6	
Tb927_10_v5.1 	1	1888554	1888624	Gly	GCC	0	0	69.8	
Tb927_10_v5.1 	2	1925039	1925110	Pro	AGG	0	0	68.3	
Tb927_10_v5.1 	3	1925171	1925242	Thr	AGT	0	0	73.9	
Tb927_10_v5.1 	4	1928688	1928769	Leu	AAG	0	0	75.6	
Tb927_10_v5.1 	5	1928975	1929046	Pro	TGG	0	0	72.7	
Tb927_10_v5.1 	6	2647484	2647556	Asn	GTT	0	0	73.2	
Tb927_10_v5.1 	7	2647809	2647881	Arg	TCT	0	0	75.6	
Tb927_10_v5.1 	8	2647941	2648012	Lys	TTT	0	0	89.9	
Tb927_10_v5.1 	9	2648098	2648170	Arg	CCT	0	0	69.7	
Tb927_10_v5.1 	10	2647706	2647635	Ala	TGC	0	0	72.9	
Tb927_10_v5.1 	11	1928902	1928831	iMet	CAT	0	0	67.1	
Tb927_11_v5.1 	1	1898859	1898929	Gly	CCC	0	0	73.2	
Tb927_11_v5.1 	2	3512886	3512956	His	GTG	0	0	69.9	
Tb927_11_v5.1 	3	3513018	3513089	Glu	TTC	0	0	65.8	
Tb927_11_v5.1 	4	3513149	3513221	Phe	GAA	0	0	91.0	
Tb927_11_v5.1 	5	3530959	3531031	Phe	GAA	0	0	91.0	
Tb927_11_v5.1 	6	3530847	3530776	Arg	CCG	0	0	67.3	
Tb927_11_v5.1 	7	3530709	3530638	Ala	CGC	0	0	73.8	
Tb927_11_bin_v5.1	1	412293 	412364 	Arg	ACG	0	0	72.0	
Tb927_11_bin_v5.1	2	1086958	1087030	Ser	GCT	0	0	23.3	pseudo
Tb927_11_bin_v5.1	3	1373266	1373331	Ile	GAT	0	0	33.0	
Tb927_11_bin_v5.1	4	2512321	2512393	Val	AAC	0	0	56.8	
Tb927_11_bin_v5.1	5	3739677	3739755	Ser	GCT	0	0	20.1	pseudo
Tb927_11_bin_v5.1	6	4236714	4236779	Ser	GCT	0	0	26.9	pseudo
Tb927_11_bin_v5.1	7	4269318	4269391	Arg	CCG	0	0	72.6	
Tb927_11_bin_v5.1	8	4269451	4269523	His	GTG	0	0	71.4	
Tb927_11_bin_v5.1	9	4269546	4269629	Leu	CAG	0	0	59.5	
Tb927_11_bin_v5.1	10	4269675	4269748	Pro	TGG	0	0	64.9	
Tb927_11_bin_v5.1	11	4454419	4454354	Lys	TTT	0	0	24.6	
Tb927_11_bin_v5.1	12	2915256	2915177	Pro	AGG	0	0	20.3	pseudo
Tb927_11_bin_v5.1	13	2245310	2245232	Thr	AGT	0	0	25.0	pseudo
Tb927_11_bin_v5.1	14	1979974	1979909	Ser	GCT	0	0	31.9	pseudo
