Sequence     		tRNA  	Bounds	tRNA	Anti	Intron Bounds	Inf	      
Name         	tRNA #	Begin 	End   	Type	Codon	Begin	End	Score	Note
--------     	------	----- 	------	----	-----	-----	----	------	------
MBSY01000058 	1	237610	237537	Ile	AAT	0	0	80.1	
MBSY01000073 	1	82347 	82275 	Met	CAT	0	0	50.0	
MBSY01000093 	1	15499 	15570 	Gln	TTG	0	0	80.2	
MBSY01000093 	2	15640 	15712 	Val	TAC	0	0	69.9	
MBSY01000093 	3	15783 	15855 	Lys	CTT	0	0	80.9	
MBSY01000093 	4	16094 	16165 	Gly	TCC	0	0	66.7	
MBSY01000093 	5	16511 	16582 	Arg	TCG	0	0	73.1	
MBSY01000093 	6	17058 	17130 	Lys	CTT	0	0	80.9	
MBSY01000093 	7	136974	136903	Trp	CCA	0	0	79.5	
MBSY01000093 	8	17241 	17170 	Arg	ACG	0	0	72.0	
MBSY01000093 	9	16423 	16352 	Thr	TGT	0	0	72.9	
MBSY01000093 	10	16286 	16205 	Leu	CAG	0	0	70.1	
MBSY01000093 	11	15413 	15340 	Ile	TAT	0	0	74.8	
MBSY01000094 	1	131802	131873	Arg	CCG	0	0	67.3	
MBSY01000094 	2	131929	132000	Ala	CGC	0	0	73.8	
MBSY01000094 	3	131696	131624	Phe	GAA	0	0	91.0	
MBSY01000110 	1	30996 	31067 	Arg	ACG	0	0	72.0	
MBSY01000141 	1	3738  	3809  	Thr	CGT	0	0	70.2	
MBSY01000141 	2	3883  	3955  	Asn	GTT	0	0	73.2	
MBSY01000141 	3	3476  	3405  	Pro	CGG	0	0	71.1	
MBSY01000195 	1	3636  	3707  	Glu	TTC	0	0	65.1	
MBSY01000195 	2	3771  	3843  	Phe	GAA	0	0	91.0	
MBSY01000195 	3	3545  	3473  	Val	CAC	0	0	66.2	
MBSY01000240 	1	75381 	75451 	Gln	CTG	0	0	62.4	
MBSY01000240 	2	227613	227684	Gln	CTG	0	0	73.5	
MBSY01000240 	3	227744	227825	Leu	TAA	0	0	64.5	
MBSY01000240 	4	227524	227451	Ile	AAT	0	0	80.1	
MBSY01000247 	1	22985 	23056 	Pro	AGG	0	0	68.3	
MBSY01000286 	1	116295	116366	Thr	AGT	0	0	73.9	
MBSY01000286 	2	148838	148768	Gly	GCC	0	0	69.8	
MBSY01000286 	3	116213	116143	Gly	GCC	0	0	69.8	
MBSY01000303 	1	17681 	17761 	Ser	GCT	0	0	81.8	
MBSY01000303 	2	17831 	17903 	Ala	AGC	0	0	57.1	
MBSY01000303 	3	17576 	17505 	Asp	GTC	0	0	70.6	
MBSY01000545 	1	20585 	20656 	Ala	TGC	0	0	72.9	
MBSY01000545 	2	20771 	20699 	Asn	GTT	0	0	73.2	
MBSY01000545 	3	20497 	20425 	Arg	TCT	0	0	68.5	
MBSY01000545 	4	20367 	20296 	Lys	TTT	0	0	80.4	
MBSY01000545 	5	20230 	20158 	Arg	CCT	0	0	74.5	
MBSY01000548 	1	37657 	37730 	Ile	AAT	0	0	80.1	
MBSY01000548 	2	37567 	37496 	Gln	CTG	0	0	73.5	
MBSY01000548 	3	37436 	37355 	Leu	TAA	0	0	64.5	
MBSY01000551 	1	36592 	36663 	Pro	TGG	0	0	71.1	
MBSY01000551 	2	36515 	36444 	iMet	CAT	0	0	71.8	
MBSY01000551 	3	36383 	36302 	Leu	AAG	0	0	75.6	
MBSY01000561 	1	313815	313902	SeC	TCA	0	0	117.6	
MBSY01000561 	2	317300	317387	SeC	TCA	0	0	117.6	
MBSY01000561 	3	320785	320872	SeC	TCA	0	0	117.6	
MBSY01000561 	4	324269	324356	SeC	TCA	0	0	117.6	
MBSY01000561 	5	327754	327841	SeC	TCA	0	0	117.6	
MBSY01000561 	6	331239	331326	SeC	TCA	0	0	117.6	
MBSY01000561 	7	334724	334811	SeC	TCA	0	0	117.6	
MBSY01000577 	1	179834	179764	Gly	CCC	0	0	73.2	
MBSY01000577 	2	179682	179601	Leu	AAG	0	0	75.6	
MBSY01000581 	1	42616 	42687 	Glu	CTC	0	0	64.1	
MBSY01000581 	2	72823 	72895 	Met	CAT	0	0	50.5	
MBSY01000595 	1	1141943	1141872	Cys	GCA	0	0	77.9	
MBSY01000602 	1	93832 	93912 	Ser	AGA	0	0	69.8	
MBSY01000602 	2	112879	112799	Ser	CGA	0	0	69.8	
MBSY01000602 	3	112741	112660	Leu	CAA	0	0	75.8	
MBSY01000607 	1	15334 	15405 	Trp	CCA	0	0	79.5	
MBSY01000654 	1	47015 	47086 	Glu	TTC	0	0	65.1	
MBSY01000654 	2	47150 	47222 	Phe	GAA	0	0	91.0	
MBSY01000654 	3	46924 	46852 	Val	CAC	0	0	66.2	
MBSY01000672 	1	362969	363049	Ser	TGA	0	0	72.8	
MBSY01000672 	2	363223	363294	Glu	CTC	0	0	67.9	
MBSY01000672 	3	363374	363446	Met	CAT	0	0	69.7	
MBSY01000672 	4	363661	363734	Val	AAC	0	0	61.5	
MBSY01000672 	5	363565	363480	Tyr	GTA	363528	363516	72.3	
MBSY01000672 	6	363141	363069	Met	CAT	0	0	69.7	
MBSY01000672 	7	362886	362807	Leu	TAG	0	0	81.8	
MBSY01000695 	1	21020 	20949 	Pro	AGG	0	0	68.3	
MBSY01000701 	1	4422  	4351  	Pro	AGG	0	0	68.3	
MBSY01000717 	1	99358 	99428 	His	GTG	0	0	69.9	
MBSY01000717 	2	97248 	97178 	His	GTG	0	0	69.9	
MBSY01000719 	1	38220 	38291 	Thr	CGT	0	0	70.2	
MBSY01000719 	2	38366 	38438 	Asn	GTT	0	0	70.7	
MBSY01000719 	3	37958 	37887 	Pro	CGG	0	0	71.1	
MBSY01000731 	1	222938	223010	Phe	GAA	0	0	91.0	
MBSY01000731 	2	222832	222761	Arg	CCG	0	0	67.3	
MBSY01000731 	3	222706	222635	Ala	CGC	0	0	73.8	
MBSY01000739 	1	4927  	4998  	Arg	ACG	0	0	72.0	
MBSY01000739 	2	5746  	5817  	Thr	TGT	0	0	72.9	
MBSY01000739 	3	5883  	5964  	Leu	CAG	0	0	70.1	
MBSY01000739 	4	6737  	6810  	Ile	TAT	0	0	74.8	
MBSY01000739 	5	6651  	6580  	Gln	TTG	0	0	80.5	
MBSY01000739 	6	6516  	6444  	Val	TAC	0	0	69.9	
MBSY01000739 	7	6373  	6301  	Lys	CTT	0	0	80.9	
MBSY01000739 	8	6075  	6004  	Gly	TCC	0	0	66.7	
MBSY01000739 	9	5658  	5587  	Arg	TCG	0	0	73.1	
MBSY01000739 	10	5110  	5038  	Lys	CTT	0	0	80.9	
MBSY01000767 	1	1786  	1866  	Ser	GCT	0	0	81.8	
MBSY01000767 	2	1936  	2008  	Ala	AGC	0	0	57.1	
MBSY01000767 	3	1679  	1608  	Asp	GTC	0	0	70.6	
MBSY01001016 	1	10147 	10227 	Ser	GCT	0	0	81.8	
MBSY01001016 	2	10297 	10369 	Ala	AGC	0	0	57.1	
MBSY01001016 	3	10042 	9971  	Asp	GTC	0	0	70.6	
