Sequence           		tRNA  	Bounds	tRNA	Anti	Intron Bounds	Inf	      
Name               	tRNA #	Begin 	End   	Type	Codon	Begin	End	Score	Note
--------           	------	----- 	------	----	-----	-----	----	------	------
TcMARK_CONTIG_1108 	1	21458 	21528 	Gly	CCC	0	0	73.2	
TcMARK_CONTIG_1108 	2	21608 	21689 	Leu	AAG	0	0	75.6	
TcMARK_CONTIG_1142 	1	3925  	3854  	Asp	GTC	0	0	70.6	
TcMARK_CONTIG_1761 	1	275916	275987	Thr	CGT	0	0	70.2	
TcMARK_CONTIG_1761 	2	276065	276137	Asn	GTT	0	0	73.2	
TcMARK_CONTIG_1761 	3	275655	275584	Pro	CGG	0	0	71.1	
TcMARK_CONTIG_1776 	1	126546	126626	Ser	TGA	0	0	72.8	
TcMARK_CONTIG_1776 	2	126732	126660	Met	CAT	0	0	69.7	
TcMARK_CONTIG_1776 	3	126443	126364	Leu	TAG	0	0	81.8	
TcMARK_CONTIG_1840 	1	14918 	14998 	Ser	AGA	0	0	69.8	
TcMARK_CONTIG_1844 	1	1238  	1158  	Ser	CGA	0	0	69.8	
TcMARK_CONTIG_1844 	2	1102  	1021  	Leu	CAA	0	0	75.8	
TcMARK_CONTIG_1863 	1	4515  	4586  	iMet	CAT	0	0	71.8	
TcMARK_CONTIG_1863 	2	4643  	4724  	Leu	AAG	0	0	75.6	
TcMARK_CONTIG_1863 	3	4427  	4356  	Pro	TGG	0	0	71.1	
TcMARK_CONTIG_1879 	1	2222  	2294  	Asn	GTT	0	0	73.2	
TcMARK_CONTIG_1879 	2	3220  	3292  	Arg	CCT	0	0	74.3	
TcMARK_CONTIG_1969 	1	5563  	5635  	Val	CAC	0	0	66.2	
TcMARK_CONTIG_1969 	2	5435  	5364  	Glu	TTC	0	0	65.1	
TcMARK_CONTIG_1969 	3	5295  	5223  	Phe	GAA	0	0	91.0	
TcMARK_CONTIG_1969 	4	3962  	3891  	Glu	TTC	0	0	60.1	
TcMARK_CONTIG_1969 	5	3822  	3750  	Phe	GAA	0	0	91.0	
TcMARK_CONTIG_2170 	1	57925 	57996 	Cys	GCA	0	0	77.9	
TcMARK_CONTIG_2195 	1	71652 	71581 	Gln	CTG	0	0	49.2	
TcMARK_CONTIG_2201 	1	102557	102628	Thr	AGT	0	0	73.9	
TcMARK_CONTIG_2201 	2	144446	144376	Gly	GCC	0	0	69.8	
TcMARK_CONTIG_2326 	1	23012 	22939 	Ile	AAT	0	0	80.1	
TcMARK_CONTIG_2769 	1	46979 	47050 	Pro	AGG	0	0	68.3	
TcMARK_CONTIG_2838 	1	10702 	10631 	Glu	CTC	0	0	64.1	
TcMARK_CONTIG_2880 	1	7310  	7380  	His	GTG	0	0	69.9	
TcMARK_CONTIG_2910 	1	1425  	1512  	SeC	TCA	0	0	117.6	
TcMARK_CONTIG_2910 	2	6261  	6348  	SeC	TCA	0	0	111.7	
TcMARK_CONTIG_3198 	1	396   	309   	SeC	TCA	0	0	117.6	
TcMARK_CONTIG_3490 	1	874   	947   	Ile	AAT	0	0	80.1	
TcMARK_CONTIG_3490 	2	783   	712   	Gln	CTG	0	0	73.5	
TcMARK_CONTIG_3490 	3	656   	575   	Leu	TAA	0	0	64.5	
TcMARK_CONTIG_4292 	1	571   	641   	His	GTG	0	0	69.9	
TcMARK_CONTIG_435  	1	335   	415   	Ser	GCT	0	0	81.8	
TcMARK_CONTIG_435  	2	481   	553   	Ala	AGC	0	0	57.1	
TcMARK_CONTIG_5092 	1	582   	654   	Phe	GAA	0	0	91.0	
TcMARK_CONTIG_5092 	2	473   	402   	Arg	CCG	0	0	67.3	
TcMARK_CONTIG_5092 	3	337   	266   	Ala	CGC	0	0	73.8	
TcMARK_CONTIG_637  	1	8504  	8433  	Glu	CTC	0	0	48.6	
TcMARK_CONTIG_722  	1	4508  	4579  	Gln	TTG	0	0	80.2	
TcMARK_CONTIG_722  	2	4642  	4714  	Val	TAC	0	0	69.9	
TcMARK_CONTIG_722  	3	4780  	4852  	Lys	CTT	0	0	80.9	
TcMARK_CONTIG_722  	4	5066  	5137  	Gly	TCC	0	0	66.7	
TcMARK_CONTIG_722  	5	5491  	5562  	Arg	TCG	0	0	73.1	
TcMARK_CONTIG_722  	6	6013  	6085  	Lys	CTT	0	0	80.9	
TcMARK_CONTIG_722  	7	6198  	6127  	Arg	ACG	0	0	71.4	
TcMARK_CONTIG_722  	8	5405  	5334  	Thr	TGT	0	0	72.9	
TcMARK_CONTIG_722  	9	5271  	5190  	Leu	CAG	0	0	70.1	
TcMARK_CONTIG_722  	10	4392  	4319  	Ile	TAT	0	0	74.8	
TcMARK_CONTIG_730  	1	2914  	2986  	Ala	CGC	0	0	59.9	
TcMARK_CONTIG_737  	1	4016  	4087  	Arg	ACG	0	0	71.4	
