Sequence     		tRNA  	Bounds	tRNA	Anti	Intron Bounds	Inf	      
Name         	tRNA #	Begin 	End   	Type	Codon	Begin	End	Score	Note
--------     	------	----- 	------	----	-----	-----	----	------	------
AYLP01000004 	1	107569	107488	Leu	AAG	0	0	75.6	
AYLP01000010 	1	211672	211743	Cys	GCA	0	0	77.9	
AYLP01000020 	1	197674	197602	Asn	GTT	0	0	73.2	
AYLP01000028 	1	304   	376   	Met	CAT	0	0	69.7	
AYLP01000028 	2	558   	637   	Leu	TAG	0	0	81.2	
AYLP01000028 	3	476   	396   	Ser	TGA	0	0	72.8	
AYLP01000028 	4	222   	151   	Glu	CTC	0	0	67.9	
AYLP01000028 	5	73    	1     	Met	CAT	0	0	69.7	
AYLP01000043 	1	20406 	20476 	Gly	GCC	0	0	69.8	
AYLP01000043 	2	51408 	51478 	Gly	GCC	0	0	69.8	
AYLP01000043 	3	51326 	51255 	Thr	AGT	0	0	73.9	
AYLP01000052 	1	3     	73    	His	GTG	0	0	69.9	
AYLP01000070 	1	1397  	1317  	Ser	CGA	0	0	69.8	
AYLP01000070 	2	1260  	1179  	Leu	CAA	0	0	75.8	
AYLP01000075 	1	38759 	38830 	Ala	TGC	0	0	72.9	
AYLP01000075 	2	38945 	38873 	Asn	GTT	0	0	73.2	
AYLP01000078 	1	75122 	75195 	Ile	AAT	0	0	80.1	
AYLP01000078 	2	75033 	74962 	Gln	CTG	0	0	73.5	
AYLP01000078 	3	74893 	74812 	Leu	TAA	0	0	64.5	
AYLP01000088 	1	63897 	63810 	SeC	TCA	0	0	117.6	
AYLP01000090 	1	59238 	59310 	Met	CAT	0	0	50.0	
AYLP01000097 	1	69765 	69845 	Ser	AGA	0	0	69.8	
AYLP01000108 	1	27808 	27879 	Pro	TGG	0	0	71.1	
AYLP01000108 	2	27731 	27660 	iMet	CAT	0	0	71.8	
AYLP01000108 	3	27601 	27520 	Leu	AAG	0	0	75.6	
AYLP01000126 	1	51809 	51738 	Trp	CCA	0	0	79.5	
AYLP01000135 	1	39879 	39950 	Arg	ACG	0	0	72.0	
AYLP01000135 	2	40695 	40766 	Thr	TGT	0	0	72.9	
AYLP01000135 	3	40832 	40913 	Leu	CAG	0	0	70.1	
AYLP01000135 	4	41695 	41768 	Ile	TAT	0	0	74.8	
AYLP01000135 	5	41609 	41538 	Gln	TTG	0	0	80.5	
AYLP01000135 	6	41474 	41402 	Val	TAC	0	0	69.9	
AYLP01000135 	7	41331 	41259 	Lys	CTT	0	0	80.9	
AYLP01000135 	8	41033 	40962 	Gly	TCC	0	0	66.7	
AYLP01000135 	9	40607 	40536 	Arg	TCG	0	0	73.1	
AYLP01000135 	10	40061 	39989 	Lys	CTT	0	0	80.9	
AYLP01000156 	1	38971 	39042 	Glu	CTC	0	0	64.1	
AYLP01000345 	1	14155 	14235 	Ser	GCT	0	0	81.8	
AYLP01000345 	2	14304 	14376 	Ala	AGC	0	0	57.1	
AYLP01000345 	3	14050 	13979 	Asp	GTC	0	0	70.6	
AYLP01000485 	1	9513  	9586  	Ile	AAT	0	0	80.1	
AYLP01000651 	1	13    	85    	Asn	GTT	0	0	70.7	
AYLP01000706 	1	5941  	5870  	Arg	CCG	0	0	67.3	
AYLP01000706 	2	5815  	5744  	Ala	CGC	0	0	73.8	
AYLP01000721 	1	216   	289   	Val	AAC	0	0	61.5	
AYLP01000721 	2	120   	35    	Tyr	GTA	83	71	72.3	
AYLP01000940 	1	3126  	3206  	Ser	GCT	0	0	81.8	
AYLP01000940 	2	3275  	3347  	Ala	AGC	0	0	57.1	
AYLP01000940 	3	3022  	2951  	Asp	GTC	0	0	70.6	
AYLP01001106 	1	412   	483   	Pro	AGG	0	0	68.3	
AYLP01001142 	1	118   	189   	Pro	AGG	0	0	68.3	
