Sequence     		tRNA	Bounds	tRNA	Anti	Intron Bounds	Inf	      
Name         	tRNA #	Begin	End 	Type	Codon	Begin	End	Score	Note
--------     	------	-----	------	----	-----	-----	----	------	------
Tcruzi_11019 	1	42  	115 	Ile	GAT	0	0	76.4	
Tcruzi_11097 	1	441 	528 	SeC	TCA	0	0	117.6	
Tcruzi_11959 	1	857 	770 	SeC	TCA	0	0	117.6	
Tcruzi_14021 	1	174 	87  	SeC	TCA	0	0	117.6	
Tcruzi_16613 	1	859 	779 	Ser	CGA	0	0	69.8	
Tcruzi_16613 	2	724 	643 	Leu	CAA	0	0	75.8	
Tcruzi_18653 	1	556 	643 	SeC	TCA	0	0	117.6	
Tcruzi_20084 	1	620 	691 	Cys	GCA	0	0	48.2	
Tcruzi_22175 	1	512 	440 	Ile	TAT	0	0	49.9	
Tcruzi_22215 	1	491 	418 	Pro	TGG	0	0	72.5	
Tcruzi_22215 	2	409 	336 	Ala	TGC	0	0	60.5	
Tcruzi_22215 	3	328 	255 	Met	CAT	0	0	70.3	
Tcruzi_22215 	4	223 	151 	Met	CAT	0	0	77.1	
Tcruzi_22215 	5	145 	58  	Ser	TGA	0	0	46.9	
Tcruzi_230   	1	1006	932 	Undet	NNN	0	0	21.8	pseudo
Tcruzi_232   	1	172 	251 	Leu	AAG	0	0	67.8	
Tcruzi_263   	1	347 	276 	Pro	CGG	0	0	59.7	
Tcruzi_28068 	1	1234	1162	Ile	TAT	0	0	49.9	
Tcruzi_28162 	1	15  	102 	SeC	TCA	0	0	117.6	
Tcruzi_7392  	1	7199	7126	Ile	TAT	0	0	20.4	pseudo
