Sequence       		tRNA	Bounds	tRNA	Anti	Intron Bounds	Inf	      
Name           	tRNA #	Begin	End 	Type	Codon	Begin	End	Score	Note
--------       	------	-----	------	----	-----	-----	----	------	------
AQHO01010764.1 	1	648 	735 	SeC	TCA	0	0	117.6	
AQHO01010782.1 	1	56  	128 	Arg	CCT	0	0	74.3	
AQHO01010785.1 	1	649 	736 	SeC	TCA	0	0	117.6	
AQHO01012882.1 	1	136 	65  	Cys	GCA	0	0	77.9	
AQHO01014348.1 	1	366 	295 	Thr	AGT	0	0	73.9	
AQHO01014978.1 	1	117 	189 	Arg	CCT	0	0	74.3	
AQHO01017115.1 	1	609 	536 	Ile	TAT	0	0	20.4	pseudo
AQHO01017963.1 	1	844 	915 	Glu	CTC	0	0	64.1	
AQHO01019721.1 	1	875 	947 	Asn	GTT	0	0	73.2	
AQHO01019721.1 	2	1150	1222	Arg	TCT	0	0	68.5	
AQHO01019721.1 	3	1284	1355	Lys	TTT	0	0	80.4	
AQHO01019721.1 	4	1061	990 	Ala	TGC	0	0	73.9	
AQHO01021239.1 	1	214 	134 	Ser	CGA	0	0	69.8	
AQHO01021239.1 	2	73  	2   	Leu	CAA	0	0	49.9	
AQHO01021419.1 	1	576 	505 	Trp	CCA	0	0	79.5	
AQHO01022232.1 	1	726 	652 	Phe	GAA	0	0	25.1	pseudo
AQHO01022386.1 	1	959 	888 	Arg	ACG	0	0	72.0	
AQHO01022691.1 	1	800 	870 	His	GTG	0	0	69.9	
AQHO01022959.1 	1	607 	536 	Cys	GCA	0	0	77.9	
AQHO01023705.1 	1	986 	906 	Ser	AGA	0	0	69.8	
AQHO01023767.1 	1	853 	924 	Asp	GTC	0	0	70.6	
AQHO01023767.1 	2	742 	662 	Ser	GCT	0	0	81.8	
AQHO01023767.1 	3	595 	523 	Ala	AGC	0	0	54.4	
AQHO01024063.1 	1	970 	1041	Pro	AGG	0	0	68.3	
AQHO01024116.1 	1	587 	658 	Gln	CTG	0	0	73.5	
AQHO01024116.1 	2	717 	798 	Leu	TAA	0	0	64.5	
AQHO01024116.1 	3	497 	424 	Ile	AAT	0	0	80.1	
AQHO01024152.1 	1	498 	570 	Val	CAC	0	0	66.2	
AQHO01024152.1 	2	406 	335 	Glu	TTC	0	0	65.1	
AQHO01024152.1 	3	271 	199 	Phe	GAA	0	0	91.0	
AQHO01024709.1 	1	780 	852 	Asn	GTT	0	0	73.2	
AQHO01024709.1 	2	1072	1144	Arg	TCT	0	0	68.5	
AQHO01024709.1 	3	1208	1279	Lys	TTT	0	0	80.4	
AQHO01024709.1 	4	967 	896 	Ala	TGC	0	0	72.9	
AQHO01025626.1 	1	99  	171 	Phe	GAA	0	0	91.0	
AQHO01027870.1 	1	985 	1058	Ile	AAT	0	0	80.1	
AQHO01027870.1 	2	894 	823 	Gln	CTG	0	0	73.5	
AQHO01027870.1 	3	760 	679 	Leu	TAA	0	0	64.5	
AQHO01028466.1 	1	399 	470 	Thr	AGT	0	0	73.9	
AQHO01028466.1 	2	302 	232 	Gly	GCC	0	0	69.8	
AQHO01029045.1 	1	940 	869 	Ala	CGC	0	0	73.8	
AQHO01029352.1 	1	807 	878 	Thr	CGT	0	0	70.2	
AQHO01029352.1 	2	965 	1026	Asn	GTT	0	0	45.0	
AQHO01029352.1 	3	544 	473 	Pro	CGG	0	0	71.1	
AQHO01032505.1 	1	451 	531 	Ser	AGA	0	0	69.8	
AQHO01034196.1 	1	694 	765 	Gln	TTG	0	0	80.2	
AQHO01034196.1 	2	608 	535 	Ile	TAT	0	0	74.8	
AQHO01036040.1 	1	52  	124 	Asn	GTT	0	0	73.2	
AQHO01037896.1 	1	346 	417 	Asp	GTC	0	0	70.6	
AQHO01037896.1 	2	238 	158 	Ser	GCT	0	0	81.8	
AQHO01037896.1 	3	89  	17  	Ala	AGC	0	0	57.1	
AQHO01042845.1 	1	264 	194 	Gly	CCC	0	0	73.2	
AQHO01042845.1 	2	113 	32  	Leu	AAG	0	0	75.6	
AQHO01042930.1 	1	202 	273 	Thr	CGT	0	0	70.2	
AQHO01042930.1 	2	355 	427 	Asn	GTT	0	0	73.2	
AQHO01043228.1 	1	423 	353 	Gly	GCC	0	0	69.8	
KB851309.1     	1	29977	30062	Tyr	GTA	30014	30026	72.3	
KB851309.1     	2	30406	30478	Met	CAT	0	0	69.7	
KB851309.1     	3	30664	30743	Leu	TAG	0	0	81.8	
KB851309.1     	4	30581	30501	Ser	TGA	0	0	72.3	
KB851309.1     	5	30323	30252	Glu	CTC	0	0	67.9	
KB851309.1     	6	30170	30098	Met	CAT	0	0	69.7	
KB851309.1     	7	29877	29804	Val	AAC	0	0	61.5	
KB851384.1     	1	2147	2232	Tyr	GTA	2184	2196	72.3	
KB851384.1     	2	2580	2652	Met	CAT	0	0	69.7	
KB851384.1     	3	2843	2922	Leu	TAG	0	0	81.8	
KB851384.1     	4	2760	2680	Ser	TGA	0	0	72.8	
KB851384.1     	5	2496	2425	Glu	CTC	0	0	64.1	
KB851384.1     	6	2340	2268	Met	CAT	0	0	69.7	
KB851384.1     	7	2048	1975	Val	AAC	0	0	61.5	
KB851398.1     	1	46037	46108	Arg	ACG	0	0	71.4	
KB851398.1     	2	46851	46922	Thr	TGT	0	0	72.9	
KB851398.1     	3	46988	47069	Leu	CAG	0	0	70.1	
KB851398.1     	4	47766	47695	Gln	TTG	0	0	80.2	
KB851398.1     	5	47635	47563	Val	TAC	0	0	69.9	
KB851398.1     	6	47490	47418	Lys	CTT	0	0	80.9	
KB851398.1     	7	47176	47105	Gly	TCC	0	0	66.7	
KB851398.1     	8	46761	46690	Arg	TCG	0	0	73.1	
KB851398.1     	9	46214	46141	Lys	CTT	0	0	75.4	
KB851400.1     	1	57999	57928	Trp	CCA	0	0	79.5	
KB851405.1     	1	28275	28346	Glu	CTC	0	0	64.1	
KB851446.1     	1	57039	57111	Val	CAC	0	0	58.1	
KB851533.1     	1	40606	40677	Arg	ACG	0	0	72.0	
KB851533.1     	2	41377	41448	Thr	TGT	0	0	72.9	
KB851533.1     	3	41514	41595	Leu	CAG	0	0	70.1	
KB851533.1     	4	42370	42443	Ile	TAT	0	0	74.8	
KB851533.1     	5	42284	42213	Gln	TTG	0	0	80.2	
KB851533.1     	6	42149	42077	Val	TAC	0	0	69.9	
KB851533.1     	7	42005	41933	Lys	CTT	0	0	80.9	
KB851533.1     	8	41707	41636	Gly	TCC	0	0	66.7	
KB851533.1     	9	41289	41218	Arg	TCG	0	0	73.1	
KB851533.1     	10	40790	40718	Lys	CTT	0	0	80.9	
KB851539.1     	1	16724	16794	Gly	CCC	0	0	73.2	
KB851539.1     	2	16874	16955	Leu	AAG	0	0	75.6	
KB851562.1     	1	28359	28289	His	GTG	0	0	69.9	
KB851583.1     	1	15809	15889	Ser	CGA	0	0	69.8	
KB851583.1     	2	15944	16025	Leu	CAA	0	0	75.8	
KB851583.1     	3	27820	27900	Ser	CGA	0	0	69.8	
KB851583.1     	4	27956	28037	Leu	CAA	0	0	75.8	
KB851678.1     	1	13198	13269	Arg	ACG	0	0	71.4	
KB851679.1     	1	3672	3601	Pro	AGG	0	0	68.3	
KB851704.1     	1	14065	14136	Pro	TGG	0	0	71.1	
KB851704.1     	2	13988	13917	iMet	CAT	0	0	71.8	
KB851704.1     	3	13855	13774	Leu	AAG	0	0	75.6	
KB851715.1     	1	23425	23497	Val	CAC	0	0	66.2	
KB851715.1     	2	23333	23262	Glu	TTC	0	0	65.1	
KB851715.1     	3	23196	23124	Phe	GAA	0	0	91.0	
KB851739.1     	1	3969	4039	Gly	GCC	0	0	69.8	
KB851777.1     	1	11154	11226	Phe	GAA	0	0	91.0	
KB851777.1     	2	11046	10975	Arg	CCG	0	0	66.6	
KB851777.1     	3	10920	10849	Ala	CGC	0	0	73.8	
KB851792.1     	1	18065	18137	Ile	TAT	0	0	49.9	
KB852025.1     	1	1877	1950	Ile	AAT	0	0	80.1	
KB852086.1     	1	6874	6947	Ile	AAT	0	0	80.1	
KB852113.1     	1	566 	637 	Pro	CGG	0	0	71.1	
KB852113.1     	2	303 	232 	Thr	CGT	0	0	70.2	
KB852113.1     	3	148 	76  	Asn	GTT	0	0	73.2	
KB852221.1     	1	10796	10724	Asn	GTT	0	0	73.2	
KB852578.1     	1	265 	336 	Gln	CTG	0	0	73.5	
KB852684.1     	1	6823	6894	Arg	CCG	0	0	67.3	
KB852684.1     	2	6960	7031	Ala	CGC	0	0	73.8	
KB852687.1     	1	15447	15376	Thr	CGT	0	0	70.2	
KB852687.1     	2	15292	15220	Asn	GTT	0	0	73.2	
