Sequence 		tRNA  	Bounds	tRNA	Anti	Intron Bounds	Inf	      
Name     	tRNA #	Begin 	End   	Type	Codon	Begin	End	Score	Note
-------- 	------	----- 	------	----	-----	-----	----	------	------
TcChr4-P 	1	92005 	92076 	Thr	AGT	0	0	73.9	
TcChr4-P 	2	124471	124401	Gly	GCC	0	0	69.8	
TcChr4-P 	3	91908 	91838 	Gly	GCC	0	0	69.8	
TcChr8-P 	1	196597	196668	Pro	AGG	0	0	68.3	
TcChr9-P 	1	436820	436749	Glu	CTC	0	0	64.1	
TcChr11-P	1	253538	253608	His	GTG	0	0	69.9	
TcChr11-P	2	238909	238838	His	GTG	0	0	59.4	
TcChr17-P	1	438344	438424	Ser	GCT	0	0	81.8	
TcChr17-P	2	438493	438565	Ala	AGC	0	0	57.1	
TcChr17-P	3	438236	438165	Asp	GTC	0	0	70.6	
TcChr21-P	1	583420	583348	Val	CAC	0	0	58.1	
TcChr22-P	1	344413	344484	Gln	TTG	0	0	80.2	
TcChr22-P	2	344548	344620	Val	TAC	0	0	69.9	
TcChr22-P	3	344692	344764	Lys	CTT	0	0	80.9	
TcChr22-P	4	344990	345061	Gly	TCC	0	0	66.7	
TcChr22-P	5	345408	345479	Arg	TCG	0	0	73.1	
TcChr22-P	6	345957	346029	Lys	CTT	0	0	80.9	
TcChr22-P	7	448253	448182	Trp	CCA	0	0	79.5	
TcChr22-P	8	346142	346071	Arg	ACG	0	0	72.0	
TcChr22-P	9	345320	345249	Thr	TGT	0	0	72.9	
TcChr22-P	10	345183	345102	Leu	CAG	0	0	70.1	
TcChr22-P	11	344327	344254	Ile	TAT	0	0	74.8	
TcChr23-P	1	63101 	63172 	Arg	ACG	0	0	71.4	
TcChr26-P	1	136793	136864	Gln	CTG	0	0	73.5	
TcChr26-P	2	270586	270657	Gln	CTG	0	0	73.5	
TcChr26-P	3	270720	270801	Leu	TAA	0	0	64.5	
TcChr26-P	4	270495	270422	Ile	AAT	0	0	80.1	
TcChr27-P	1	268351	268421	Gly	CCC	0	0	73.2	
TcChr27-P	2	268502	268583	Leu	AAG	0	0	75.6	
TcChr33-P	1	663028	663115	SeC	TCA	0	0	117.6	
TcChr34-P	1	312146	312217	Thr	CGT	0	0	70.2	
TcChr34-P	2	312301	312373	Asn	GTT	0	0	73.2	
TcChr34-P	3	895508	895588	Ser	TGA	0	0	72.3	
TcChr34-P	4	895765	895836	Glu	CTC	0	0	67.9	
TcChr34-P	5	895918	895990	Met	CAT	0	0	69.7	
TcChr34-P	6	896211	896284	Val	AAC	0	0	61.5	
TcChr34-P	7	896111	896026	Tyr	GTA	896074	896062	72.3	
TcChr34-P	8	895683	895611	Met	CAT	0	0	69.7	
TcChr34-P	9	895425	895346	Leu	TAG	0	0	81.8	
TcChr34-P	10	311883	311812	Pro	CGG	0	0	71.1	
TcChr36-P	1	458067	458147	Ser	AGA	0	0	69.8	
TcChr37-P	1	238975	239046	iMet	CAT	0	0	71.8	
TcChr37-P	2	239105	239186	Leu	AAG	0	0	75.6	
TcChr37-P	3	782635	782707	Asn	GTT	0	0	73.2	
TcChr37-P	4	782910	782982	Arg	TCT	0	0	68.5	
TcChr37-P	5	783045	783116	Lys	TTT	0	0	80.4	
TcChr37-P	6	783184	783256	Arg	CCT	0	0	74.3	
TcChr37-P	7	782821	782750	Ala	TGC	0	0	73.9	
TcChr37-P	8	238897	238826	Pro	TGG	0	0	71.1	
TcChr39-P	1	878019	878090	Cys	GCA	0	0	77.9	
TcChr41-P	1	593613	593684	Glu	TTC	0	0	65.1	
TcChr41-P	2	593750	593822	Phe	GAA	0	0	91.0	
TcChr41-P	3	957412	957483	Arg	CCG	0	0	67.3	
TcChr41-P	4	957538	957609	Ala	CGC	0	0	73.8	
TcChr41-P	5	957304	957232	Phe	GAA	0	0	91.0	
TcChr41-P	6	593521	593449	Val	CAC	0	0	66.2	
TcChr41-P	7	256376	256303	Ile	AAT	0	0	80.1	
