Sequence       		tRNA	Bounds	tRNA	Anti	Intron Bounds	Inf	      
Name           	tRNA #	Begin	End 	Type	Codon	Begin	End	Score	Note
--------       	------	-----	------	----	-----	-----	----	------	------
ANOX01005230.1 	1	1438	1368	His	GTG	0	0	69.9	
ANOX01005365.1 	1	598 	527 	Trp	CCA	0	0	79.5	
ANOX01005763.1 	1	5   	77  	Ala	AGC	0	0	57.1	
ANOX01005839.1 	1	230 	159 	Cys	GCA	0	0	77.9	
ANOX01006018.1 	1	227 	307 	Ser	GCT	0	0	81.8	
ANOX01006018.1 	2	116 	45  	Asp	GTC	0	0	70.6	
ANOX01006027.1 	1	226 	306 	Ser	GCT	0	0	81.8	
ANOX01006027.1 	2	115 	44  	Asp	GTC	0	0	70.6	
ANOX01006121.1 	1	160 	89  	Cys	GCA	0	0	77.9	
ANOX01006378.1 	1	84  	156 	Gly	GCC	0	0	74.6	
ANOX01013115.1 	1	354 	427 	Ile	AAT	0	0	80.1	
ANOX01013115.1 	2	261 	190 	Gln	CTG	0	0	73.5	
ANOX01013115.1 	3	131 	50  	Leu	TAA	0	0	64.5	
ANOX01013135.1 	1	259 	186 	Ile	AAT	0	0	80.1	
ANOX01016374.1 	1	97  	26  	Glu	CTC	0	0	64.1	
KB205166.1     	1	50939	51010	Glu	TTC	0	0	65.1	
KB205166.1     	2	51074	51146	Phe	GAA	0	0	91.0	
KB205166.1     	3	50847	50775	Val	CAC	0	0	66.2	
KB205185.1     	1	162315	162386	Pro	AGG	0	0	68.3	
KB205187.1     	1	28382	28452	Gly	GCC	0	0	69.8	
KB205213.1     	1	17209	17137	Val	CAC	0	0	58.1	
KB205228.1     	1	56690	56762	Asn	GTT	0	0	73.2	
KB205228.1     	2	56983	57055	Arg	TCT	0	0	68.5	
KB205228.1     	3	57119	57190	Lys	TTT	0	0	80.4	
KB205228.1     	4	57258	57330	Arg	CCT	0	0	74.3	
KB205228.1     	5	56878	56807	Ala	TGC	0	0	72.9	
KB205230.1     	1	654 	583 	Arg	ACG	0	0	72.0	
KB205250.1     	1	10217	10137	Ser	CGA	0	0	69.8	
KB205250.1     	2	10080	9999	Leu	CAA	0	0	75.8	
KB205264.1     	1	4653	4724	Gln	CTG	0	0	73.5	
KB205264.1     	2	4783	4864	Leu	TAA	0	0	64.5	
KB205264.1     	3	4562	4489	Ile	AAT	0	0	80.1	
KB205273.1     	1	50048	50118	Gly	CCC	0	0	73.2	
KB205273.1     	2	50199	50280	Leu	AAG	0	0	75.6	
KB205283.1     	1	212952	213023	Thr	CGT	0	0	70.2	
KB205283.1     	2	213104	213176	Asn	GTT	0	0	73.2	
KB205283.1     	3	212689	212618	Pro	CGG	0	0	71.1	
KB205361.1     	1	564 	484 	Ser	AGA	0	0	69.8	
KB205377.1     	1	7646	7718	Phe	GAA	0	0	91.0	
KB205377.1     	2	8648	8720	Phe	GAA	0	0	91.0	
KB205377.1     	3	8541	8470	Arg	CCG	0	0	67.3	
KB205377.1     	4	8404	8333	Ala	CGC	0	0	73.8	
KB205377.1     	5	7533	7462	Arg	CCG	0	0	67.3	
KB205377.1     	6	7396	7325	Ala	CGC	0	0	73.8	
KB205393.1     	1	197818	197745	Ile	AAT	0	0	80.1	
KB205435.1     	1	15926	15998	Val	CAC	0	0	58.1	
KB205436.1     	1	115244	115331	SeC	TCA	0	0	117.6	
KB205511.1     	1	28128	28199	Pro	TGG	0	0	71.1	
KB205511.1     	2	28051	27980	iMet	CAT	0	0	71.8	
KB205511.1     	3	27920	27839	Leu	AAG	0	0	75.6	
KB205688.1     	1	83329	83258	Gln	CTG	0	0	64.3	
KB205716.1     	1	118089	118169	Ser	TGA	0	0	72.8	
KB205716.1     	2	118509	118581	Met	CAT	0	0	69.7	
KB205716.1     	3	118803	118876	Val	AAC	0	0	61.5	
KB205716.1     	4	118704	118619	Tyr	GTA	118667	118655	72.3	
KB205716.1     	5	118425	118354	Glu	CTC	0	0	64.1	
KB205716.1     	6	118269	118197	Met	CAT	0	0	69.7	
KB205716.1     	7	118006	117927	Leu	TAG	0	0	81.8	
KB205753.1     	1	101832	101903	Thr	AGT	0	0	73.9	
KB205753.1     	2	101735	101665	Gly	GCC	0	0	69.8	
KB205774.1     	1	3776	3847	Gln	TTG	0	0	80.2	
KB205774.1     	2	3908	3980	Val	TAC	0	0	69.9	
KB205774.1     	3	4051	4123	Lys	CTT	0	0	80.9	
KB205774.1     	4	4364	4435	Gly	TCC	0	0	66.7	
KB205774.1     	5	4778	4849	Arg	TCG	0	0	73.1	
KB205774.1     	6	5324	5396	Lys	CTT	0	0	80.9	
KB205774.1     	7	5500	5429	Arg	ACG	0	0	71.4	
KB205774.1     	8	4688	4617	Thr	TGT	0	0	72.9	
KB205774.1     	9	4551	4470	Leu	CAG	0	0	70.1	
KB205774.1     	10	3690	3617	Ile	TAT	0	0	74.8	
KB205928.1     	1	73951	74023	Val	CAC	0	0	58.1	
