Sequence     		tRNA	Bounds	tRNA	Anti	Intron Bounds	Inf	      
Name         	tRNA #	Begin	End 	Type	Codon	Begin	End	Score	Note
--------     	------	-----	------	----	-----	-----	----	------	------
ADWP02000205 	1	1453	1524	Gln	TTG	0	0	80.2	
ADWP02000205 	2	1591	1663	Val	TAC	0	0	69.9	
ADWP02000205 	3	1734	1806	Lys	CTT	0	0	80.9	
ADWP02000205 	4	2058	2129	Gly	TCC	0	0	66.7	
ADWP02000205 	5	2479	2550	Arg	TCG	0	0	73.1	
ADWP02000205 	6	2390	2319	Thr	TGT	0	0	72.9	
ADWP02000205 	7	2254	2173	Leu	CAG	0	0	70.1	
ADWP02000205 	8	1367	1294	Ile	TAT	0	0	74.8	
ADWP02000206 	1	104 	33  	Arg	ACG	0	0	72.0	
ADWP02000256 	1	272 	200 	Met	CAT	0	0	50.0	
ADWP02000367 	1	4349	4278	Trp	CCA	0	0	79.5	
ADWP02000723 	1	8000	8071	Arg	ACG	0	0	72.0	
ADWP02004204 	1	560 	489 	Glu	CTC	0	0	64.1	
ADWP02004467 	1	58  	129 	iMet	CAT	0	0	71.8	
ADWP02004467 	2	189 	270 	Leu	AAG	0	0	75.6	
ADWP02004640 	1	304 	375 	Cys	GCA	0	0	77.9	
ADWP02006234 	1	6182	6253	Gln	CTG	0	0	68.0	
ADWP02006284 	1	1254	1325	Gln	CTG	0	0	76.0	
ADWP02006284 	2	1389	1461	Leu	TAA	0	0	35.6	pseudo
ADWP02006284 	3	1165	1092	Ile	AAT	0	0	80.1	
ADWP02006285 	1	461 	532 	Gln	CTG	0	0	73.5	
ADWP02006285 	2	592 	673 	Leu	TAA	0	0	64.5	
ADWP02006285 	3	372 	299 	Ile	AAT	0	0	80.1	
ADWP02007135 	1	3130	3060	Gly	CCC	0	0	73.2	
ADWP02007135 	2	2978	2897	Leu	AAG	0	0	75.6	
ADWP02013526 	1	3849	3936	SeC	TCA	0	0	117.6	
ADWP02013527 	1	294 	381 	SeC	TCA	0	0	117.6	
ADWP02013683 	1	16706	16777	Thr	CGT	0	0	70.2	
ADWP02013683 	2	16851	16923	Asn	GTT	0	0	73.2	
ADWP02013683 	3	16444	16373	Pro	CGG	0	0	71.1	
ADWP02013766 	1	1659	1739	Ser	TGA	0	0	72.8	
ADWP02013766 	2	2067	2139	Met	CAT	0	0	69.7	
ADWP02013766 	3	2355	2428	Val	AAC	0	0	61.5	
ADWP02013766 	4	2259	2174	Tyr	GTA	2222	2210	72.3	
ADWP02013766 	5	1985	1914	Glu	CTC	0	0	67.9	
ADWP02013766 	6	1831	1759	Met	CAT	0	0	69.7	
ADWP02013766 	7	1576	1497	Leu	TAG	0	0	81.8	
ADWP02014096 	1	670 	590 	Ser	CGA	0	0	69.8	
ADWP02014096 	2	533 	452 	Leu	CAA	0	0	75.8	
ADWP02014245 	1	1032	1103	iMet	CAT	0	0	71.8	
ADWP02014245 	2	1164	1245	Leu	AAG	0	0	75.6	
ADWP02014245 	3	953 	882 	Pro	TGG	0	0	71.1	
ADWP02014326 	1	2743	2815	Asn	GTT	0	0	73.2	
ADWP02014326 	2	3017	3089	Arg	TCT	0	0	61.1	
ADWP02014326 	3	3147	3218	Lys	TTT	0	0	78.5	
ADWP02014326 	4	3284	3356	Arg	CCT	0	0	74.5	
ADWP02014326 	5	2929	2858	Ala	TGC	0	0	72.9	
ADWP02014412 	1	9148	9218	Gly	GCC	0	0	69.8	
ADWP02014418 	1	178 	248 	Gly	GCC	0	0	69.8	
ADWP02014418 	2	96  	25  	Thr	AGT	0	0	73.9	
ADWP02015179 	1	1876	1948	Cys	GCA	0	0	72.0	
ADWP02015348 	1	41  	112 	Thr	AGT	0	0	73.9	
ADWP02015905 	1	15745	15816	Glu	TTC	0	0	65.1	
ADWP02015905 	2	15880	15952	Phe	GAA	0	0	91.0	
ADWP02015905 	3	15654	15582	Val	CAC	0	0	66.2	
ADWP02016208 	1	161 	232 	Arg	CCG	0	0	67.3	
ADWP02016208 	2	287 	358 	Ala	CGC	0	0	73.8	
ADWP02016913 	1	280 	207 	Ile	AAT	0	0	80.1	
ADWP02017214 	1	11401	11472	Pro	AGG	0	0	68.3	
ADWP02017599 	1	3386	3473	SeC	TCA	0	0	117.6	
ADWP02017679 	1	1428	1500	Met	CAT	0	0	50.0	
ADWP02018470 	1	1361	1441	Ser	CGA	0	0	69.8	
ADWP02018470 	2	1498	1579	Leu	CAA	0	0	75.8	
ADWP02019748 	1	447 	367 	Ser	AGA	0	0	69.8	
ADWP02020073 	1	746 	826 	Ser	AGA	0	0	69.8	
ADWP02021287 	1	1178	1258	Ser	GCT	0	0	81.8	
ADWP02021287 	2	1328	1400	Ala	AGC	0	0	57.1	
ADWP02021287 	3	1072	1001	Asp	GTC	0	0	70.6	
ADWP02021494 	1	816 	744 	Met	CAT	0	0	50.0	
ADWP02023024 	1	552 	481 	Glu	CTC	0	0	64.1	
ADWP02024641 	1	272 	343 	Cys	GCA	0	0	77.9	
ADWP02025041 	1	207 	279 	Met	CAT	0	0	50.0	
ADWP02025301 	1	808 	878 	His	GTG	0	0	69.9	
ADWP02026113 	1	9   	76  	Undet	NNN	0	0	22.0	pseudo
