Sequence   		tRNA   	Bounds 	tRNA	Anti	Intron Bounds	Inf	      
Name       	tRNA #	Begin  	End    	Type	Codon	Begin	End	Score	Note
--------   	------	-----  	------ 	----	-----	-----	----	------	------
TcX10_chr1 	1	42776  	42855  	Ser	AGA	0	0	54.4	
TcX10_chr1 	2	538622 	538702 	Ser	CGA	0	0	69.8	
TcX10_chr1 	3	538758 	538839 	Leu	CAA	0	0	75.8	
TcX10_chr1 	4	1680360	1680432	Asn	GTT	0	0	73.2	
TcX10_chr1 	5	1680630	1680702	Arg	TCT	0	0	68.5	
TcX10_chr1 	6	1680760	1680830	Lys	TTT	0	0	68.5	
TcX10_chr1 	7	1680895	1680967	Arg	CCT	0	0	74.5	
TcX10_chr1 	8	1680545	1680474	Ala	TGC	0	0	72.9	
TcX10_chr3 	1	1104837	1104907	His	GTG	0	0	69.9	
TcX10_chr3 	2	1102813	1102743	His	GTG	0	0	69.9	
TcX10_chr5 	1	527894 	527965 	Pro	CGG	0	0	71.1	
TcX10_chr5 	2	595346 	595418 	Phe	GAA	0	0	23.7	pseudo
TcX10_chr5 	3	527632 	527562 	Thr	CGT	0	0	67.1	
TcX10_chr5 	4	527488 	527416 	Asn	GTT	0	0	73.2	
TcX10_chr7 	1	627307 	627377 	Undet	NNN	0	0	51.1	
TcX10_chr8 	1	138592 	138664 	Val	CAC	0	0	66.2	
TcX10_chr8 	2	775112 	775182 	Gly	GCC	0	0	69.8	
TcX10_chr8 	3	807432 	807502 	Gly	GCC	0	0	69.8	
TcX10_chr8 	4	807350 	807280 	Thr	AGT	0	0	62.3	
TcX10_chr8 	5	138502 	138431 	Glu	TTC	0	0	65.1	
TcX10_chr8 	6	138367 	138295 	Phe	GAA	0	0	91.0	
TcX10_chr9 	1	389316 	389386 	Gly	CCC	0	0	73.2	
TcX10_chr9 	2	389468 	389549 	Leu	AAG	0	0	75.6	
TcX10_chr11	1	774384 	774313 	Arg	ACG	0	0	72.0	
TcX10_chr14	1	865593 	865522 	Gln	CTG	0	0	68.0	
TcX10_chr15	1	382966 	383046 	Ser	GCT	0	0	81.8	
TcX10_chr15	2	383115 	383186 	Ala	AGC	0	0	48.1	
TcX10_chr15	3	779290 	779361 	Pro	TGG	0	0	71.1	
TcX10_chr15	4	779213 	779142 	iMet	CAT	0	0	71.8	
TcX10_chr15	5	779085 	779004 	Leu	AAG	0	0	75.6	
TcX10_chr15	6	382861 	382790 	Asp	GTC	0	0	50.9	
TcX10_chr15	7	166311 	166224 	SeC	TCA	0	0	117.6	
TcX10_chr15	8	162833 	162746 	SeC	TCA	0	0	117.6	
TcX10_chr15	9	159355 	159268 	SeC	TCA	0	0	117.6	
TcX10_chr15	10	155877 	155790 	SeC	TCA	0	0	117.6	
TcX10_chr15	11	152392 	152305 	SeC	TCA	0	0	117.6	
TcX10_chr16	1	642526 	642597 	Glu	CTC	0	0	64.1	
TcX10_chr16	2	672044 	672115 	Met	CAT	0	0	47.8	
TcX10_chr21	1	9248   	9320   	Ile	AAT	0	0	67.8	
TcX10_chr21	2	9161   	9091   	Gln	CTG	0	0	63.8	
TcX10_chr21	3	9032   	8950   	Leu	TAA	0	0	55.6	
TcX10_chr22	1	688049 	688122 	Ile	AAT	0	0	80.1	
TcX10_chr24	1	261597 	261669 	Val	CAC	0	0	65.0	
TcX10_chr24	2	261508 	261437 	Glu	TTC	0	0	65.1	
TcX10_chr24	3	261373 	261303 	Phe	GAA	0	0	70.2	
TcX10_chr25	1	2996   	2925   	Cys	GCA	0	0	77.9	
TcX10_chr29	1	123345 	123418 	Pro	AGG	0	0	59.5	
TcX10_chr31	1	157065 	156992 	Ile	AAT	0	0	80.1	
TcX10_chr32	1	25700  	25771  	Met	CAT	0	0	47.8	
TcX10_chr32	2	648716 	648787 	Asp	GTC	0	0	70.6	
TcX10_chr32	3	648610 	648530 	Ser	GCT	0	0	81.8	
TcX10_chr32	4	648460 	648388 	Ala	AGC	0	0	57.1	
TcX10_chr37	1	217778 	217849 	Gln	TTG	0	0	80.2	
TcX10_chr37	2	217916 	217988 	Val	TAC	0	0	69.9	
TcX10_chr37	3	218059 	218132 	Lys	CTT	0	0	76.4	
TcX10_chr37	4	218381 	218452 	Gly	TCC	0	0	66.7	
TcX10_chr37	5	218802 	218873 	Arg	TCG	0	0	73.1	
TcX10_chr37	6	219351 	219425 	Lys	CTT	0	0	71.4	
TcX10_chr37	7	328328 	328256 	Trp	CCA	0	0	71.9	
TcX10_chr37	8	219538 	219467 	Arg	ACG	0	0	72.0	
TcX10_chr37	9	218713 	218642 	Thr	TGT	0	0	72.9	
TcX10_chr37	10	218577 	218496 	Leu	CAG	0	0	70.1	
TcX10_chr37	11	217692 	217620 	Ile	TAT	0	0	62.9	
TcX10_chr43	1	123665 	123750 	Tyr	GTA	123702	123714	72.3	
TcX10_chr43	2	123939 	124010 	Glu	CTC	0	0	67.9	
TcX10_chr43	3	124091 	124163 	Met	CAT	0	0	69.7	
TcX10_chr43	4	124346 	124424 	Leu	TAG	0	0	77.4	
TcX10_chr43	5	124263 	124183 	Ser	TGA	0	0	72.8	
TcX10_chr43	6	123857 	123785 	Met	CAT	0	0	69.7	
TcX10_chr43	7	123569 	123496 	Val	AAC	0	0	61.5	
