Sequence 		tRNA  	Bounds	tRNA	Anti	Intron Bounds	Inf	      
Name     	tRNA #	Begin 	End   	Type	Codon	Begin	End	Score	Note
-------- 	------	----- 	------	----	-----	-----	----	------	------
TcChr4-S 	1	92082 	92153 	Thr	AGT	0	0	73.9	
TcChr4-S 	2	124569	124499	Gly	GCC	0	0	69.8	
TcChr4-S 	3	91985 	91915 	Gly	GCC	0	0	69.8	
TcChr8-S 	1	199212	199283	Pro	AGG	0	0	68.3	
TcChr9-S 	1	437903	437832	Glu	CTC	0	0	64.1	
TcChr11-S	1	259006	259076	His	GTG	0	0	69.9	
TcChr11-S	2	249782	249712	His	GTG	0	0	69.9	
TcChr17-S	1	438351	438431	Ser	GCT	0	0	81.8	
TcChr17-S	2	438498	438570	Ala	AGC	0	0	54.4	
TcChr17-S	3	438240	438169	Asp	GTC	0	0	70.6	
TcChr22-S	1	329028	329099	Gln	TTG	0	0	80.2	
TcChr22-S	2	329160	329232	Val	TAC	0	0	69.9	
TcChr22-S	3	329305	329377	Lys	CTT	0	0	80.9	
TcChr22-S	4	329621	329692	Gly	TCC	0	0	66.7	
TcChr22-S	5	330036	330107	Arg	TCG	0	0	73.1	
TcChr22-S	6	330583	330655	Lys	CTT	0	0	80.9	
TcChr22-S	7	447113	447042	Trp	CCA	0	0	79.5	
TcChr22-S	8	330760	330689	Arg	ACG	0	0	71.4	
TcChr22-S	9	329946	329875	Thr	TGT	0	0	72.9	
TcChr22-S	10	329809	329728	Leu	CAG	0	0	70.1	
TcChr22-S	11	328942	328869	Ile	TAT	0	0	74.8	
TcChr23-S	1	66124 	66195 	Arg	ACG	0	0	72.0	
TcChr26-S	1	136876	136947	Gln	CTG	0	0	73.5	
TcChr26-S	2	270547	270618	Gln	CTG	0	0	73.5	
TcChr26-S	3	270677	270758	Leu	TAA	0	0	64.5	
TcChr26-S	4	270457	270384	Ile	AAT	0	0	80.1	
TcChr27-S	1	268424	268494	Gly	CCC	0	0	73.2	
TcChr27-S	2	268574	268655	Leu	AAG	0	0	75.6	
TcChr33-S	1	659567	659654	SeC	TCA	0	0	117.6	
TcChr33-S	2	663064	663151	SeC	TCA	0	0	117.6	
TcChr34-S	1	310855	310926	Thr	CGT	0	0	70.2	
TcChr34-S	2	311010	311082	Asn	GTT	0	0	73.2	
TcChr34-S	3	895937	896017	Ser	TGA	0	0	72.8	
TcChr34-S	4	896201	896272	Glu	CTC	0	0	64.1	
TcChr34-S	5	896357	896429	Met	CAT	0	0	69.7	
TcChr34-S	6	896650	896723	Val	AAC	0	0	61.5	
TcChr34-S	7	896551	896466	Tyr	GTA	896514	896502	72.3	
TcChr34-S	8	896117	896045	Met	CAT	0	0	69.7	
TcChr34-S	9	895854	895775	Leu	TAG	0	0	81.8	
TcChr34-S	10	310592	310521	Pro	CGG	0	0	71.1	
TcChr34-S	11	250894	250820	Phe	GAA	0	0	25.1	pseudo
TcChr36-S	1	457620	457700	Ser	AGA	0	0	69.8	
TcChr36-S	2	470692	470612	Ser	CGA	0	0	69.8	
TcChr36-S	3	470555	470474	Leu	CAA	0	0	75.8	
TcChr37-S	1	238952	239023	iMet	CAT	0	0	71.8	
TcChr37-S	2	239087	239168	Leu	AAG	0	0	75.6	
TcChr37-S	3	780525	780597	Asn	GTT	0	0	73.2	
TcChr37-S	4	780801	780873	Arg	TCT	0	0	68.5	
TcChr37-S	5	780936	781007	Lys	TTT	0	0	80.4	
TcChr37-S	6	781075	781147	Arg	CCT	0	0	74.3	
TcChr37-S	7	780712	780641	Ala	TGC	0	0	72.9	
TcChr37-S	8	238875	238804	Pro	TGG	0	0	71.1	
TcChr39-S	1	878021	878092	Cys	GCA	0	0	77.9	
TcChr41-S	1	593498	593570	Phe	GAA	0	0	91.0	
TcChr41-S	2	770813	770884	Arg	CCG	0	0	67.3	
TcChr41-S	3	770950	771021	Ala	CGC	0	0	73.8	
TcChr41-S	4	770706	770634	Phe	GAA	0	0	91.0	
TcChr41-S	5	256536	256463	Ile	AAT	0	0	80.1	
