Sequence       		tRNA	Bounds	tRNA	Anti	Intron Bounds	Inf	      
Name           	tRNA #	Begin	End	Type	Codon	Begin	End	Score	Note
--------       	------	-----	------	----	-----	-----	----	------	------
AODP01003975.1 	1	273	202	Ser	GGA	0	0	58.0	
AODP01004654.1 	1	1961	2034	Val	AAC	0	0	80.1	
AODP01008205.1 	1	94 	21 	Ile	AAT	0	0	80.1	
AODP01010036.1 	1	479	406	Ile	AAT	0	0	80.1	
AODP01011056.1 	1	68 	1  	Arg	ACG	0	0	57.7	
AODP01014375.1 	1	309	381	Met	CAT	0	0	69.7	
AODP01014375.1 	2	227	156	Glu	CTC	0	0	67.9	
AODP01014375.1 	3	78 	6  	Met	CAT	0	0	69.7	
AODP01017783.1 	1	70 	1  	Ile	AAT	0	0	58.5	
KB222877.1     	1	253326	253397	Thr	CGT	0	0	70.2	
KB222877.1     	2	253471	253543	Asn	GTT	0	0	73.2	
KB222877.1     	3	818844	818924	Ser	TGA	0	0	72.8	
KB222877.1     	4	819098	819169	Glu	CTC	0	0	67.9	
KB222877.1     	5	819245	819317	Met	CAT	0	0	69.7	
KB222877.1     	6	819634	819706	Met	CAT	0	0	69.7	
KB222877.1     	7	819924	819997	Val	AAC	0	0	58.8	
KB222877.1     	8	819828	819743	Tyr	GTA	819791	819779	72.3	
KB222877.1     	9	819425	819345	Ser	TGA	0	0	72.8	
KB222877.1     	10	819016	818944	Met	CAT	0	0	69.7	
KB222877.1     	11	818761	818682	Leu	TAG	0	0	81.8	
KB222877.1     	12	253064	252993	Pro	CGG	0	0	71.1	
KB222880.1     	1	246247	246327	Ser	AGA	0	0	69.8	
KB222880.1     	2	261234	261154	Ser	CGA	0	0	69.8	
KB222880.1     	3	261097	261016	Leu	CAA	0	0	75.8	
KB222886.1     	1	376983	377054	Cys	GCA	0	0	77.9	
KB222888.1     	1	7207	7279	Met	CAT	0	0	50.0	
KB222890.1     	1	238875	238945	Gly	CCC	0	0	73.2	
KB222890.1     	2	239027	239108	Leu	AAG	0	0	75.6	
KB222902.1     	1	197912	197984	Phe	GAA	0	0	91.0	
KB222902.1     	2	197806	197735	Arg	CCG	0	0	67.3	
KB222902.1     	3	197680	197609	Ala	CGC	0	0	73.8	
KB222911.1     	1	175345	175416	iMet	CAT	0	0	71.8	
KB222911.1     	2	175473	175554	Leu	AAG	0	0	75.6	
KB222911.1     	3	175268	175197	Pro	TGG	0	0	71.1	
KB222912.1     	1	80373	80286	SeC	TCA	0	0	110.5	
KB222912.1     	2	76887	76800	SeC	TCA	0	0	117.6	
KB222916.1     	1	106396	106325	Gln	CTG	0	0	69.1	
KB222923.1     	1	96369	96440	Thr	AGT	0	0	73.9	
KB222923.1     	2	130965	130895	Gly	GCC	0	0	69.8	
KB222923.1     	3	96287	96217	Gly	GCC	0	0	69.8	
KB222926.1     	1	1258	1328	His	GTG	0	0	69.9	
KB222940.1     	1	36864	36935	Arg	ACG	0	0	72.0	
KB222940.1     	2	38883	38954	Arg	ACG	0	0	72.0	
KB222941.1     	1	113525	113596	Glu	CTC	0	0	64.1	
KB222951.1     	1	65217	65289	Met	CAT	0	0	50.0	
KB222958.1     	1	82621	82692	Pro	AGG	0	0	68.3	
KB222964.1     	1	83315	83386	Asp	GTC	0	0	70.6	
KB222964.1     	2	83808	83879	Asp	GTC	0	0	70.6	
KB222964.1     	3	83211	83131	Ser	GCT	0	0	81.8	
KB222964.1     	4	83061	82989	Ala	AGC	0	0	57.1	
KB222965.1     	1	79473	79545	Asn	GTT	0	0	73.2	
KB222965.1     	2	79747	79819	Arg	TCT	0	0	68.5	
KB222965.1     	3	79877	79948	Lys	TTT	0	0	80.4	
KB222965.1     	4	80014	80086	Arg	CCT	0	0	74.5	
KB222965.1     	5	79659	79588	Ala	TGC	0	0	72.9	
KB222968.1     	1	24121	24192	Glu	TTC	0	0	65.1	
KB222968.1     	2	24256	24328	Phe	GAA	0	0	91.0	
KB222968.1     	3	24030	23958	Val	CAC	0	0	66.2	
KB222969.1     	1	6692	6763	Gln	CTG	0	0	73.5	
KB222969.1     	2	6823	6904	Leu	TAA	0	0	64.5	
KB222969.1     	3	6603	6530	Ile	AAT	0	0	80.1	
KB222987.1     	1	53619	53548	Trp	CCA	0	0	79.5	
KB223000.1     	1	16451	16522	Gln	TTG	0	0	80.2	
KB223000.1     	2	16591	16663	Val	TAC	0	0	69.9	
KB223000.1     	3	16734	16806	Lys	CTT	0	0	80.9	
KB223000.1     	4	17056	17127	Gly	TCC	0	0	66.7	
KB223000.1     	5	17475	17546	Arg	TCG	0	0	73.1	
KB223000.1     	6	18026	18098	Lys	CTT	0	0	80.9	
KB223000.1     	7	18211	18140	Arg	ACG	0	0	72.0	
KB223000.1     	8	17386	17315	Thr	TGT	0	0	72.9	
KB223000.1     	9	17250	17169	Leu	CAG	0	0	70.1	
KB223000.1     	10	16366	16293	Ile	TAT	0	0	74.8	
KB223192.1     	1	8862	8950	Tyr	GTA	8899	8911	60.0	
KB223192.1     	2	8766	8693	Val	AAC	0	0	61.5	
