Sequence      		tRNA   	Bounds 	tRNA	Anti	Intron Bounds	Inf	      
Name          	tRNA #	Begin  	End    	Type	Codon	Begin	End	Score	Note
--------      	------	-----  	------ 	----	-----	-----	----	------	------
STIB805_Chr03 	1	1219728	1219808	Ser	AGA	0	0	69.8	
STIB805_Chr03 	2	1220235	1220155	Ser	CGA	0	0	69.8	
STIB805_Chr03 	3	1220095	1220014	Leu	CAA	0	0	74.8	
STIB805_Chr04 	1	323028 	323099 	Thr	CGT	0	0	70.2	
STIB805_Chr04 	2	850434 	850506 	Met	CAT	0	0	70.0	
STIB805_Chr04 	3	850747 	850820 	Val	AAC	0	0	61.5	
STIB805_Chr04 	4	1275787	1275715	Val	CAC	0	0	66.2	
STIB805_Chr04 	5	1275644	1275572	Sup	TCA	0	0	43.5	
STIB805_Chr04 	6	850630 	850550 	Ser	TGA	0	0	72.8	
STIB805_Chr04 	7	850346 	850275 	Glu	CTC	0	0	65.4	
STIB805_Chr04 	8	839850 	839778 	Met	CAT	0	0	70.0	
STIB805_Chr04 	9	839718 	839639 	Leu	TAG	0	0	81.8	
STIB805_Chr04 	10	839575 	839502 	Val	AAC	0	0	61.5	
STIB805_Chr04 	11	323250 	323167 	Tyr	GTA	323213	323203	72.4	
STIB805_Chr04 	12	317254 	317183 	Pro	CGG	0	0	69.2	
STIB805_Chr05 	1	862069 	862140 	Glu	CTC	0	0	65.4	
STIB805_Chr05 	2	128224 	128153 	Arg	ACG	0	0	72.0	
STIB805_Chr07 	1	296731 	296801 	Gly	GCC	0	0	69.8	
STIB805_Chr07 	2	1876276	1876347	Asp	GTC	0	0	70.6	
STIB805_Chr07 	3	1879668	1879748	Ser	GCT	0	0	79.3	
STIB805_Chr07 	4	1879818	1879890	Ala	AGC	0	0	57.1	
STIB805_Chr07 	5	1896414	1896486	Lys	CTT	0	0	80.3	
STIB805_Chr07 	6	2043111	2043040	Ala	CGC	0	0	67.0	
STIB805_Chr07 	7	1879591	1879520	Asp	GTC	0	0	70.6	
STIB805_Chr07 	8	1876199	1876119	Ser	GCT	0	0	79.3	
STIB805_Chr07 	9	1876049	1875977	Ala	AGC	0	0	57.1	
STIB805_Chr08 	1	761699 	761771 	Asn	GTT	0	0	73.2	
STIB805_Chr08 	2	822637 	822708 	Gln	TTG	0	0	80.2	
STIB805_Chr08 	3	822766 	822838 	Val	TAC	0	0	66.1	
STIB805_Chr08 	4	822909 	822981 	Lys	CTT	0	0	80.3	
STIB805_Chr08 	5	826296 	826367 	Gly	TCC	0	0	69.4	
STIB805_Chr08 	6	826455 	826536 	Leu	CAG	0	0	70.1	
STIB805_Chr08 	7	826789 	826860 	Arg	TCG	0	0	73.3	
STIB805_Chr08 	8	829554 	829626 	Lys	CTT	0	0	80.3	
STIB805_Chr08 	9	1021530	1021601	Cys	GCA	0	0	77.9	
STIB805_Chr08 	10	1554442	1554513	Arg	ACG	0	0	72.0	
STIB805_Chr08 	11	1858930	1859003	Ile	AAT	0	0	80.9	
STIB805_Chr08 	12	1859390	1859461	Gln	CTG	0	0	67.9	
STIB805_Chr08 	13	1859541	1859614	Ile	AAT	0	0	80.9	
STIB805_Chr08 	14	1859301	1859230	Gln	CTG	0	0	67.9	
STIB805_Chr08 	15	1859134	1859053	Leu	TAA	0	0	68.0	
STIB805_Chr08 	16	1021389	1021318	Cys	GCA	0	0	77.9	
STIB805_Chr08 	17	829790 	829719 	Arg	ACG	0	0	72.0	
STIB805_Chr08 	18	826691 	826620 	Thr	TGT	0	0	72.9	
STIB805_Chr08 	19	822542 	822469 	Ile	TAT	0	0	78.3	
STIB805_Chr08 	20	761931 	761860 	Trp	CCA	0	0	79.5	
STIB805_Chr09 	1	1956840	1956910	Gly	GCC	0	0	69.8	
STIB805_Chr09 	2	448163 	448076 	SeC	TCA	0	0	117.6	
STIB805_Chr09 	3	444328 	444241 	SeC	TCA	0	0	117.6	
STIB805_Chr10 	1	1870122	1870192	Gly	GCC	0	0	69.8	
STIB805_Chr10 	2	1906596	1906667	Pro	AGG	0	0	68.3	
STIB805_Chr10 	3	1906728	1906799	Thr	AGT	0	0	73.9	
STIB805_Chr10 	4	1910246	1910327	Leu	AAG	0	0	75.6	
STIB805_Chr10 	5	1910534	1910605	Pro	TGG	0	0	72.7	
STIB805_Chr10 	6	2626715	2626787	Asn	GTT	0	0	73.2	
STIB805_Chr10 	7	2627040	2627112	Arg	TCT	0	0	75.6	
STIB805_Chr10 	8	2627173	2627244	Lys	TTT	0	0	89.9	
STIB805_Chr10 	9	2627330	2627402	Arg	CCT	0	0	69.7	
STIB805_Chr10 	10	2626937	2626866	Ala	TGC	0	0	63.6	
STIB805_Chr10 	11	1910461	1910390	iMet	CAT	0	0	67.1	
STIB805_Chr11_01	1	1869361	1869431	Gly	CCC	0	0	73.2	
STIB805_Chr11_01	2	3444808	3444878	His	GTG	0	0	69.9	
STIB805_Chr11_01	3	3444940	3445011	Glu	TTC	0	0	65.8	
STIB805_Chr11_01	4	3445071	3445143	Phe	GAA	0	0	91.0	
STIB805_Chr11_01	5	3462881	3462953	Phe	GAA	0	0	91.0	
STIB805_Chr11_01	6	3462770	3462699	Arg	CCG	0	0	67.3	
STIB805_Chr11_01	7	3462632	3462561	Ala	CGC	0	0	73.8	
