Sequence     		tRNA 	Bounds	tRNA	Anti	Intron Bounds	Inf	      
Name         	tRNA #	Begin	End  	Type	Codon	Begin	End	Score	Note
--------     	------	-----	------	----	-----	-----	----	------	------
JMRU01000020 	1	19889	19969	Ser	GCT	0	0	79.3	
JMRU01000020 	2	20112	20185	Val	AAC	0	0	61.5	
JMRU01000020 	3	19754	19683	Asp	GTC	0	0	70.6	
JMRU01000025 	1	45482	45553	Arg	ACG	0	0	72.0	
JMRU01000041 	1	44771	44842	Arg	ACG	0	0	72.0	
JMRU01000055 	1	35959	35887	Phe	GAA	0	0	91.0	
JMRU01000074 	1	19339	19410	Pro	TGG	0	0	67.7	
JMRU01000074 	2	17122	17051	iMet	CAT	0	0	71.8	
JMRU01000074 	3	16908	16827	Leu	AAG	0	0	75.6	
JMRU01000101 	1	8078 	8149 	Ala	CGC	0	0	73.8	
JMRU01000139 	1	19866	19794	Lys	CTT	0	0	80.3	
JMRU01000141 	1	26735	26806	Thr	AGT	0	0	72.5	
JMRU01000141 	2	26628	26558	Gly	GCC	0	0	69.8	
JMRU01000166 	1	770  	841  	Glu	CTC	0	0	65.4	
JMRU01000212 	1	22982	23054	Asn	GTT	0	0	73.2	
JMRU01000237 	1	20615	20686	Thr	CGT	0	0	68.8	
JMRU01000237 	2	21020	21092	Asn	GTT	0	0	73.2	
JMRU01000237 	3	20886	20802	Tyr	GTA	20849	20838	72.3	
JMRU01000237 	4	20354	20283	Pro	CGG	0	0	71.1	
JMRU01000242 	1	133  	62   	Cys	GCA	0	0	75.8	
JMRU01000257 	1	10566	10495	Asp	GTC	0	0	70.6	
JMRU01000290 	1	333  	262  	Ala	CGC	0	0	64.0	
JMRU01000296 	1	4503 	4432 	Pro	CGG	0	0	71.1	
JMRU01000351 	1	14137	14066	Ala	CGC	0	0	73.8	
JMRU01000378 	1	15072	15143	Glu	TTC	0	0	65.3	
JMRU01000378 	2	15227	15299	Phe	GAA	0	0	91.0	
JMRU01000378 	3	14923	14851	Val	CAC	0	0	66.2	
JMRU01000411 	1	507  	578  	Gln	CTG	0	0	71.7	
JMRU01000458 	1	12799	12727	Asn	GTT	0	0	73.2	
JMRU01000458 	2	12723	12651	Asn	GTT	0	0	73.2	
JMRU01000458 	3	12529	12458	Trp	CCA	0	0	79.5	
JMRU01000458 	4	12375	12304	Trp	CCA	0	0	79.5	
JMRU01000549 	1	420  	350  	Gly	CCC	0	0	73.2	
JMRU01000549 	2	243  	162  	Leu	AAG	0	0	75.6	
JMRU01000552 	1	8490 	8410 	Ser	AGA	0	0	69.8	
JMRU01000590 	1	1442 	1513 	Thr	CGT	0	0	68.8	
JMRU01000620 	1	2326 	2254 	Val	CAC	0	0	66.2	
JMRU01000640 	1	3889 	3959 	Gly	GCC	0	0	69.8	
JMRU01000676 	1	7092 	7163 	Glu	CTC	0	0	59.1	
JMRU01000676 	2	7621 	7693 	Met	CAT	0	0	69.7	
JMRU01000676 	3	8069 	8142 	Val	AAC	0	0	61.9	
JMRU01000676 	4	7969 	7885 	Tyr	GTA	7932	7921	72.3	
JMRU01000696 	1	9170 	9241 	Arg	ACG	0	0	72.0	
JMRU01000706 	1	7757 	7838 	Leu	CAG	0	0	70.1	
JMRU01000724 	1	252  	323  	Arg	ACG	0	0	72.0	
JMRU01000724 	2	697  	769  	Lys	CTT	0	0	80.3	
JMRU01000724 	3	5494 	5565 	Gly	TCC	0	0	67.9	
JMRU01000724 	4	5701 	5782 	Leu	CAG	0	0	70.1	
JMRU01000724 	5	6039 	6110 	Arg	TCG	0	0	73.1	
JMRU01000724 	6	8623 	8551 	Val	TAC	0	0	71.7	
JMRU01000724 	7	8415 	8343 	Lys	CTT	0	0	80.3	
JMRU01000724 	8	5916 	5845 	Thr	TGT	0	0	73.8	
JMRU01000724 	9	569  	497  	Lys	CTT	0	0	80.0	
JMRU01000724 	10	492  	420  	Lys	CTT	0	0	80.3	
JMRU01000729 	1	234  	163  	iMet	CAT	0	0	71.8	
JMRU01000736 	1	5781 	5851 	Gly	GCC	0	0	69.8	
JMRU01000738 	1	8304 	8234 	Gly	GCC	0	0	69.8	
JMRU01000754 	1	3694 	3766 	Met	CAT	0	0	69.7	
JMRU01000758 	1	7147 	7218 	Cys	GCA	0	0	75.8	
JMRU01000811 	1	2384 	2313 	Glu	CTC	0	0	65.4	
JMRU01000855 	1	2989 	2908 	Leu	CAG	0	0	70.1	
JMRU01000873 	1	5553 	5625 	Phe	GAA	0	0	91.0	
JMRU01000873 	2	5456 	5385 	Arg	CCG	0	0	67.3	
JMRU01000873 	3	5291 	5220 	Ala	CGC	0	0	73.8	
JMRU01001200 	1	3543 	3614 	Gln	CTG	0	0	71.7	
JMRU01001200 	2	3684 	3765 	Leu	TAA	0	0	62.4	
JMRU01001200 	3	3928 	3855 	Ile	AAT	0	0	80.1	
JMRU01001200 	4	3399 	3328 	Gln	CTG	0	0	71.7	
JMRU01001200 	5	3209 	3136 	Ile	AAT	0	0	80.1	
JMRU01001260 	1	2068 	1981 	SeC	TCA	0	0	117.6	
JMRU01001260 	2	1119 	1032 	SeC	TCA	0	0	117.6	
JMRU01001263 	1	265  	194  	Thr	CGT	0	0	68.8	
JMRU01001387 	1	1    	85   	SeC	TCA	0	0	96.7	
JMRU01001387 	2	3404 	3491 	SeC	TCA	0	0	117.6	
JMRU01001523 	1	65   	145  	Ser	AGA	0	0	69.8	
JMRU01001523 	2	209  	280  	Thr	AGT	0	0	72.5	
JMRU01001587 	1	86   	6    	Ser	GCT	0	0	79.3	
JMRU01001642 	1	331  	260  	Arg	ACG	0	0	72.0	
JMRU01001707 	1	1464 	1392 	Ala	AGC	0	0	57.1	
JMRU01001714 	1	1200 	1271 	Ala	TGC	0	0	72.6	
JMRU01001714 	2	1103 	1031 	Arg	TCT	0	0	69.8	
JMRU01001714 	3	1017 	945  	Arg	TCT	0	0	69.8	
JMRU01001714 	4	866  	795  	Lys	TTT	0	0	80.4	
JMRU01001714 	5	715  	643  	Arg	CCT	0	0	73.7	
JMRU01001762 	1	810  	881  	Pro	AGG	0	0	68.3	
JMRU01001853 	1	463  	391  	Lys	CTT	0	0	80.3	
JMRU01002176 	1	358  	428  	His	GTG	0	0	69.9	
JMRU01002176 	2	675  	745  	His	GTG	0	0	69.9	
JMRU01002281 	1	737  	657  	Ser	CGA	0	0	70.2	
JMRU01002281 	2	562  	481  	Leu	CAA	0	0	74.6	
JMRU01002329 	1	820  	869  	Undet	NNN	0	0	23.9	
JMRU01002687 	1	376  	304  	Arg	TCT	0	0	69.8	
JMRU01002687 	2	233  	162  	Lys	TTT	0	0	80.4	
JMRU01002687 	3	82   	10   	Arg	CCT	0	0	73.7	
JMRU01002762 	1	98   	179  	Leu	CAA	0	0	74.6	
