Sequence     		tRNA   	Bounds 	tRNA	Anti	Intron Bounds	Inf	      
Name         	tRNA #	Begin  	End    	Type	Codon	Begin	End	Score	Note
--------     	------	-----  	------ 	----	-----	-----	----	------	------
NBCO01000001 	1	694140 	694211 	Glu	CTC	0	0	64.1	
NBCO01000001 	2	762637 	762724 	Tyr	GTA	762674	762688	72.2	
NBCO01000001 	3	763960 	764031 	Glu	CTC	0	0	64.1	
NBCO01000001 	4	764149 	764221 	Met	CAT	0	0	70.0	
NBCO01000001 	5	764549 	764629 	Leu	TAG	0	0	79.9	
NBCO01000001 	6	1372627	1372712	Tyr	GTA	1372664	1372676	72.3	
NBCO01000001 	7	1374299	1374370	Pro	CGG	0	0	71.1	
NBCO01000001 	8	1432943	1433015	Phe	GAA	0	0	88.4	
NBCO01000001 	9	1374016	1373945	Thr	CGT	0	0	68.8	
NBCO01000001 	10	1373733	1373652	Leu	CAA	0	0	77.5	
NBCO01000001 	11	1372492	1372420	Asn	GTT	0	0	73.2	
NBCO01000001 	12	766572 	766500 	Met	CAT	0	0	70.0	
NBCO01000001 	13	764395 	764315 	Ser	TGA	0	0	72.8	
NBCO01000001 	14	763817 	763745 	Met	CAT	0	0	70.0	
NBCO01000001 	15	762507 	762434 	Val	AAC	0	0	67.1	
NBCO01000002 	1	812455 	812526 	Thr	TGT	0	0	73.8	
NBCO01000002 	2	824249 	824178 	Gly	TCC	0	0	67.0	
NBCO01000002 	3	823802 	823731 	Lys	TTT	0	0	80.4	
NBCO01000002 	4	479216 	479136 	Ser	AGA	0	0	69.8	
NBCO01000002 	5	388643 	388573 	Gly	GCC	0	0	69.8	
NBCO01000002 	6	232813 	232726 	SeC	TCA	0	0	119.6	
NBCO01000002 	7	227979 	227892 	SeC	TCA	0	0	119.6	
NBCO01000002 	8	225786 	225699 	SeC	TCA	0	0	119.6	
NBCO01000003 	1	873269 	873341 	Ala	AGC	0	0	57.1	
NBCO01000003 	2	1113779	1113851	Val	CAC	0	0	65.0	
NBCO01000004 	1	726066 	725996 	Gly	GCC	0	0	69.8	
NBCO01000005 	1	736549 	736621 	Val	TAC	0	0	69.9	
NBCO01000005 	2	962597 	962668 	iMet	CAT	0	0	61.8	
NBCO01000005 	3	53755  	53684  	Cys	GCA	0	0	79.1	
NBCO01000005 	4	36280  	36209  	Gly	TCC	0	0	67.0	
NBCO01000008 	1	430806 	430877 	Ala	TGC	0	0	72.9	
NBCO01000008 	2	432523 	432595 	Arg	TCT	0	0	68.5	
NBCO01000008 	3	432728 	432799 	Lys	TTT	0	0	80.4	
NBCO01000008 	4	432874 	432946 	Arg	CCT	0	0	74.3	
NBCO01000008 	5	751570 	751642 	Asn	GTT	0	0	73.2	
NBCO01000008 	6	850345 	850273 	Asn	GTT	0	0	73.2	
NBCO01000008 	7	849432 	849360 	Asn	GTT	0	0	73.2	
NBCO01000008 	8	432391 	432320 	Ala	TGC	0	0	72.9	
NBCO01000009 	1	518665 	518745 	Ser	AGA	0	0	69.8	
NBCO01000009 	2	518842 	518913 	Thr	AGT	0	0	71.4	
NBCO01000009 	3	531163 	531083 	Ser	CGA	0	0	69.8	
NBCO01000009 	4	530964 	530883 	Leu	CAA	0	0	77.5	
NBCO01000010 	1	230085 	230156 	Arg	ACG	0	0	71.4	
NBCO01000010 	2	421071 	421152 	Leu	CAG	0	0	70.1	
NBCO01000011 	1	268294 	268223 	Thr	TGT	0	0	73.8	
NBCO01000012 	1	215494 	215423 	Glu	TTC	0	0	63.9	
NBCO01000012 	2	9164   	9083   	Leu	CAG	0	0	70.1	
NBCO01000013 	1	261786 	261858 	Asn	GTT	0	0	73.2	
NBCO01000013 	2	261964 	262035 	Trp	CCA	0	0	79.5	
NBCO01000013 	3	262428 	262499 	Trp	CCA	0	0	79.5	
NBCO01000013 	4	379403 	379484 	Leu	CAG	0	0	70.1	
NBCO01000013 	5	379816 	379887 	Arg	ACG	0	0	71.4	
NBCO01000013 	6	382142 	382213 	Thr	TGT	0	0	73.8	
NBCO01000013 	7	406382 	406455 	Ile	TAT	0	0	77.7	
NBCO01000013 	8	487683 	487611 	Lys	CTT	0	0	83.2	
NBCO01000013 	9	481701 	481629 	Lys	CTT	0	0	83.2	
NBCO01000013 	10	468562 	468490 	Lys	CTT	0	0	83.2	
NBCO01000013 	11	406300 	406229 	Gln	TTG	0	0	80.2	
NBCO01000013 	12	406154 	406082 	Val	TAC	0	0	66.8	
NBCO01000013 	13	406007 	405935 	Lys	CTT	0	0	83.2	
NBCO01000013 	14	404474 	404403 	Gly	TCC	0	0	71.5	
NBCO01000013 	15	404274 	404193 	Leu	CAG	0	0	70.1	
NBCO01000013 	16	260032 	259961 	Ala	CGC	0	0	73.8	
NBCO01000013 	17	208003 	207932 	Ala	CGC	0	0	73.8	
NBCO01000014 	1	212653 	212582 	Gln	CTG	0	0	72.8	
NBCO01000015 	1	371291 	371362 	Gln	CTG	0	0	72.8	
NBCO01000015 	2	371440 	371521 	Leu	TAA	0	0	62.5	
NBCO01000015 	3	371154 	371083 	Gln	CTG	0	0	72.8	
NBCO01000015 	4	370994 	370921 	Ile	AAT	0	0	80.9	
NBCO01000015 	5	205025 	204952 	Ile	AAT	0	0	83.2	
NBCO01000015 	6	176918 	176838 	Ser	GCT	0	0	81.8	
NBCO01000018 	1	233905 	233976 	Arg	TCG	0	0	65.6	
NBCO01000019 	1	509958 	510030 	Val	CAC	0	0	66.2	
NBCO01000019 	2	364493 	364421 	Ala	AGC	0	0	57.1	
NBCO01000020 	1	285751 	285831 	Ser	GCT	0	0	81.8	
NBCO01000020 	2	285912 	285985 	Val	AAC	0	0	61.9	
NBCO01000021 	1	326700 	326771 	Pro	CGG	0	0	71.1	
NBCO01000021 	2	461991 	462071 	Ser	TGA	0	0	72.8	
NBCO01000021 	3	462454 	462525 	Thr	AGT	0	0	73.9	
NBCO01000021 	4	478502 	478574 	Val	CAC	0	0	66.2	
NBCO01000021 	5	178793 	178720 	Ile	AAT	0	0	80.9	
NBCO01000021 	6	118901 	118815 	Tyr	GTA	118864	118851	72.3	
NBCO01000021 	7	73649  	73576  	Ile	AAT	0	0	80.1	
NBCO01000023 	1	8509   	8438   	Arg	ACG	0	0	71.4	
NBCO01000023 	2	2140   	2067   	Val	AAC	0	0	56.0	
NBCO01000024 	1	449569 	449640 	Glu	CTC	0	0	62.7	
NBCO01000024 	2	451232 	451146 	Tyr	GTA	451195	451182	72.3	
NBCO01000024 	3	181788 	181718 	Gly	CCC	0	0	73.2	
NBCO01000025 	1	103295 	103366 	Arg	ACG	0	0	71.4	
NBCO01000025 	2	104013 	104084 	Arg	ACG	0	0	71.4	
NBCO01000025 	3	164336 	164407 	Gly	TCC	0	0	67.0	
NBCO01000025 	4	198636 	198564 	Met	CAT	0	0	69.7	
NBCO01000026 	1	451187 	451115 	Phe	GAA	0	0	91.0	
NBCO01000026 	2	234997 	234925 	Val	CAC	0	0	66.2	
NBCO01000029 	1	284283 	284213 	His	GTG	0	0	69.9	
NBCO01000031 	1	120749 	120676 	Ile	AAT	0	0	80.9	
NBCO01000032 	1	174592 	174663 	Glu	CTC	0	0	64.1	
NBCO01000033 	1	321939 	322020 	Leu	TAA	0	0	47.3	
NBCO01000033 	2	212885 	212814 	Ala	TGC	0	0	72.9	
NBCO01000033 	3	207421 	207349 	Val	TAC	0	0	75.6	
NBCO01000033 	4	201476 	201404 	Val	TAC	0	0	69.9	
NBCO01000033 	5	180916 	180835 	Leu	AAG	0	0	75.6	
NBCO01000034 	1	152468 	152539 	iMet	CAT	0	0	71.8	
NBCO01000034 	2	152650 	152731 	Leu	AAG	0	0	75.6	
NBCO01000034 	3	152320 	152249 	Pro	TGG	0	0	73.4	
NBCO01000035 	1	21254  	21325  	Arg	ACG	0	0	71.4	
NBCO01000035 	2	153000 	153071 	Pro	AGG	0	0	68.3	
NBCO01000035 	3	159790 	159861 	Pro	AGG	0	0	68.3	
NBCO01000035 	4	303500 	303429 	Ala	CGC	0	0	73.8	
NBCO01000035 	5	161051 	160980 	Pro	AGG	0	0	68.3	
NBCO01000035 	6	160363 	160291 	Lys	CTT	0	0	83.2	
NBCO01000037 	1	234391 	234462 	Thr	AGT	0	0	73.9	
NBCO01000037 	2	234247 	234177 	Gly	GCC	0	0	69.8	
NBCO01000038 	1	194001 	194073 	Phe	GAA	0	0	88.4	
NBCO01000038 	2	194169 	194239 	Gly	GCC	0	0	69.8	
NBCO01000038 	3	217889 	217818 	Glu	TTC	0	0	63.9	
NBCO01000038 	4	217694 	217623 	Arg	ACG	0	0	71.4	
NBCO01000043 	1	45871  	45791  	Ser	AGA	0	0	69.8	
NBCO01000044 	1	173296 	173377 	Leu	AAG	0	0	75.6	
NBCO01000046 	1	2227   	2297   	His	GTG	0	0	69.9	
NBCO01000046 	2	2390   	2461   	Glu	TTC	0	0	65.1	
NBCO01000046 	3	2569   	2641   	Phe	GAA	0	0	88.4	
NBCO01000046 	4	14779  	14850  	Arg	CCG	0	0	67.3	
NBCO01000046 	5	14912  	14983  	Ala	CGC	0	0	73.8	
NBCO01000046 	6	14664  	14592  	Phe	GAA	0	0	88.4	
NBCO01000046 	7	2116   	2044   	Val	CAC	0	0	66.2	
NBCO01000061 	1	10181  	10252  	Gln	TTG	0	0	80.2	
NBCO01000061 	2	14241  	14313  	Phe	GAA	0	0	91.0	
NBCO01000061 	3	30838  	30910  	Phe	GAA	0	0	91.0	
NBCO01000061 	4	50169  	50241  	Phe	GAA	0	0	91.0	
NBCO01000063 	1	52775  	52856  	Leu	CAG	0	0	70.1	
NBCO01000071 	1	7014   	7086   	Phe	GAA	0	0	91.0	
NBCO01000071 	2	15565  	15637  	Phe	GAA	0	0	91.0	
NBCO01000071 	3	47055  	47127  	Phe	GAA	0	0	91.0	
NBCO01000072 	1	8092   	8021   	iMet	CAT	0	0	71.8	
NBCO01000075 	1	5355   	5426   	Glu	CTC	0	0	62.2	
NBCO01000078 	1	31770  	31699  	Gly	TCC	0	0	67.6	
NBCO01000087 	1	4543   	4615   	Phe	GAA	0	0	91.0	
NBCO01000087 	2	13079  	13151  	Phe	GAA	0	0	91.0	
NBCO01000087 	3	16494  	16566  	Phe	GAA	0	0	90.0	
NBCO01000088 	1	6476   	6547   	Glu	CTC	0	0	64.1	
NBCO01000091 	1	16688  	16759  	Cys	GCA	0	0	79.1	
NBCO01000091 	2	16903  	16832  	Pro	TGG	0	0	73.4	
NBCO01000093 	1	3896   	3977   	Leu	TAA	0	0	59.8	
NBCO01000101 	1	10923  	10994  	Glu	CTC	0	0	64.1	
NBCO01000101 	2	25602  	25531  	Arg	TCG	0	0	73.1	
NBCO01000113 	1	9480   	9551   	Glu	TTC	0	0	65.1	
NBCO01000113 	2	9925   	9996   	Gln	CTG	0	0	72.8	
